[ 2016-06-17T00:09:35+08:00 ] ::1 /AppShopService/index.php/Home/index/getCommentData
INFO: [ app_init ] --START--
INFO: Run Behavior\BuildLiteBehavior [ RunTime:0.000182s ]
INFO: [ app_init ] --END-- [ RunTime:0.001234s ]
INFO: [ app_begin ] --START--
INFO: Run Behavior\ReadHtmlCacheBehavior [ RunTime:0.000582s ]
INFO: [ app_begin ] --END-- [ RunTime:0.000642s ]
NOTIC: [8192] mysql_connect(): The mysql extension is deprecated and will be removed in the future: use mysqli or PDO instead /Volumes/FILE/Web/AppShopService/ThinkPHP/Library/Think/Db/Driver/Mysql.class.php 第 52 行.
SQL: SHOW COLUMNS FROM `comment` [ RunTime:0.016388s ]
SQL: SELECT * FROM `comment` LEFT JOIN product ON comment.pid = product.id LEFT JOIN user ON comment.uid = user.id   [ RunTime:0.009626s ]

[ 2016-06-17T00:12:11+08:00 ] ::1 /AppShopService/index.php/Home/index/getCommentData
INFO: [ app_init ] --START--
INFO: Run Behavior\BuildLiteBehavior [ RunTime:0.000023s ]
INFO: [ app_init ] --END-- [ RunTime:0.000381s ]
INFO: [ app_begin ] --START--
INFO: Run Behavior\ReadHtmlCacheBehavior [ RunTime:0.000414s ]
INFO: [ app_begin ] --END-- [ RunTime:0.000470s ]
NOTIC: [8192] mysql_connect(): The mysql extension is deprecated and will be removed in the future: use mysqli or PDO instead /Volumes/FILE/Web/AppShopService/ThinkPHP/Library/Think/Db/Driver/Mysql.class.php 第 52 行.
SQL: SHOW COLUMNS FROM `comment` [ RunTime:0.000640s ]
SQL: SELECT * FROM `comment` LEFT JOIN product ON comment.pid = product.id LEFT JOIN user ON comment.uid = user.id   [ RunTime:0.000641s ]
SQL: SHOW COLUMNS FROM `comment` [ RunTime:0.000426s ]
SQL: SELECT `id` FROM `comment`  [ RunTime:0.000200s ]
NOTIC: [8] Undefined index: username /Volumes/FILE/Web/AppShopService/Application/Home/Controller/IndexController.class.php 第 274 行.
NOTIC: [8] Undefined index: username /Volumes/FILE/Web/AppShopService/Application/Home/Controller/IndexController.class.php 第 274 行.
NOTIC: [8] Undefined index: username /Volumes/FILE/Web/AppShopService/Application/Home/Controller/IndexController.class.php 第 274 行.
NOTIC: [8] Undefined index: username /Volumes/FILE/Web/AppShopService/Application/Home/Controller/IndexController.class.php 第 274 行.
INFO: [ app_end ] --START--
INFO: Run Behavior\ShowPageTraceBehavior [ RunTime:0.001708s ]
INFO: [ app_end ] --END-- [ RunTime:0.001757s ]

[ 2016-06-17T11:59:29+08:00 ] ::1 /AppShopService/index.php/Home/index/getCommentData
INFO: [ app_init ] --START--
INFO: Run Behavior\BuildLiteBehavior [ RunTime:0.000070s ]
INFO: [ app_init ] --END-- [ RunTime:0.001022s ]
INFO: [ app_begin ] --START--
INFO: Run Behavior\ReadHtmlCacheBehavior [ RunTime:0.012090s ]
INFO: [ app_begin ] --END-- [ RunTime:0.012208s ]
NOTIC: [8192] mysql_connect(): The mysql extension is deprecated and will be removed in the future: use mysqli or PDO instead /Volumes/FILE/Web/AppShopService/ThinkPHP/Library/Think/Db/Driver/Mysql.class.php 第 52 行.
NOTIC: [2] mysql_connect(): Connection refused /Volumes/FILE/Web/AppShopService/ThinkPHP/Library/Think/Db/Driver/Mysql.class.php 第 52 行.
ERR: Connection refused

[ 2016-06-17T12:18:29+08:00 ] ::1 /AppShopService/index.php/Home/index/getCommentData
INFO: [ app_init ] --START--
INFO: Run Behavior\BuildLiteBehavior [ RunTime:0.000018s ]
INFO: [ app_init ] --END-- [ RunTime:0.000362s ]
INFO: [ app_begin ] --START--
INFO: Run Behavior\ReadHtmlCacheBehavior [ RunTime:0.000374s ]
INFO: [ app_begin ] --END-- [ RunTime:0.000420s ]
NOTIC: [8192] mysql_connect(): The mysql extension is deprecated and will be removed in the future: use mysqli or PDO instead /Volumes/FILE/Web/AppShopService/ThinkPHP/Library/Think/Db/Driver/Mysql.class.php 第 52 行.
SQL: SHOW COLUMNS FROM `comment` [ RunTime:0.008991s ]
SQL: SELECT * FROM `comment` LEFT JOIN product ON comment.pid = product.id LEFT JOIN user ON comment.uid = user.id   [ RunTime:0.004985s ]
SQL: SHOW COLUMNS FROM `comment` [ RunTime:0.000447s ]
SQL: SELECT `id` FROM `comment`  [ RunTime:0.000214s ]
NOTIC: [8] Undefined index: username /Volumes/FILE/Web/AppShopService/Application/Home/Controller/IndexController.class.php 第 274 行.
NOTIC: [8] Undefined index: username /Volumes/FILE/Web/AppShopService/Application/Home/Controller/IndexController.class.php 第 274 行.
NOTIC: [8] Undefined index: username /Volumes/FILE/Web/AppShopService/Application/Home/Controller/IndexController.class.php 第 274 行.
NOTIC: [8] Undefined index: username /Volumes/FILE/Web/AppShopService/Application/Home/Controller/IndexController.class.php 第 274 行.
INFO: [ app_end ] --START--
INFO: Run Behavior\ShowPageTraceBehavior [ RunTime:0.386866s ]
INFO: [ app_end ] --END-- [ RunTime:0.386932s ]

[ 2016-06-17T12:35:23+08:00 ] ::1 /AppShopService/index.php/Home/index/getCommentData
INFO: [ app_init ] --START--
INFO: Run Behavior\BuildLiteBehavior [ RunTime:0.000012s ]
INFO: [ app_init ] --END-- [ RunTime:0.000252s ]
INFO: [ app_begin ] --START--
INFO: Run Behavior\ReadHtmlCacheBehavior [ RunTime:0.000361s ]
INFO: [ app_begin ] --END-- [ RunTime:0.000407s ]
NOTIC: [8192] mysql_connect(): The mysql extension is deprecated and will be removed in the future: use mysqli or PDO instead /Volumes/FILE/Web/AppShopService/ThinkPHP/Library/Think/Db/Driver/Mysql.class.php 第 52 行.
SQL: SHOW COLUMNS FROM `comment` [ RunTime:0.000640s ]
SQL: SELECT * FROM `comment` LEFT JOIN product ON comment.pid = product.id LEFT JOIN user ON comment.uid = user.id   [ RunTime:0.000624s ]
SQL: SHOW COLUMNS FROM `comment` [ RunTime:0.000432s ]
SQL: SELECT `id` FROM `comment`  [ RunTime:0.000211s ]
NOTIC: [8] Undefined index: username /Volumes/FILE/Web/AppShopService/Application/Home/Controller/IndexController.class.php 第 274 行.
NOTIC: [8] Undefined index: username /Volumes/FILE/Web/AppShopService/Application/Home/Controller/IndexController.class.php 第 274 行.
NOTIC: [8] Undefined index: username /Volumes/FILE/Web/AppShopService/Application/Home/Controller/IndexController.class.php 第 274 行.
NOTIC: [8] Undefined index: username /Volumes/FILE/Web/AppShopService/Application/Home/Controller/IndexController.class.php 第 274 行.
INFO: [ app_end ] --START--
INFO: Run Behavior\ShowPageTraceBehavior [ RunTime:0.000485s ]
INFO: [ app_end ] --END-- [ RunTime:0.000533s ]

[ 2016-06-17T12:38:02+08:00 ] ::1 /AppShopService/index.php/Home/index/getCommentData
INFO: [ app_init ] --START--
INFO: Run Behavior\BuildLiteBehavior [ RunTime:0.000065s ]
INFO: [ app_init ] --END-- [ RunTime:0.000905s ]
INFO: [ app_begin ] --START--
INFO: Run Behavior\ReadHtmlCacheBehavior [ RunTime:0.013125s ]
INFO: [ app_begin ] --END-- [ RunTime:0.013235s ]
NOTIC: [8192] mysql_connect(): The mysql extension is deprecated and will be removed in the future: use mysqli or PDO instead /Volumes/FILE/Web/AppShopService/ThinkPHP/Library/Think/Db/Driver/Mysql.class.php 第 52 行.
NOTIC: [2] mysql_connect(): Connection refused /Volumes/FILE/Web/AppShopService/ThinkPHP/Library/Think/Db/Driver/Mysql.class.php 第 52 行.
ERR: Connection refused

[ 2016-06-17T12:39:09+08:00 ] ::1 /AppShopService/index.php/Home/index/getCommentData
INFO: [ app_init ] --START--
INFO: Run Behavior\BuildLiteBehavior [ RunTime:0.000020s ]
INFO: [ app_init ] --END-- [ RunTime:0.000335s ]
INFO: [ app_begin ] --START--
INFO: Run Behavior\ReadHtmlCacheBehavior [ RunTime:0.000432s ]
INFO: [ app_begin ] --END-- [ RunTime:0.000484s ]
NOTIC: [8192] mysql_connect(): The mysql extension is deprecated and will be removed in the future: use mysqli or PDO instead /Volumes/FILE/Web/AppShopService/ThinkPHP/Library/Think/Db/Driver/Mysql.class.php 第 52 行.
SQL: SHOW COLUMNS FROM `comment` [ RunTime:0.009030s ]
SQL: SELECT * FROM `comment` LEFT JOIN product ON comment.pid = product.id LEFT JOIN user ON comment.uid = user.id   [ RunTime:0.005539s ]
SQL: SHOW COLUMNS FROM `comment` [ RunTime:0.000486s ]
SQL: SELECT `id` FROM `comment`  [ RunTime:0.000265s ]
NOTIC: [8] Undefined index: username /Volumes/FILE/Web/AppShopService/Application/Home/Controller/IndexController.class.php 第 274 行.
NOTIC: [8] Undefined index: username /Volumes/FILE/Web/AppShopService/Application/Home/Controller/IndexController.class.php 第 274 行.
NOTIC: [8] Undefined index: username /Volumes/FILE/Web/AppShopService/Application/Home/Controller/IndexController.class.php 第 274 行.
NOTIC: [8] Undefined index: username /Volumes/FILE/Web/AppShopService/Application/Home/Controller/IndexController.class.php 第 274 行.
INFO: [ app_end ] --START--
INFO: Run Behavior\ShowPageTraceBehavior [ RunTime:0.015791s ]
INFO: [ app_end ] --END-- [ RunTime:0.015855s ]

[ 2016-06-17T21:29:54+08:00 ] ::1 /AppShopService/index.php/Home/index/getCommentData
INFO: [ app_init ] --START--
INFO: Run Behavior\BuildLiteBehavior [ RunTime:0.000045s ]
INFO: [ app_init ] --END-- [ RunTime:0.088145s ]
INFO: [ app_begin ] --START--
INFO: Run Behavior\ReadHtmlCacheBehavior [ RunTime:0.003062s ]
INFO: [ app_begin ] --END-- [ RunTime:0.003182s ]
NOTIC: [8192] mysql_connect(): The mysql extension is deprecated and will be removed in the future: use mysqli or PDO instead /Volumes/FILE/Web/AppShopService/ThinkPHP/Library/Think/Db/Driver/Mysql.class.php 第 52 行.
NOTIC: [2] mysql_connect(): Connection refused /Volumes/FILE/Web/AppShopService/ThinkPHP/Library/Think/Db/Driver/Mysql.class.php 第 52 行.
ERR: Connection refused

[ 2016-06-17T21:32:02+08:00 ] ::1 /AppShopService/index.php/Home/index/getCommentData
INFO: [ app_init ] --START--
INFO: Run Behavior\BuildLiteBehavior [ RunTime:0.000022s ]
INFO: [ app_init ] --END-- [ RunTime:0.000359s ]
INFO: [ app_begin ] --START--
INFO: Run Behavior\ReadHtmlCacheBehavior [ RunTime:0.000421s ]
INFO: [ app_begin ] --END-- [ RunTime:0.000479s ]
NOTIC: [8192] mysql_connect(): The mysql extension is deprecated and will be removed in the future: use mysqli or PDO instead /Volumes/FILE/Web/AppShopService/ThinkPHP/Library/Think/Db/Driver/Mysql.class.php 第 52 行.
SQL: SHOW COLUMNS FROM `comment` [ RunTime:0.009044s ]
SQL: SELECT * FROM `comment` LEFT JOIN product ON comment.pid = product.id LEFT JOIN user ON comment.uid = user.id   [ RunTime:0.005384s ]
SQL: SHOW COLUMNS FROM `comment` [ RunTime:0.000589s ]
SQL: SELECT `id` FROM `comment`  [ RunTime:0.000307s ]
NOTIC: [8] Undefined index: username /Volumes/FILE/Web/AppShopService/Application/Home/Controller/IndexController.class.php 第 274 行.
NOTIC: [8] Undefined index: username /Volumes/FILE/Web/AppShopService/Application/Home/Controller/IndexController.class.php 第 274 行.
NOTIC: [8] Undefined index: username /Volumes/FILE/Web/AppShopService/Application/Home/Controller/IndexController.class.php 第 274 行.
NOTIC: [8] Undefined index: username /Volumes/FILE/Web/AppShopService/Application/Home/Controller/IndexController.class.php 第 274 行.
INFO: [ app_end ] --START--
INFO: Run Behavior\ShowPageTraceBehavior [ RunTime:0.016277s ]
INFO: [ app_end ] --END-- [ RunTime:0.016355s ]

