[ 2016-06-21T11:47:45+08:00 ] ::1 /AppShopService/index.php/Home/index/uploadPicture
INFO: [ app_init ] --START--
INFO: Run Behavior\BuildLiteBehavior [ RunTime:0.000046s ]
INFO: [ app_init ] --END-- [ RunTime:0.032650s ]
INFO: [ app_begin ] --START--
INFO: Run Behavior\ReadHtmlCacheBehavior [ RunTime:0.010515s ]
INFO: [ app_begin ] --END-- [ RunTime:0.010600s ]
NOTIC: [8] Undefined index: image /Volumes/FILE/Web/AppShopService/Application/Home/Controller/IndexController.class.php 第 181 行.
NOTIC: [8] Undefined index: image /Volumes/FILE/Web/AppShopService/Application/Home/Controller/IndexController.class.php 第 182 行.
INFO: [ app_end ] --START--
INFO: Run Behavior\ShowPageTraceBehavior [ RunTime:0.010225s ]
INFO: [ app_end ] --END-- [ RunTime:0.010290s ]

[ 2016-06-21T17:43:10+08:00 ] ::1 /AppShopService/index.php/Home/index/uploadPicture
INFO: [ app_init ] --START--
INFO: Run Behavior\BuildLiteBehavior [ RunTime:0.000045s ]
INFO: [ app_init ] --END-- [ RunTime:0.009321s ]
INFO: [ app_begin ] --START--
INFO: Run Behavior\ReadHtmlCacheBehavior [ RunTime:0.025166s ]
INFO: [ app_begin ] --END-- [ RunTime:0.025263s ]
NOTIC: [8] Undefined index: image /Volumes/FILE/Web/AppShopService/Application/Home/Controller/IndexController.class.php 第 181 行.
NOTIC: [8] Undefined index: image /Volumes/FILE/Web/AppShopService/Application/Home/Controller/IndexController.class.php 第 182 行.
INFO: [ app_end ] --START--
INFO: Run Behavior\ShowPageTraceBehavior [ RunTime:0.012497s ]
INFO: [ app_end ] --END-- [ RunTime:0.012569s ]

[ 2016-06-21T17:44:08+08:00 ] ::1 /AppShopService/index.php/Home/index/uploadPicture
INFO: [ app_init ] --START--
INFO: Run Behavior\BuildLiteBehavior [ RunTime:0.000018s ]
INFO: [ app_init ] --END-- [ RunTime:0.000327s ]
INFO: [ app_begin ] --START--
INFO: Run Behavior\ReadHtmlCacheBehavior [ RunTime:0.000365s ]
INFO: [ app_begin ] --END-- [ RunTime:0.000412s ]
NOTIC: [8] Undefined index: image /Volumes/FILE/Web/AppShopService/Application/Home/Controller/IndexController.class.php 第 181 行.
NOTIC: [8] Undefined index: image /Volumes/FILE/Web/AppShopService/Application/Home/Controller/IndexController.class.php 第 182 行.
INFO: [ app_end ] --START--
INFO: Run Behavior\ShowPageTraceBehavior [ RunTime:0.000377s ]
INFO: [ app_end ] --END-- [ RunTime:0.000417s ]

[ 2016-06-21T21:32:51+08:00 ] ::1 /AppShopService/index.php/Home/index/getAllOrderData
INFO: [ app_init ] --START--
INFO: Run Behavior\BuildLiteBehavior [ RunTime:0.000022s ]
INFO: [ app_init ] --END-- [ RunTime:0.014512s ]
INFO: [ app_begin ] --START--
INFO: Run Behavior\ReadHtmlCacheBehavior [ RunTime:0.000549s ]
INFO: [ app_begin ] --END-- [ RunTime:0.000603s ]
NOTIC: [8192] mysql_connect(): The mysql extension is deprecated and will be removed in the future: use mysqli or PDO instead /Volumes/FILE/Web/AppShopService/ThinkPHP/Library/Think/Db/Driver/Mysql.class.php 第 52 行.
SQL: SHOW COLUMNS FROM `buy` [ RunTime:0.000683s ]
SQL: SELECT * FROM `buy` INNER JOIN  user on buy.uid = user.id INNER JOIN product on buy.pid = product.id  WHERE ( uid = 31 )  [ RunTime:0.000996s ]
SQL: SHOW COLUMNS FROM `buy` [ RunTime:0.000532s ]
SQL: SELECT `id` FROM `buy`  [ RunTime:0.000262s ]
NOTIC: [8] Undefined offset: 2 /Volumes/FILE/Web/AppShopService/Application/Home/Controller/IndexController.class.php 第 209 行.
NOTIC: [8] Undefined offset: 2 /Volumes/FILE/Web/AppShopService/Application/Home/Controller/IndexController.class.php 第 210 行.
NOTIC: [8] Undefined offset: 2 /Volumes/FILE/Web/AppShopService/Application/Home/Controller/IndexController.class.php 第 211 行.
NOTIC: [8] Undefined offset: 2 /Volumes/FILE/Web/AppShopService/Application/Home/Controller/IndexController.class.php 第 212 行.
NOTIC: [8] Undefined offset: 2 /Volumes/FILE/Web/AppShopService/Application/Home/Controller/IndexController.class.php 第 213 行.
NOTIC: [8] Undefined offset: 2 /Volumes/FILE/Web/AppShopService/Application/Home/Controller/IndexController.class.php 第 214 行.
NOTIC: [8] Undefined offset: 2 /Volumes/FILE/Web/AppShopService/Application/Home/Controller/IndexController.class.php 第 215 行.
NOTIC: [8] Undefined offset: 2 /Volumes/FILE/Web/AppShopService/Application/Home/Controller/IndexController.class.php 第 216 行.
NOTIC: [8] Undefined offset: 2 /Volumes/FILE/Web/AppShopService/Application/Home/Controller/IndexController.class.php 第 217 行.
NOTIC: [8] Undefined offset: 2 /Volumes/FILE/Web/AppShopService/Application/Home/Controller/IndexController.class.php 第 218 行.
NOTIC: [8] Undefined offset: 2 /Volumes/FILE/Web/AppShopService/Application/Home/Controller/IndexController.class.php 第 219 行.
NOTIC: [8] Undefined offset: 2 /Volumes/FILE/Web/AppShopService/Application/Home/Controller/IndexController.class.php 第 220 行.
NOTIC: [8] Undefined offset: 2 /Volumes/FILE/Web/AppShopService/Application/Home/Controller/IndexController.class.php 第 221 行.
NOTIC: [8] Undefined offset: 2 /Volumes/FILE/Web/AppShopService/Application/Home/Controller/IndexController.class.php 第 222 行.
NOTIC: [8] Undefined offset: 3 /Volumes/FILE/Web/AppShopService/Application/Home/Controller/IndexController.class.php 第 209 行.
NOTIC: [8] Undefined offset: 3 /Volumes/FILE/Web/AppShopService/Application/Home/Controller/IndexController.class.php 第 210 行.
NOTIC: [8] Undefined offset: 3 /Volumes/FILE/Web/AppShopService/Application/Home/Controller/IndexController.class.php 第 211 行.
NOTIC: [8] Undefined offset: 3 /Volumes/FILE/Web/AppShopService/Application/Home/Controller/IndexController.class.php 第 212 行.
NOTIC: [8] Undefined offset: 3 /Volumes/FILE/Web/AppShopService/Application/Home/Controller/IndexController.class.php 第 213 行.
NOTIC: [8] Undefined offset: 3 /Volumes/FILE/Web/AppShopService/Application/Home/Controller/IndexController.class.php 第 214 行.
NOTIC: [8] Undefined offset: 3 /Volumes/FILE/Web/AppShopService/Application/Home/Controller/IndexController.class.php 第 215 行.
NOTIC: [8] Undefined offset: 3 /Volumes/FILE/Web/AppShopService/Application/Home/Controller/IndexController.class.php 第 216 行.
NOTIC: [8] Undefined offset: 3 /Volumes/FILE/Web/AppShopService/Application/Home/Controller/IndexController.class.php 第 217 行.
NOTIC: [8] Undefined offset: 3 /Volumes/FILE/Web/AppShopService/Application/Home/Controller/IndexController.class.php 第 218 行.
NOTIC: [8] Undefined offset: 3 /Volumes/FILE/Web/AppShopService/Application/Home/Controller/IndexController.class.php 第 219 行.
NOTIC: [8] Undefined offset: 3 /Volumes/FILE/Web/AppShopService/Application/Home/Controller/IndexController.class.php 第 220 行.
NOTIC: [8] Undefined offset: 3 /Volumes/FILE/Web/AppShopService/Application/Home/Controller/IndexController.class.php 第 221 行.
NOTIC: [8] Undefined offset: 3 /Volumes/FILE/Web/AppShopService/Application/Home/Controller/IndexController.class.php 第 222 行.
INFO: [ app_end ] --START--
INFO: Run Behavior\ShowPageTraceBehavior [ RunTime:0.000660s ]
INFO: [ app_end ] --END-- [ RunTime:0.000718s ]

[ 2016-06-21T21:32:54+08:00 ] ::1 /AppShopService/index.php/Home/index/getAllOrderData
INFO: [ app_init ] --START--
INFO: Run Behavior\BuildLiteBehavior [ RunTime:0.000014s ]
INFO: [ app_init ] --END-- [ RunTime:0.000380s ]
INFO: [ app_begin ] --START--
INFO: Run Behavior\ReadHtmlCacheBehavior [ RunTime:0.000330s ]
INFO: [ app_begin ] --END-- [ RunTime:0.000371s ]
NOTIC: [8192] mysql_connect(): The mysql extension is deprecated and will be removed in the future: use mysqli or PDO instead /Volumes/FILE/Web/AppShopService/ThinkPHP/Library/Think/Db/Driver/Mysql.class.php 第 52 行.
SQL: SHOW COLUMNS FROM `buy` [ RunTime:0.000764s ]
SQL: SELECT * FROM `buy` INNER JOIN  user on buy.uid = user.id INNER JOIN product on buy.pid = product.id  WHERE ( uid = 31 )  [ RunTime:0.000727s ]
SQL: SHOW COLUMNS FROM `buy` [ RunTime:0.000515s ]
SQL: SELECT `id` FROM `buy`  [ RunTime:0.000225s ]
NOTIC: [8] Undefined offset: 2 /Volumes/FILE/Web/AppShopService/Application/Home/Controller/IndexController.class.php 第 209 行.
NOTIC: [8] Undefined offset: 2 /Volumes/FILE/Web/AppShopService/Application/Home/Controller/IndexController.class.php 第 210 行.
NOTIC: [8] Undefined offset: 2 /Volumes/FILE/Web/AppShopService/Application/Home/Controller/IndexController.class.php 第 211 行.
NOTIC: [8] Undefined offset: 2 /Volumes/FILE/Web/AppShopService/Application/Home/Controller/IndexController.class.php 第 212 行.
NOTIC: [8] Undefined offset: 2 /Volumes/FILE/Web/AppShopService/Application/Home/Controller/IndexController.class.php 第 213 行.
NOTIC: [8] Undefined offset: 2 /Volumes/FILE/Web/AppShopService/Application/Home/Controller/IndexController.class.php 第 214 行.
NOTIC: [8] Undefined offset: 2 /Volumes/FILE/Web/AppShopService/Application/Home/Controller/IndexController.class.php 第 215 行.
NOTIC: [8] Undefined offset: 2 /Volumes/FILE/Web/AppShopService/Application/Home/Controller/IndexController.class.php 第 216 行.
NOTIC: [8] Undefined offset: 2 /Volumes/FILE/Web/AppShopService/Application/Home/Controller/IndexController.class.php 第 217 行.
NOTIC: [8] Undefined offset: 2 /Volumes/FILE/Web/AppShopService/Application/Home/Controller/IndexController.class.php 第 218 行.
NOTIC: [8] Undefined offset: 2 /Volumes/FILE/Web/AppShopService/Application/Home/Controller/IndexController.class.php 第 219 行.
NOTIC: [8] Undefined offset: 2 /Volumes/FILE/Web/AppShopService/Application/Home/Controller/IndexController.class.php 第 220 行.
NOTIC: [8] Undefined offset: 2 /Volumes/FILE/Web/AppShopService/Application/Home/Controller/IndexController.class.php 第 221 行.
NOTIC: [8] Undefined offset: 2 /Volumes/FILE/Web/AppShopService/Application/Home/Controller/IndexController.class.php 第 222 行.
NOTIC: [8] Undefined offset: 3 /Volumes/FILE/Web/AppShopService/Application/Home/Controller/IndexController.class.php 第 209 行.
NOTIC: [8] Undefined offset: 3 /Volumes/FILE/Web/AppShopService/Application/Home/Controller/IndexController.class.php 第 210 行.
NOTIC: [8] Undefined offset: 3 /Volumes/FILE/Web/AppShopService/Application/Home/Controller/IndexController.class.php 第 211 行.
NOTIC: [8] Undefined offset: 3 /Volumes/FILE/Web/AppShopService/Application/Home/Controller/IndexController.class.php 第 212 行.
NOTIC: [8] Undefined offset: 3 /Volumes/FILE/Web/AppShopService/Application/Home/Controller/IndexController.class.php 第 213 行.
NOTIC: [8] Undefined offset: 3 /Volumes/FILE/Web/AppShopService/Application/Home/Controller/IndexController.class.php 第 214 行.
NOTIC: [8] Undefined offset: 3 /Volumes/FILE/Web/AppShopService/Application/Home/Controller/IndexController.class.php 第 215 行.
NOTIC: [8] Undefined offset: 3 /Volumes/FILE/Web/AppShopService/Application/Home/Controller/IndexController.class.php 第 216 行.
NOTIC: [8] Undefined offset: 3 /Volumes/FILE/Web/AppShopService/Application/Home/Controller/IndexController.class.php 第 217 行.
NOTIC: [8] Undefined offset: 3 /Volumes/FILE/Web/AppShopService/Application/Home/Controller/IndexController.class.php 第 218 行.
NOTIC: [8] Undefined offset: 3 /Volumes/FILE/Web/AppShopService/Application/Home/Controller/IndexController.class.php 第 219 行.
NOTIC: [8] Undefined offset: 3 /Volumes/FILE/Web/AppShopService/Application/Home/Controller/IndexController.class.php 第 220 行.
NOTIC: [8] Undefined offset: 3 /Volumes/FILE/Web/AppShopService/Application/Home/Controller/IndexController.class.php 第 221 行.
NOTIC: [8] Undefined offset: 3 /Volumes/FILE/Web/AppShopService/Application/Home/Controller/IndexController.class.php 第 222 行.
INFO: [ app_end ] --START--
INFO: Run Behavior\ShowPageTraceBehavior [ RunTime:0.000576s ]
INFO: [ app_end ] --END-- [ RunTime:0.000639s ]

[ 2016-06-21T21:34:45+08:00 ] ::1 /AppShopService/index.php/Home/index/getAllOrderData
INFO: [ app_init ] --START--
INFO: Run Behavior\BuildLiteBehavior [ RunTime:0.000039s ]
INFO: [ app_init ] --END-- [ RunTime:0.010930s ]
INFO: [ app_begin ] --START--
INFO: Run Behavior\ReadHtmlCacheBehavior [ RunTime:0.000564s ]
INFO: [ app_begin ] --END-- [ RunTime:0.000620s ]
NOTIC: [8192] mysql_connect(): The mysql extension is deprecated and will be removed in the future: use mysqli or PDO instead /Volumes/FILE/Web/AppShopService/ThinkPHP/Library/Think/Db/Driver/Mysql.class.php 第 52 行.
SQL: SHOW COLUMNS FROM `buy` [ RunTime:0.000602s ]
SQL: SELECT * FROM `buy` INNER JOIN  user on buy.uid = user.id INNER JOIN product on buy.pid = product.id  WHERE ( user.id = 31 )  [ RunTime:0.000544s ]
SQL: SHOW COLUMNS FROM `buy` [ RunTime:0.000391s ]
SQL: SELECT `id` FROM `buy`  [ RunTime:0.000174s ]
NOTIC: [8] Undefined offset: 2 /Volumes/FILE/Web/AppShopService/Application/Home/Controller/IndexController.class.php 第 209 行.
NOTIC: [8] Undefined offset: 2 /Volumes/FILE/Web/AppShopService/Application/Home/Controller/IndexController.class.php 第 210 行.
NOTIC: [8] Undefined offset: 2 /Volumes/FILE/Web/AppShopService/Application/Home/Controller/IndexController.class.php 第 211 行.
NOTIC: [8] Undefined offset: 2 /Volumes/FILE/Web/AppShopService/Application/Home/Controller/IndexController.class.php 第 212 行.
NOTIC: [8] Undefined offset: 2 /Volumes/FILE/Web/AppShopService/Application/Home/Controller/IndexController.class.php 第 213 行.
NOTIC: [8] Undefined offset: 2 /Volumes/FILE/Web/AppShopService/Application/Home/Controller/IndexController.class.php 第 214 行.
NOTIC: [8] Undefined offset: 2 /Volumes/FILE/Web/AppShopService/Application/Home/Controller/IndexController.class.php 第 215 行.
NOTIC: [8] Undefined offset: 2 /Volumes/FILE/Web/AppShopService/Application/Home/Controller/IndexController.class.php 第 216 行.
NOTIC: [8] Undefined offset: 2 /Volumes/FILE/Web/AppShopService/Application/Home/Controller/IndexController.class.php 第 217 行.
NOTIC: [8] Undefined offset: 2 /Volumes/FILE/Web/AppShopService/Application/Home/Controller/IndexController.class.php 第 218 行.
NOTIC: [8] Undefined offset: 2 /Volumes/FILE/Web/AppShopService/Application/Home/Controller/IndexController.class.php 第 219 行.
NOTIC: [8] Undefined offset: 2 /Volumes/FILE/Web/AppShopService/Application/Home/Controller/IndexController.class.php 第 220 行.
NOTIC: [8] Undefined offset: 2 /Volumes/FILE/Web/AppShopService/Application/Home/Controller/IndexController.class.php 第 221 行.
NOTIC: [8] Undefined offset: 2 /Volumes/FILE/Web/AppShopService/Application/Home/Controller/IndexController.class.php 第 222 行.
NOTIC: [8] Undefined offset: 3 /Volumes/FILE/Web/AppShopService/Application/Home/Controller/IndexController.class.php 第 209 行.
NOTIC: [8] Undefined offset: 3 /Volumes/FILE/Web/AppShopService/Application/Home/Controller/IndexController.class.php 第 210 行.
NOTIC: [8] Undefined offset: 3 /Volumes/FILE/Web/AppShopService/Application/Home/Controller/IndexController.class.php 第 211 行.
NOTIC: [8] Undefined offset: 3 /Volumes/FILE/Web/AppShopService/Application/Home/Controller/IndexController.class.php 第 212 行.
NOTIC: [8] Undefined offset: 3 /Volumes/FILE/Web/AppShopService/Application/Home/Controller/IndexController.class.php 第 213 行.
NOTIC: [8] Undefined offset: 3 /Volumes/FILE/Web/AppShopService/Application/Home/Controller/IndexController.class.php 第 214 行.
NOTIC: [8] Undefined offset: 3 /Volumes/FILE/Web/AppShopService/Application/Home/Controller/IndexController.class.php 第 215 行.
NOTIC: [8] Undefined offset: 3 /Volumes/FILE/Web/AppShopService/Application/Home/Controller/IndexController.class.php 第 216 行.
NOTIC: [8] Undefined offset: 3 /Volumes/FILE/Web/AppShopService/Application/Home/Controller/IndexController.class.php 第 217 行.
NOTIC: [8] Undefined offset: 3 /Volumes/FILE/Web/AppShopService/Application/Home/Controller/IndexController.class.php 第 218 行.
NOTIC: [8] Undefined offset: 3 /Volumes/FILE/Web/AppShopService/Application/Home/Controller/IndexController.class.php 第 219 行.
NOTIC: [8] Undefined offset: 3 /Volumes/FILE/Web/AppShopService/Application/Home/Controller/IndexController.class.php 第 220 行.
NOTIC: [8] Undefined offset: 3 /Volumes/FILE/Web/AppShopService/Application/Home/Controller/IndexController.class.php 第 221 行.
NOTIC: [8] Undefined offset: 3 /Volumes/FILE/Web/AppShopService/Application/Home/Controller/IndexController.class.php 第 222 行.
INFO: [ app_end ] --START--
INFO: Run Behavior\ShowPageTraceBehavior [ RunTime:0.000716s ]
INFO: [ app_end ] --END-- [ RunTime:0.000768s ]

[ 2016-06-21T21:34:46+08:00 ] ::1 /AppShopService/index.php/Home/index/getAllOrderData
INFO: [ app_init ] --START--
INFO: Run Behavior\BuildLiteBehavior [ RunTime:0.000012s ]
INFO: [ app_init ] --END-- [ RunTime:0.000237s ]
INFO: [ app_begin ] --START--
INFO: Run Behavior\ReadHtmlCacheBehavior [ RunTime:0.000299s ]
INFO: [ app_begin ] --END-- [ RunTime:0.000337s ]
NOTIC: [8192] mysql_connect(): The mysql extension is deprecated and will be removed in the future: use mysqli or PDO instead /Volumes/FILE/Web/AppShopService/ThinkPHP/Library/Think/Db/Driver/Mysql.class.php 第 52 行.
SQL: SHOW COLUMNS FROM `buy` [ RunTime:0.000538s ]
SQL: SELECT * FROM `buy` INNER JOIN  user on buy.uid = user.id INNER JOIN product on buy.pid = product.id  WHERE ( user.id = 31 )  [ RunTime:0.000488s ]
SQL: SHOW COLUMNS FROM `buy` [ RunTime:0.000419s ]
SQL: SELECT `id` FROM `buy`  [ RunTime:0.000174s ]
NOTIC: [8] Undefined offset: 2 /Volumes/FILE/Web/AppShopService/Application/Home/Controller/IndexController.class.php 第 209 行.
NOTIC: [8] Undefined offset: 2 /Volumes/FILE/Web/AppShopService/Application/Home/Controller/IndexController.class.php 第 210 行.
NOTIC: [8] Undefined offset: 2 /Volumes/FILE/Web/AppShopService/Application/Home/Controller/IndexController.class.php 第 211 行.
NOTIC: [8] Undefined offset: 2 /Volumes/FILE/Web/AppShopService/Application/Home/Controller/IndexController.class.php 第 212 行.
NOTIC: [8] Undefined offset: 2 /Volumes/FILE/Web/AppShopService/Application/Home/Controller/IndexController.class.php 第 213 行.
NOTIC: [8] Undefined offset: 2 /Volumes/FILE/Web/AppShopService/Application/Home/Controller/IndexController.class.php 第 214 行.
NOTIC: [8] Undefined offset: 2 /Volumes/FILE/Web/AppShopService/Application/Home/Controller/IndexController.class.php 第 215 行.
NOTIC: [8] Undefined offset: 2 /Volumes/FILE/Web/AppShopService/Application/Home/Controller/IndexController.class.php 第 216 行.
NOTIC: [8] Undefined offset: 2 /Volumes/FILE/Web/AppShopService/Application/Home/Controller/IndexController.class.php 第 217 行.
NOTIC: [8] Undefined offset: 2 /Volumes/FILE/Web/AppShopService/Application/Home/Controller/IndexController.class.php 第 218 行.
NOTIC: [8] Undefined offset: 2 /Volumes/FILE/Web/AppShopService/Application/Home/Controller/IndexController.class.php 第 219 行.
NOTIC: [8] Undefined offset: 2 /Volumes/FILE/Web/AppShopService/Application/Home/Controller/IndexController.class.php 第 220 行.
NOTIC: [8] Undefined offset: 2 /Volumes/FILE/Web/AppShopService/Application/Home/Controller/IndexController.class.php 第 221 行.
NOTIC: [8] Undefined offset: 2 /Volumes/FILE/Web/AppShopService/Application/Home/Controller/IndexController.class.php 第 222 行.
NOTIC: [8] Undefined offset: 3 /Volumes/FILE/Web/AppShopService/Application/Home/Controller/IndexController.class.php 第 209 行.
NOTIC: [8] Undefined offset: 3 /Volumes/FILE/Web/AppShopService/Application/Home/Controller/IndexController.class.php 第 210 行.
NOTIC: [8] Undefined offset: 3 /Volumes/FILE/Web/AppShopService/Application/Home/Controller/IndexController.class.php 第 211 行.
NOTIC: [8] Undefined offset: 3 /Volumes/FILE/Web/AppShopService/Application/Home/Controller/IndexController.class.php 第 212 行.
NOTIC: [8] Undefined offset: 3 /Volumes/FILE/Web/AppShopService/Application/Home/Controller/IndexController.class.php 第 213 行.
NOTIC: [8] Undefined offset: 3 /Volumes/FILE/Web/AppShopService/Application/Home/Controller/IndexController.class.php 第 214 行.
NOTIC: [8] Undefined offset: 3 /Volumes/FILE/Web/AppShopService/Application/Home/Controller/IndexController.class.php 第 215 行.
NOTIC: [8] Undefined offset: 3 /Volumes/FILE/Web/AppShopService/Application/Home/Controller/IndexController.class.php 第 216 行.
NOTIC: [8] Undefined offset: 3 /Volumes/FILE/Web/AppShopService/Application/Home/Controller/IndexController.class.php 第 217 行.
NOTIC: [8] Undefined offset: 3 /Volumes/FILE/Web/AppShopService/Application/Home/Controller/IndexController.class.php 第 218 行.
NOTIC: [8] Undefined offset: 3 /Volumes/FILE/Web/AppShopService/Application/Home/Controller/IndexController.class.php 第 219 行.
NOTIC: [8] Undefined offset: 3 /Volumes/FILE/Web/AppShopService/Application/Home/Controller/IndexController.class.php 第 220 行.
NOTIC: [8] Undefined offset: 3 /Volumes/FILE/Web/AppShopService/Application/Home/Controller/IndexController.class.php 第 221 行.
NOTIC: [8] Undefined offset: 3 /Volumes/FILE/Web/AppShopService/Application/Home/Controller/IndexController.class.php 第 222 行.
INFO: [ app_end ] --START--
INFO: Run Behavior\ShowPageTraceBehavior [ RunTime:0.000421s ]
INFO: [ app_end ] --END-- [ RunTime:0.000458s ]

[ 2016-06-21T21:34:48+08:00 ] ::1 /AppShopService/index.php/Home/index/getAllOrderData
INFO: [ app_init ] --START--
INFO: Run Behavior\BuildLiteBehavior [ RunTime:0.000010s ]
INFO: [ app_init ] --END-- [ RunTime:0.000226s ]
INFO: [ app_begin ] --START--
INFO: Run Behavior\ReadHtmlCacheBehavior [ RunTime:0.000297s ]
INFO: [ app_begin ] --END-- [ RunTime:0.000334s ]
NOTIC: [8192] mysql_connect(): The mysql extension is deprecated and will be removed in the future: use mysqli or PDO instead /Volumes/FILE/Web/AppShopService/ThinkPHP/Library/Think/Db/Driver/Mysql.class.php 第 52 行.
SQL: SHOW COLUMNS FROM `buy` [ RunTime:0.000657s ]
SQL: SELECT * FROM `buy` INNER JOIN  user on buy.uid = user.id INNER JOIN product on buy.pid = product.id  WHERE ( user.id = 31 )  [ RunTime:0.000533s ]
SQL: SHOW COLUMNS FROM `buy` [ RunTime:0.000416s ]
SQL: SELECT `id` FROM `buy`  [ RunTime:0.000172s ]
NOTIC: [8] Undefined offset: 2 /Volumes/FILE/Web/AppShopService/Application/Home/Controller/IndexController.class.php 第 209 行.
NOTIC: [8] Undefined offset: 2 /Volumes/FILE/Web/AppShopService/Application/Home/Controller/IndexController.class.php 第 210 行.
NOTIC: [8] Undefined offset: 2 /Volumes/FILE/Web/AppShopService/Application/Home/Controller/IndexController.class.php 第 211 行.
NOTIC: [8] Undefined offset: 2 /Volumes/FILE/Web/AppShopService/Application/Home/Controller/IndexController.class.php 第 212 行.
NOTIC: [8] Undefined offset: 2 /Volumes/FILE/Web/AppShopService/Application/Home/Controller/IndexController.class.php 第 213 行.
NOTIC: [8] Undefined offset: 2 /Volumes/FILE/Web/AppShopService/Application/Home/Controller/IndexController.class.php 第 214 行.
NOTIC: [8] Undefined offset: 2 /Volumes/FILE/Web/AppShopService/Application/Home/Controller/IndexController.class.php 第 215 行.
NOTIC: [8] Undefined offset: 2 /Volumes/FILE/Web/AppShopService/Application/Home/Controller/IndexController.class.php 第 216 行.
NOTIC: [8] Undefined offset: 2 /Volumes/FILE/Web/AppShopService/Application/Home/Controller/IndexController.class.php 第 217 行.
NOTIC: [8] Undefined offset: 2 /Volumes/FILE/Web/AppShopService/Application/Home/Controller/IndexController.class.php 第 218 行.
NOTIC: [8] Undefined offset: 2 /Volumes/FILE/Web/AppShopService/Application/Home/Controller/IndexController.class.php 第 219 行.
NOTIC: [8] Undefined offset: 2 /Volumes/FILE/Web/AppShopService/Application/Home/Controller/IndexController.class.php 第 220 行.
NOTIC: [8] Undefined offset: 2 /Volumes/FILE/Web/AppShopService/Application/Home/Controller/IndexController.class.php 第 221 行.
NOTIC: [8] Undefined offset: 2 /Volumes/FILE/Web/AppShopService/Application/Home/Controller/IndexController.class.php 第 222 行.
NOTIC: [8] Undefined offset: 3 /Volumes/FILE/Web/AppShopService/Application/Home/Controller/IndexController.class.php 第 209 行.
NOTIC: [8] Undefined offset: 3 /Volumes/FILE/Web/AppShopService/Application/Home/Controller/IndexController.class.php 第 210 行.
NOTIC: [8] Undefined offset: 3 /Volumes/FILE/Web/AppShopService/Application/Home/Controller/IndexController.class.php 第 211 行.
NOTIC: [8] Undefined offset: 3 /Volumes/FILE/Web/AppShopService/Application/Home/Controller/IndexController.class.php 第 212 行.
NOTIC: [8] Undefined offset: 3 /Volumes/FILE/Web/AppShopService/Application/Home/Controller/IndexController.class.php 第 213 行.
NOTIC: [8] Undefined offset: 3 /Volumes/FILE/Web/AppShopService/Application/Home/Controller/IndexController.class.php 第 214 行.
NOTIC: [8] Undefined offset: 3 /Volumes/FILE/Web/AppShopService/Application/Home/Controller/IndexController.class.php 第 215 行.
NOTIC: [8] Undefined offset: 3 /Volumes/FILE/Web/AppShopService/Application/Home/Controller/IndexController.class.php 第 216 行.
NOTIC: [8] Undefined offset: 3 /Volumes/FILE/Web/AppShopService/Application/Home/Controller/IndexController.class.php 第 217 行.
NOTIC: [8] Undefined offset: 3 /Volumes/FILE/Web/AppShopService/Application/Home/Controller/IndexController.class.php 第 218 行.
NOTIC: [8] Undefined offset: 3 /Volumes/FILE/Web/AppShopService/Application/Home/Controller/IndexController.class.php 第 219 行.
NOTIC: [8] Undefined offset: 3 /Volumes/FILE/Web/AppShopService/Application/Home/Controller/IndexController.class.php 第 220 行.
NOTIC: [8] Undefined offset: 3 /Volumes/FILE/Web/AppShopService/Application/Home/Controller/IndexController.class.php 第 221 行.
NOTIC: [8] Undefined offset: 3 /Volumes/FILE/Web/AppShopService/Application/Home/Controller/IndexController.class.php 第 222 行.
INFO: [ app_end ] --START--
INFO: Run Behavior\ShowPageTraceBehavior [ RunTime:0.000406s ]
INFO: [ app_end ] --END-- [ RunTime:0.000442s ]

[ 2016-06-21T21:35:23+08:00 ] ::1 /AppShopService/index.php/Home/index/getAllOrderData
INFO: [ app_init ] --START--
INFO: Run Behavior\BuildLiteBehavior [ RunTime:0.000022s ]
INFO: [ app_init ] --END-- [ RunTime:0.010088s ]
INFO: [ app_begin ] --START--
INFO: Run Behavior\ReadHtmlCacheBehavior [ RunTime:0.000547s ]
INFO: [ app_begin ] --END-- [ RunTime:0.000625s ]
NOTIC: [8192] mysql_connect(): The mysql extension is deprecated and will be removed in the future: use mysqli or PDO instead /Volumes/FILE/Web/AppShopService/ThinkPHP/Library/Think/Db/Driver/Mysql.class.php 第 52 行.
SQL: SHOW COLUMNS FROM `buy` [ RunTime:0.000550s ]
SQL: SELECT * FROM `buy` INNER JOIN  user on buy.uid = user.id INNER JOIN product on buy.pid = product.id  WHERE ( user.id = 31 )  [ RunTime:0.000563s ]

[ 2016-06-21T21:35:23+08:00 ] ::1 /AppShopService/index.php/Home/index/getAllOrderData
INFO: [ app_init ] --START--
INFO: Run Behavior\BuildLiteBehavior [ RunTime:0.000012s ]
INFO: [ app_init ] --END-- [ RunTime:0.000236s ]
INFO: [ app_begin ] --START--
INFO: Run Behavior\ReadHtmlCacheBehavior [ RunTime:0.000301s ]
INFO: [ app_begin ] --END-- [ RunTime:0.000338s ]
NOTIC: [8192] mysql_connect(): The mysql extension is deprecated and will be removed in the future: use mysqli or PDO instead /Volumes/FILE/Web/AppShopService/ThinkPHP/Library/Think/Db/Driver/Mysql.class.php 第 52 行.
SQL: SHOW COLUMNS FROM `buy` [ RunTime:0.000503s ]
SQL: SELECT * FROM `buy` INNER JOIN  user on buy.uid = user.id INNER JOIN product on buy.pid = product.id  WHERE ( user.id = 31 )  [ RunTime:0.000464s ]

[ 2016-06-21T21:36:41+08:00 ] ::1 /AppShopService/index.php/Home/index/getAllOrderData
INFO: [ app_init ] --START--
INFO: Run Behavior\BuildLiteBehavior [ RunTime:0.000014s ]
INFO: [ app_init ] --END-- [ RunTime:0.000453s ]
INFO: [ app_begin ] --START--
INFO: Run Behavior\ReadHtmlCacheBehavior [ RunTime:0.000477s ]
INFO: [ app_begin ] --END-- [ RunTime:0.000541s ]
NOTIC: [8192] mysql_connect(): The mysql extension is deprecated and will be removed in the future: use mysqli or PDO instead /Volumes/FILE/Web/AppShopService/ThinkPHP/Library/Think/Db/Driver/Mysql.class.php 第 52 行.
SQL: SHOW COLUMNS FROM `buy` [ RunTime:0.000534s ]
SQL: SELECT * FROM `buy` INNER JOIN RIGHT user ON buy.uid = user.id INNER JOIN product on buy.pid = product.id  WHERE ( user.id = 31 )  [ RunTime:0.000139s ]
ERR: 1064:You have an error in your SQL syntax; check the manual that corresponds to your MySQL server version for the right syntax to use near 'RIGHT user ON buy.uid = user.id INNER JOIN product on buy.pid = product.id  WHER' at line 1
 [ SQL语句 ] : SELECT * FROM `buy` INNER JOIN RIGHT user ON buy.uid = user.id INNER JOIN product on buy.pid = product.id  WHERE ( user.id = 31 ) 
SQL: SHOW COLUMNS FROM `buy` [ RunTime:0.000511s ]
SQL: SELECT `id` FROM `buy`  [ RunTime:0.000197s ]
INFO: [ app_end ] --START--
INFO: Run Behavior\ShowPageTraceBehavior [ RunTime:0.006352s ]
INFO: [ app_end ] --END-- [ RunTime:0.006409s ]

[ 2016-06-21T21:36:43+08:00 ] ::1 /AppShopService/index.php/Home/index/getAllOrderData
INFO: [ app_init ] --START--
INFO: Run Behavior\BuildLiteBehavior [ RunTime:0.000011s ]
INFO: [ app_init ] --END-- [ RunTime:0.000238s ]
INFO: [ app_begin ] --START--
INFO: Run Behavior\ReadHtmlCacheBehavior [ RunTime:0.000304s ]
INFO: [ app_begin ] --END-- [ RunTime:0.000341s ]
NOTIC: [8192] mysql_connect(): The mysql extension is deprecated and will be removed in the future: use mysqli or PDO instead /Volumes/FILE/Web/AppShopService/ThinkPHP/Library/Think/Db/Driver/Mysql.class.php 第 52 行.
SQL: SHOW COLUMNS FROM `buy` [ RunTime:0.000539s ]
SQL: SELECT * FROM `buy` INNER JOIN RIGHT user ON buy.uid = user.id INNER JOIN product on buy.pid = product.id  WHERE ( user.id = 31 )  [ RunTime:0.000120s ]
ERR: 1064:You have an error in your SQL syntax; check the manual that corresponds to your MySQL server version for the right syntax to use near 'RIGHT user ON buy.uid = user.id INNER JOIN product on buy.pid = product.id  WHER' at line 1
 [ SQL语句 ] : SELECT * FROM `buy` INNER JOIN RIGHT user ON buy.uid = user.id INNER JOIN product on buy.pid = product.id  WHERE ( user.id = 31 ) 
SQL: SHOW COLUMNS FROM `buy` [ RunTime:0.000373s ]
SQL: SELECT `id` FROM `buy`  [ RunTime:0.000198s ]
INFO: [ app_end ] --START--
INFO: Run Behavior\ShowPageTraceBehavior [ RunTime:0.000403s ]
INFO: [ app_end ] --END-- [ RunTime:0.000441s ]

[ 2016-06-21T21:37:02+08:00 ] ::1 /AppShopService/index.php/Home/index/getAllOrderData
INFO: [ app_init ] --START--
INFO: Run Behavior\BuildLiteBehavior [ RunTime:0.000012s ]
INFO: [ app_init ] --END-- [ RunTime:0.000241s ]
INFO: [ app_begin ] --START--
INFO: Run Behavior\ReadHtmlCacheBehavior [ RunTime:0.000302s ]
INFO: [ app_begin ] --END-- [ RunTime:0.000340s ]
NOTIC: [8192] mysql_connect(): The mysql extension is deprecated and will be removed in the future: use mysqli or PDO instead /Volumes/FILE/Web/AppShopService/ThinkPHP/Library/Think/Db/Driver/Mysql.class.php 第 52 行.
SQL: SHOW COLUMNS FROM `buy` [ RunTime:0.000521s ]
SQL: SELECT * FROM `buy` INNER JOIN RIGHT user ON buy.uid = user.id INNER JOIN product on buy.pid = product.id  WHERE ( user.id = 31 )  [ RunTime:0.000127s ]
ERR: 1064:You have an error in your SQL syntax; check the manual that corresponds to your MySQL server version for the right syntax to use near 'RIGHT user ON buy.uid = user.id INNER JOIN product on buy.pid = product.id  WHER' at line 1
 [ SQL语句 ] : SELECT * FROM `buy` INNER JOIN RIGHT user ON buy.uid = user.id INNER JOIN product on buy.pid = product.id  WHERE ( user.id = 31 ) 

[ 2016-06-21T21:37:15+08:00 ] ::1 /AppShopService/index.php/Home/index/getAllOrderData
INFO: [ app_init ] --START--
INFO: Run Behavior\BuildLiteBehavior [ RunTime:0.000021s ]
INFO: [ app_init ] --END-- [ RunTime:0.000371s ]
INFO: [ app_begin ] --START--
INFO: Run Behavior\ReadHtmlCacheBehavior [ RunTime:0.000532s ]
INFO: [ app_begin ] --END-- [ RunTime:0.000590s ]
NOTIC: [8192] mysql_connect(): The mysql extension is deprecated and will be removed in the future: use mysqli or PDO instead /Volumes/FILE/Web/AppShopService/ThinkPHP/Library/Think/Db/Driver/Mysql.class.php 第 52 行.
SQL: SHOW COLUMNS FROM `buy` [ RunTime:0.000533s ]
SQL: SELECT * FROM `buy` INNER JOIN LEFT user on buy.uid = user.id INNER JOIN product on buy.pid = product.id  WHERE ( user.id = 31 )  [ RunTime:0.000119s ]
ERR: 1064:You have an error in your SQL syntax; check the manual that corresponds to your MySQL server version for the right syntax to use near 'LEFT user on buy.uid = user.id INNER JOIN product on buy.pid = product.id  WHERE' at line 1
 [ SQL语句 ] : SELECT * FROM `buy` INNER JOIN LEFT user on buy.uid = user.id INNER JOIN product on buy.pid = product.id  WHERE ( user.id = 31 ) 

[ 2016-06-21T21:37:16+08:00 ] ::1 /AppShopService/index.php/Home/index/getAllOrderData
INFO: [ app_init ] --START--
INFO: Run Behavior\BuildLiteBehavior [ RunTime:0.000012s ]
INFO: [ app_init ] --END-- [ RunTime:0.000249s ]
INFO: [ app_begin ] --START--
INFO: Run Behavior\ReadHtmlCacheBehavior [ RunTime:0.000317s ]
INFO: [ app_begin ] --END-- [ RunTime:0.000357s ]
NOTIC: [8192] mysql_connect(): The mysql extension is deprecated and will be removed in the future: use mysqli or PDO instead /Volumes/FILE/Web/AppShopService/ThinkPHP/Library/Think/Db/Driver/Mysql.class.php 第 52 行.
SQL: SHOW COLUMNS FROM `buy` [ RunTime:0.000529s ]
SQL: SELECT * FROM `buy` INNER JOIN LEFT user on buy.uid = user.id INNER JOIN product on buy.pid = product.id  WHERE ( user.id = 31 )  [ RunTime:0.000121s ]
ERR: 1064:You have an error in your SQL syntax; check the manual that corresponds to your MySQL server version for the right syntax to use near 'LEFT user on buy.uid = user.id INNER JOIN product on buy.pid = product.id  WHERE' at line 1
 [ SQL语句 ] : SELECT * FROM `buy` INNER JOIN LEFT user on buy.uid = user.id INNER JOIN product on buy.pid = product.id  WHERE ( user.id = 31 ) 

[ 2016-06-21T21:37:16+08:00 ] ::1 /AppShopService/index.php/Home/index/getAllOrderData
INFO: [ app_init ] --START--
INFO: Run Behavior\BuildLiteBehavior [ RunTime:0.000012s ]
INFO: [ app_init ] --END-- [ RunTime:0.000259s ]
INFO: [ app_begin ] --START--
INFO: Run Behavior\ReadHtmlCacheBehavior [ RunTime:0.000339s ]
INFO: [ app_begin ] --END-- [ RunTime:0.000382s ]
NOTIC: [8192] mysql_connect(): The mysql extension is deprecated and will be removed in the future: use mysqli or PDO instead /Volumes/FILE/Web/AppShopService/ThinkPHP/Library/Think/Db/Driver/Mysql.class.php 第 52 行.
SQL: SHOW COLUMNS FROM `buy` [ RunTime:0.000823s ]
SQL: SELECT * FROM `buy` INNER JOIN LEFT user on buy.uid = user.id INNER JOIN product on buy.pid = product.id  WHERE ( user.id = 31 )  [ RunTime:0.000230s ]
ERR: 1064:You have an error in your SQL syntax; check the manual that corresponds to your MySQL server version for the right syntax to use near 'LEFT user on buy.uid = user.id INNER JOIN product on buy.pid = product.id  WHERE' at line 1
 [ SQL语句 ] : SELECT * FROM `buy` INNER JOIN LEFT user on buy.uid = user.id INNER JOIN product on buy.pid = product.id  WHERE ( user.id = 31 ) 

[ 2016-06-21T21:37:28+08:00 ] ::1 /AppShopService/index.php/Home/index/getAllOrderData
INFO: [ app_init ] --START--
INFO: Run Behavior\BuildLiteBehavior [ RunTime:0.000019s ]
INFO: [ app_init ] --END-- [ RunTime:0.000337s ]
INFO: [ app_begin ] --START--
INFO: Run Behavior\ReadHtmlCacheBehavior [ RunTime:0.000364s ]
INFO: [ app_begin ] --END-- [ RunTime:0.000434s ]
NOTIC: [8192] mysql_connect(): The mysql extension is deprecated and will be removed in the future: use mysqli or PDO instead /Volumes/FILE/Web/AppShopService/ThinkPHP/Library/Think/Db/Driver/Mysql.class.php 第 52 行.
SQL: SHOW COLUMNS FROM `buy` [ RunTime:0.000539s ]
SQL: SELECT * FROM `buy` LEFT JOIN user ON buy.uid = user.id INNER JOIN product on buy.pid = product.id  WHERE ( user.id = 31 )  [ RunTime:0.000485s ]

[ 2016-06-21T21:38:35+08:00 ] ::1 /AppShopService/index.php/Home/index/getAllOrderData
INFO: [ app_init ] --START--
INFO: Run Behavior\BuildLiteBehavior [ RunTime:0.000013s ]
INFO: [ app_init ] --END-- [ RunTime:0.000238s ]
INFO: [ app_begin ] --START--
INFO: Run Behavior\ReadHtmlCacheBehavior [ RunTime:0.000299s ]
INFO: [ app_begin ] --END-- [ RunTime:0.000336s ]
NOTIC: [8192] mysql_connect(): The mysql extension is deprecated and will be removed in the future: use mysqli or PDO instead /Volumes/FILE/Web/AppShopService/ThinkPHP/Library/Think/Db/Driver/Mysql.class.php 第 52 行.
SQL: SHOW COLUMNS FROM `user` [ RunTime:0.000568s ]
SQL: SELECT * FROM `user` LEFT JOIN buy ON buy.uid = user.id INNER JOIN product on buy.pid = product.id  WHERE ( user.id = 31 )  [ RunTime:0.000551s ]

[ 2016-06-21T21:38:45+08:00 ] ::1 /AppShopService/index.php/Home/index/getAllOrderData
INFO: [ app_init ] --START--
INFO: Run Behavior\BuildLiteBehavior [ RunTime:0.000011s ]
INFO: [ app_init ] --END-- [ RunTime:0.000239s ]
INFO: [ app_begin ] --START--
INFO: Run Behavior\ReadHtmlCacheBehavior [ RunTime:0.000303s ]
INFO: [ app_begin ] --END-- [ RunTime:0.000340s ]
NOTIC: [8192] mysql_connect(): The mysql extension is deprecated and will be removed in the future: use mysqli or PDO instead /Volumes/FILE/Web/AppShopService/ThinkPHP/Library/Think/Db/Driver/Mysql.class.php 第 52 行.
SQL: SHOW COLUMNS FROM `user` [ RunTime:0.000604s ]
SQL: SELECT * FROM `user` RIGHT JOIN buy ON buy.uid = user.id INNER JOIN product on buy.pid = product.id  WHERE ( user.id = 31 )  [ RunTime:0.000535s ]

[ 2016-06-21T21:38:45+08:00 ] ::1 /AppShopService/index.php/Home/index/getAllOrderData
INFO: [ app_init ] --START--
INFO: Run Behavior\BuildLiteBehavior [ RunTime:0.000011s ]
INFO: [ app_init ] --END-- [ RunTime:0.000229s ]
INFO: [ app_begin ] --START--
INFO: Run Behavior\ReadHtmlCacheBehavior [ RunTime:0.000296s ]
INFO: [ app_begin ] --END-- [ RunTime:0.000333s ]
NOTIC: [8192] mysql_connect(): The mysql extension is deprecated and will be removed in the future: use mysqli or PDO instead /Volumes/FILE/Web/AppShopService/ThinkPHP/Library/Think/Db/Driver/Mysql.class.php 第 52 行.
SQL: SHOW COLUMNS FROM `user` [ RunTime:0.000486s ]
SQL: SELECT * FROM `user` RIGHT JOIN buy ON buy.uid = user.id INNER JOIN product on buy.pid = product.id  WHERE ( user.id = 31 )  [ RunTime:0.000436s ]

[ 2016-06-21T21:38:46+08:00 ] ::1 /AppShopService/index.php/Home/index/getAllOrderData
INFO: [ app_init ] --START--
INFO: Run Behavior\BuildLiteBehavior [ RunTime:0.000012s ]
INFO: [ app_init ] --END-- [ RunTime:0.000257s ]
INFO: [ app_begin ] --START--
INFO: Run Behavior\ReadHtmlCacheBehavior [ RunTime:0.000312s ]
INFO: [ app_begin ] --END-- [ RunTime:0.000351s ]
NOTIC: [8192] mysql_connect(): The mysql extension is deprecated and will be removed in the future: use mysqli or PDO instead /Volumes/FILE/Web/AppShopService/ThinkPHP/Library/Think/Db/Driver/Mysql.class.php 第 52 行.
SQL: SHOW COLUMNS FROM `user` [ RunTime:0.000531s ]
SQL: SELECT * FROM `user` RIGHT JOIN buy ON buy.uid = user.id INNER JOIN product on buy.pid = product.id  WHERE ( user.id = 31 )  [ RunTime:0.000515s ]

[ 2016-06-21T21:38:46+08:00 ] ::1 /AppShopService/index.php/Home/index/getAllOrderData
INFO: [ app_init ] --START--
INFO: Run Behavior\BuildLiteBehavior [ RunTime:0.000012s ]
INFO: [ app_init ] --END-- [ RunTime:0.000250s ]
INFO: [ app_begin ] --START--
INFO: Run Behavior\ReadHtmlCacheBehavior [ RunTime:0.000313s ]
INFO: [ app_begin ] --END-- [ RunTime:0.000357s ]
NOTIC: [8192] mysql_connect(): The mysql extension is deprecated and will be removed in the future: use mysqli or PDO instead /Volumes/FILE/Web/AppShopService/ThinkPHP/Library/Think/Db/Driver/Mysql.class.php 第 52 行.
SQL: SHOW COLUMNS FROM `user` [ RunTime:0.000574s ]
SQL: SELECT * FROM `user` RIGHT JOIN buy ON buy.uid = user.id INNER JOIN product on buy.pid = product.id  WHERE ( user.id = 31 )  [ RunTime:0.000476s ]

[ 2016-06-21T21:39:17+08:00 ] ::1 /AppShopService/index.php/Home/index/getAllOrderData
INFO: [ app_init ] --START--
INFO: Run Behavior\BuildLiteBehavior [ RunTime:0.000013s ]
INFO: [ app_init ] --END-- [ RunTime:0.000373s ]
INFO: [ app_begin ] --START--
INFO: Run Behavior\ReadHtmlCacheBehavior [ RunTime:0.000678s ]
INFO: [ app_begin ] --END-- [ RunTime:0.000775s ]
NOTIC: [8192] mysql_connect(): The mysql extension is deprecated and will be removed in the future: use mysqli or PDO instead /Volumes/FILE/Web/AppShopService/ThinkPHP/Library/Think/Db/Driver/Mysql.class.php 第 52 行.
SQL: SHOW COLUMNS FROM `user` [ RunTime:0.000524s ]
SQL: SELECT * FROM `user` RIGHT JOIN buy ON user.id = buy.uid INNER JOIN product on buy.pid = product.id  WHERE ( user.id = 31 )  [ RunTime:0.000462s ]

[ 2016-06-21T21:39:18+08:00 ] ::1 /AppShopService/index.php/Home/index/getAllOrderData
INFO: [ app_init ] --START--
INFO: Run Behavior\BuildLiteBehavior [ RunTime:0.000012s ]
INFO: [ app_init ] --END-- [ RunTime:0.000278s ]
INFO: [ app_begin ] --START--
INFO: Run Behavior\ReadHtmlCacheBehavior [ RunTime:0.000508s ]
INFO: [ app_begin ] --END-- [ RunTime:0.000576s ]
NOTIC: [8192] mysql_connect(): The mysql extension is deprecated and will be removed in the future: use mysqli or PDO instead /Volumes/FILE/Web/AppShopService/ThinkPHP/Library/Think/Db/Driver/Mysql.class.php 第 52 行.
SQL: SHOW COLUMNS FROM `user` [ RunTime:0.000486s ]
SQL: SELECT * FROM `user` RIGHT JOIN buy ON user.id = buy.uid INNER JOIN product on buy.pid = product.id  WHERE ( user.id = 31 )  [ RunTime:0.000428s ]

[ 2016-06-21T21:39:18+08:00 ] ::1 /AppShopService/index.php/Home/index/getAllOrderData
INFO: [ app_init ] --START--
INFO: Run Behavior\BuildLiteBehavior [ RunTime:0.000013s ]
INFO: [ app_init ] --END-- [ RunTime:0.000245s ]
INFO: [ app_begin ] --START--
INFO: Run Behavior\ReadHtmlCacheBehavior [ RunTime:0.000318s ]
INFO: [ app_begin ] --END-- [ RunTime:0.000358s ]
NOTIC: [8192] mysql_connect(): The mysql extension is deprecated and will be removed in the future: use mysqli or PDO instead /Volumes/FILE/Web/AppShopService/ThinkPHP/Library/Think/Db/Driver/Mysql.class.php 第 52 行.
SQL: SHOW COLUMNS FROM `user` [ RunTime:0.000503s ]
SQL: SELECT * FROM `user` RIGHT JOIN buy ON user.id = buy.uid INNER JOIN product on buy.pid = product.id  WHERE ( user.id = 31 )  [ RunTime:0.000465s ]

[ 2016-06-21T21:39:18+08:00 ] ::1 /AppShopService/index.php/Home/index/getAllOrderData
INFO: [ app_init ] --START--
INFO: Run Behavior\BuildLiteBehavior [ RunTime:0.000013s ]
INFO: [ app_init ] --END-- [ RunTime:0.000242s ]
INFO: [ app_begin ] --START--
INFO: Run Behavior\ReadHtmlCacheBehavior [ RunTime:0.000355s ]
INFO: [ app_begin ] --END-- [ RunTime:0.000394s ]
NOTIC: [8192] mysql_connect(): The mysql extension is deprecated and will be removed in the future: use mysqli or PDO instead /Volumes/FILE/Web/AppShopService/ThinkPHP/Library/Think/Db/Driver/Mysql.class.php 第 52 行.
SQL: SHOW COLUMNS FROM `user` [ RunTime:0.000500s ]
SQL: SELECT * FROM `user` RIGHT JOIN buy ON user.id = buy.uid INNER JOIN product on buy.pid = product.id  WHERE ( user.id = 31 )  [ RunTime:0.000451s ]

[ 2016-06-21T21:39:53+08:00 ] ::1 /AppShopService/index.php/Home/index/getAllOrderData
INFO: [ app_init ] --START--
INFO: Run Behavior\BuildLiteBehavior [ RunTime:0.000013s ]
INFO: [ app_init ] --END-- [ RunTime:0.000424s ]
INFO: [ app_begin ] --START--
INFO: Run Behavior\ReadHtmlCacheBehavior [ RunTime:0.000582s ]
INFO: [ app_begin ] --END-- [ RunTime:0.000654s ]
NOTIC: [8192] mysql_connect(): The mysql extension is deprecated and will be removed in the future: use mysqli or PDO instead /Volumes/FILE/Web/AppShopService/ThinkPHP/Library/Think/Db/Driver/Mysql.class.php 第 52 行.
SQL: SHOW COLUMNS FROM `user` [ RunTime:0.000618s ]
SQL: SELECT * FROM `user` RIGHT JOIN buy ON buy.uid = user.id RIGHT JOIN product ON buy.pid = product.id  WHERE ( user.id = 31 )  [ RunTime:0.000652s ]

[ 2016-06-21T21:39:54+08:00 ] ::1 /AppShopService/index.php/Home/index/getAllOrderData
INFO: [ app_init ] --START--
INFO: Run Behavior\BuildLiteBehavior [ RunTime:0.000013s ]
INFO: [ app_init ] --END-- [ RunTime:0.000246s ]
INFO: [ app_begin ] --START--
INFO: Run Behavior\ReadHtmlCacheBehavior [ RunTime:0.000340s ]
INFO: [ app_begin ] --END-- [ RunTime:0.000385s ]
NOTIC: [8192] mysql_connect(): The mysql extension is deprecated and will be removed in the future: use mysqli or PDO instead /Volumes/FILE/Web/AppShopService/ThinkPHP/Library/Think/Db/Driver/Mysql.class.php 第 52 行.
SQL: SHOW COLUMNS FROM `user` [ RunTime:0.000508s ]
SQL: SELECT * FROM `user` RIGHT JOIN buy ON buy.uid = user.id RIGHT JOIN product ON buy.pid = product.id  WHERE ( user.id = 31 )  [ RunTime:0.000427s ]

[ 2016-06-21T21:39:54+08:00 ] ::1 /AppShopService/index.php/Home/index/getAllOrderData
INFO: [ app_init ] --START--
INFO: Run Behavior\BuildLiteBehavior [ RunTime:0.000019s ]
INFO: [ app_init ] --END-- [ RunTime:0.000421s ]
INFO: [ app_begin ] --START--
INFO: Run Behavior\ReadHtmlCacheBehavior [ RunTime:0.000510s ]
INFO: [ app_begin ] --END-- [ RunTime:0.000580s ]
NOTIC: [8192] mysql_connect(): The mysql extension is deprecated and will be removed in the future: use mysqli or PDO instead /Volumes/FILE/Web/AppShopService/ThinkPHP/Library/Think/Db/Driver/Mysql.class.php 第 52 行.
SQL: SHOW COLUMNS FROM `user` [ RunTime:0.000618s ]
SQL: SELECT * FROM `user` RIGHT JOIN buy ON buy.uid = user.id RIGHT JOIN product ON buy.pid = product.id  WHERE ( user.id = 31 )  [ RunTime:0.000505s ]

[ 2016-06-21T21:39:54+08:00 ] ::1 /AppShopService/index.php/Home/index/getAllOrderData
INFO: [ app_init ] --START--
INFO: Run Behavior\BuildLiteBehavior [ RunTime:0.000019s ]
INFO: [ app_init ] --END-- [ RunTime:0.000431s ]
INFO: [ app_begin ] --START--
INFO: Run Behavior\ReadHtmlCacheBehavior [ RunTime:0.000359s ]
INFO: [ app_begin ] --END-- [ RunTime:0.000408s ]
NOTIC: [8192] mysql_connect(): The mysql extension is deprecated and will be removed in the future: use mysqli or PDO instead /Volumes/FILE/Web/AppShopService/ThinkPHP/Library/Think/Db/Driver/Mysql.class.php 第 52 行.
SQL: SHOW COLUMNS FROM `user` [ RunTime:0.000546s ]
SQL: SELECT * FROM `user` RIGHT JOIN buy ON buy.uid = user.id RIGHT JOIN product ON buy.pid = product.id  WHERE ( user.id = 31 )  [ RunTime:0.000613s ]

[ 2016-06-21T21:39:55+08:00 ] ::1 /AppShopService/index.php/Home/index/getAllOrderData
INFO: [ app_init ] --START--
INFO: Run Behavior\BuildLiteBehavior [ RunTime:0.000014s ]
INFO: [ app_init ] --END-- [ RunTime:0.000319s ]
INFO: [ app_begin ] --START--
INFO: Run Behavior\ReadHtmlCacheBehavior [ RunTime:0.000572s ]
INFO: [ app_begin ] --END-- [ RunTime:0.000650s ]
NOTIC: [8192] mysql_connect(): The mysql extension is deprecated and will be removed in the future: use mysqli or PDO instead /Volumes/FILE/Web/AppShopService/ThinkPHP/Library/Think/Db/Driver/Mysql.class.php 第 52 行.
SQL: SHOW COLUMNS FROM `user` [ RunTime:0.000580s ]
SQL: SELECT * FROM `user` RIGHT JOIN buy ON buy.uid = user.id RIGHT JOIN product ON buy.pid = product.id  WHERE ( user.id = 31 )  [ RunTime:0.000463s ]

[ 2016-06-21T21:39:55+08:00 ] ::1 /AppShopService/index.php/Home/index/getAllOrderData
INFO: [ app_init ] --START--
INFO: Run Behavior\BuildLiteBehavior [ RunTime:0.000012s ]
INFO: [ app_init ] --END-- [ RunTime:0.000242s ]
INFO: [ app_begin ] --START--
INFO: Run Behavior\ReadHtmlCacheBehavior [ RunTime:0.000350s ]
INFO: [ app_begin ] --END-- [ RunTime:0.000423s ]
NOTIC: [8192] mysql_connect(): The mysql extension is deprecated and will be removed in the future: use mysqli or PDO instead /Volumes/FILE/Web/AppShopService/ThinkPHP/Library/Think/Db/Driver/Mysql.class.php 第 52 行.
SQL: SHOW COLUMNS FROM `user` [ RunTime:0.000518s ]
SQL: SELECT * FROM `user` RIGHT JOIN buy ON buy.uid = user.id RIGHT JOIN product ON buy.pid = product.id  WHERE ( user.id = 31 )  [ RunTime:0.000445s ]

[ 2016-06-21T21:40:06+08:00 ] ::1 /AppShopService/index.php/Home/index/getAllOrderData
INFO: [ app_init ] --START--
INFO: Run Behavior\BuildLiteBehavior [ RunTime:0.000011s ]
INFO: [ app_init ] --END-- [ RunTime:0.000237s ]
INFO: [ app_begin ] --START--
INFO: Run Behavior\ReadHtmlCacheBehavior [ RunTime:0.000299s ]
INFO: [ app_begin ] --END-- [ RunTime:0.000336s ]
NOTIC: [8192] mysql_connect(): The mysql extension is deprecated and will be removed in the future: use mysqli or PDO instead /Volumes/FILE/Web/AppShopService/ThinkPHP/Library/Think/Db/Driver/Mysql.class.php 第 52 行.
SQL: SHOW COLUMNS FROM `user` [ RunTime:0.000513s ]
SQL: SELECT * FROM `user` RIGHT JOIN buy ON buy.uid = user.id LEFT JOIN product ON buy.pid = product.id  WHERE ( user.id = 31 )  [ RunTime:0.000486s ]

[ 2016-06-21T21:40:07+08:00 ] ::1 /AppShopService/index.php/Home/index/getAllOrderData
INFO: [ app_init ] --START--
INFO: Run Behavior\BuildLiteBehavior [ RunTime:0.000012s ]
INFO: [ app_init ] --END-- [ RunTime:0.000260s ]
INFO: [ app_begin ] --START--
INFO: Run Behavior\ReadHtmlCacheBehavior [ RunTime:0.000323s ]
INFO: [ app_begin ] --END-- [ RunTime:0.000362s ]
NOTIC: [8192] mysql_connect(): The mysql extension is deprecated and will be removed in the future: use mysqli or PDO instead /Volumes/FILE/Web/AppShopService/ThinkPHP/Library/Think/Db/Driver/Mysql.class.php 第 52 行.
SQL: SHOW COLUMNS FROM `user` [ RunTime:0.000490s ]
SQL: SELECT * FROM `user` RIGHT JOIN buy ON buy.uid = user.id LEFT JOIN product ON buy.pid = product.id  WHERE ( user.id = 31 )  [ RunTime:0.000429s ]

[ 2016-06-21T21:40:07+08:00 ] ::1 /AppShopService/index.php/Home/index/getAllOrderData
INFO: [ app_init ] --START--
INFO: Run Behavior\BuildLiteBehavior [ RunTime:0.000019s ]
INFO: [ app_init ] --END-- [ RunTime:0.000394s ]
INFO: [ app_begin ] --START--
INFO: Run Behavior\ReadHtmlCacheBehavior [ RunTime:0.000378s ]
INFO: [ app_begin ] --END-- [ RunTime:0.000433s ]
NOTIC: [8192] mysql_connect(): The mysql extension is deprecated and will be removed in the future: use mysqli or PDO instead /Volumes/FILE/Web/AppShopService/ThinkPHP/Library/Think/Db/Driver/Mysql.class.php 第 52 行.
SQL: SHOW COLUMNS FROM `user` [ RunTime:0.000752s ]
SQL: SELECT * FROM `user` RIGHT JOIN buy ON buy.uid = user.id LEFT JOIN product ON buy.pid = product.id  WHERE ( user.id = 31 )  [ RunTime:0.000664s ]

[ 2016-06-21T21:40:07+08:00 ] ::1 /AppShopService/index.php/Home/index/getAllOrderData
INFO: [ app_init ] --START--
INFO: Run Behavior\BuildLiteBehavior [ RunTime:0.000012s ]
INFO: [ app_init ] --END-- [ RunTime:0.000251s ]
INFO: [ app_begin ] --START--
INFO: Run Behavior\ReadHtmlCacheBehavior [ RunTime:0.000318s ]
INFO: [ app_begin ] --END-- [ RunTime:0.000357s ]
NOTIC: [8192] mysql_connect(): The mysql extension is deprecated and will be removed in the future: use mysqli or PDO instead /Volumes/FILE/Web/AppShopService/ThinkPHP/Library/Think/Db/Driver/Mysql.class.php 第 52 行.
SQL: SHOW COLUMNS FROM `user` [ RunTime:0.000508s ]
SQL: SELECT * FROM `user` RIGHT JOIN buy ON buy.uid = user.id LEFT JOIN product ON buy.pid = product.id  WHERE ( user.id = 31 )  [ RunTime:0.000462s ]

[ 2016-06-21T21:40:07+08:00 ] ::1 /AppShopService/index.php/Home/index/getAllOrderData
INFO: [ app_init ] --START--
INFO: Run Behavior\BuildLiteBehavior [ RunTime:0.000011s ]
INFO: [ app_init ] --END-- [ RunTime:0.000234s ]
INFO: [ app_begin ] --START--
INFO: Run Behavior\ReadHtmlCacheBehavior [ RunTime:0.000297s ]
INFO: [ app_begin ] --END-- [ RunTime:0.000332s ]
NOTIC: [8192] mysql_connect(): The mysql extension is deprecated and will be removed in the future: use mysqli or PDO instead /Volumes/FILE/Web/AppShopService/ThinkPHP/Library/Think/Db/Driver/Mysql.class.php 第 52 行.
SQL: SHOW COLUMNS FROM `user` [ RunTime:0.000494s ]
SQL: SELECT * FROM `user` RIGHT JOIN buy ON buy.uid = user.id LEFT JOIN product ON buy.pid = product.id  WHERE ( user.id = 31 )  [ RunTime:0.000434s ]

[ 2016-06-21T21:40:08+08:00 ] ::1 /AppShopService/index.php/Home/index/getAllOrderData
INFO: [ app_init ] --START--
INFO: Run Behavior\BuildLiteBehavior [ RunTime:0.000012s ]
INFO: [ app_init ] --END-- [ RunTime:0.000248s ]
INFO: [ app_begin ] --START--
INFO: Run Behavior\ReadHtmlCacheBehavior [ RunTime:0.000347s ]
INFO: [ app_begin ] --END-- [ RunTime:0.000387s ]
NOTIC: [8192] mysql_connect(): The mysql extension is deprecated and will be removed in the future: use mysqli or PDO instead /Volumes/FILE/Web/AppShopService/ThinkPHP/Library/Think/Db/Driver/Mysql.class.php 第 52 行.
SQL: SHOW COLUMNS FROM `user` [ RunTime:0.000532s ]
SQL: SELECT * FROM `user` RIGHT JOIN buy ON buy.uid = user.id LEFT JOIN product ON buy.pid = product.id  WHERE ( user.id = 31 )  [ RunTime:0.000571s ]

[ 2016-06-21T21:40:08+08:00 ] ::1 /AppShopService/index.php/Home/index/getAllOrderData
INFO: [ app_init ] --START--
INFO: Run Behavior\BuildLiteBehavior [ RunTime:0.000013s ]
INFO: [ app_init ] --END-- [ RunTime:0.000241s ]
INFO: [ app_begin ] --START--
INFO: Run Behavior\ReadHtmlCacheBehavior [ RunTime:0.000343s ]
INFO: [ app_begin ] --END-- [ RunTime:0.000384s ]
NOTIC: [8192] mysql_connect(): The mysql extension is deprecated and will be removed in the future: use mysqli or PDO instead /Volumes/FILE/Web/AppShopService/ThinkPHP/Library/Think/Db/Driver/Mysql.class.php 第 52 行.
SQL: SHOW COLUMNS FROM `user` [ RunTime:0.000512s ]
SQL: SELECT * FROM `user` RIGHT JOIN buy ON buy.uid = user.id LEFT JOIN product ON buy.pid = product.id  WHERE ( user.id = 31 )  [ RunTime:0.000546s ]

[ 2016-06-21T21:40:13+08:00 ] ::1 /AppShopService/index.php/Home/index/getAllOrderData
INFO: [ app_init ] --START--
INFO: Run Behavior\BuildLiteBehavior [ RunTime:0.000031s ]
INFO: [ app_init ] --END-- [ RunTime:0.000330s ]
INFO: [ app_begin ] --START--
INFO: Run Behavior\ReadHtmlCacheBehavior [ RunTime:0.000420s ]
INFO: [ app_begin ] --END-- [ RunTime:0.000464s ]
NOTIC: [8192] mysql_connect(): The mysql extension is deprecated and will be removed in the future: use mysqli or PDO instead /Volumes/FILE/Web/AppShopService/ThinkPHP/Library/Think/Db/Driver/Mysql.class.php 第 52 行.
SQL: SHOW COLUMNS FROM `user` [ RunTime:0.000488s ]
SQL: SELECT * FROM `user` RIGHT JOIN buy ON buy.uid = user.id LEFT JOIN product ON buy.pid = product.id  WHERE ( user.id = 31 )  [ RunTime:0.000429s ]

[ 2016-06-21T21:40:24+08:00 ] ::1 /AppShopService/index.php/Home/index/getAllOrderData
INFO: [ app_init ] --START--
INFO: Run Behavior\BuildLiteBehavior [ RunTime:0.000013s ]
INFO: [ app_init ] --END-- [ RunTime:0.000341s ]
INFO: [ app_begin ] --START--
INFO: Run Behavior\ReadHtmlCacheBehavior [ RunTime:0.000344s ]
INFO: [ app_begin ] --END-- [ RunTime:0.000383s ]
NOTIC: [8192] mysql_connect(): The mysql extension is deprecated and will be removed in the future: use mysqli or PDO instead /Volumes/FILE/Web/AppShopService/ThinkPHP/Library/Think/Db/Driver/Mysql.class.php 第 52 行.
SQL: SHOW COLUMNS FROM `user` [ RunTime:0.000494s ]
SQL: SELECT * FROM `user` LEFT JOIN buy ON buy.uid = user.id LEFT JOIN product ON buy.pid = product.id  WHERE ( user.id = 31 )  [ RunTime:0.000455s ]

[ 2016-06-21T21:40:24+08:00 ] ::1 /AppShopService/index.php/Home/index/getAllOrderData
INFO: [ app_init ] --START--
INFO: Run Behavior\BuildLiteBehavior [ RunTime:0.000011s ]
INFO: [ app_init ] --END-- [ RunTime:0.000242s ]
INFO: [ app_begin ] --START--
INFO: Run Behavior\ReadHtmlCacheBehavior [ RunTime:0.000318s ]
INFO: [ app_begin ] --END-- [ RunTime:0.000355s ]
NOTIC: [8192] mysql_connect(): The mysql extension is deprecated and will be removed in the future: use mysqli or PDO instead /Volumes/FILE/Web/AppShopService/ThinkPHP/Library/Think/Db/Driver/Mysql.class.php 第 52 行.
SQL: SHOW COLUMNS FROM `user` [ RunTime:0.000523s ]
SQL: SELECT * FROM `user` LEFT JOIN buy ON buy.uid = user.id LEFT JOIN product ON buy.pid = product.id  WHERE ( user.id = 31 )  [ RunTime:0.000489s ]

[ 2016-06-21T21:40:24+08:00 ] ::1 /AppShopService/index.php/Home/index/getAllOrderData
INFO: [ app_init ] --START--
INFO: Run Behavior\BuildLiteBehavior [ RunTime:0.000013s ]
INFO: [ app_init ] --END-- [ RunTime:0.000257s ]
INFO: [ app_begin ] --START--
INFO: Run Behavior\ReadHtmlCacheBehavior [ RunTime:0.000346s ]
INFO: [ app_begin ] --END-- [ RunTime:0.000388s ]
NOTIC: [8192] mysql_connect(): The mysql extension is deprecated and will be removed in the future: use mysqli or PDO instead /Volumes/FILE/Web/AppShopService/ThinkPHP/Library/Think/Db/Driver/Mysql.class.php 第 52 行.
SQL: SHOW COLUMNS FROM `user` [ RunTime:0.000523s ]
SQL: SELECT * FROM `user` LEFT JOIN buy ON buy.uid = user.id LEFT JOIN product ON buy.pid = product.id  WHERE ( user.id = 31 )  [ RunTime:0.000456s ]

[ 2016-06-21T21:40:25+08:00 ] ::1 /AppShopService/index.php/Home/index/getAllOrderData
INFO: [ app_init ] --START--
INFO: Run Behavior\BuildLiteBehavior [ RunTime:0.000012s ]
INFO: [ app_init ] --END-- [ RunTime:0.000383s ]
INFO: [ app_begin ] --START--
INFO: Run Behavior\ReadHtmlCacheBehavior [ RunTime:0.000308s ]
INFO: [ app_begin ] --END-- [ RunTime:0.000346s ]
NOTIC: [8192] mysql_connect(): The mysql extension is deprecated and will be removed in the future: use mysqli or PDO instead /Volumes/FILE/Web/AppShopService/ThinkPHP/Library/Think/Db/Driver/Mysql.class.php 第 52 行.
SQL: SHOW COLUMNS FROM `user` [ RunTime:0.000519s ]
SQL: SELECT * FROM `user` LEFT JOIN buy ON buy.uid = user.id LEFT JOIN product ON buy.pid = product.id  WHERE ( user.id = 31 )  [ RunTime:0.000503s ]

[ 2016-06-21T21:41:47+08:00 ] ::1 /AppShopService/index.php/Home/index/getAllOrderData
INFO: [ app_init ] --START--
INFO: Run Behavior\BuildLiteBehavior [ RunTime:0.000011s ]
INFO: [ app_init ] --END-- [ RunTime:0.000234s ]
INFO: [ app_begin ] --START--
INFO: Run Behavior\ReadHtmlCacheBehavior [ RunTime:0.000308s ]
INFO: [ app_begin ] --END-- [ RunTime:0.000347s ]
NOTIC: [8192] mysql_connect(): The mysql extension is deprecated and will be removed in the future: use mysqli or PDO instead /Volumes/FILE/Web/AppShopService/ThinkPHP/Library/Think/Db/Driver/Mysql.class.php 第 52 行.
SQL: SHOW COLUMNS FROM `product` [ RunTime:0.000655s ]
SQL: SELECT * FROM `product` RIGHT JOIN buy ON buy.uid = user.id LEFT JOIN user ON buy.pid = product.id  WHERE ( user.id = 31 )  [ RunTime:0.000229s ]
ERR: 1054:Unknown column 'user.id' in 'on clause'
 [ SQL语句 ] : SELECT * FROM `product` RIGHT JOIN buy ON buy.uid = user.id LEFT JOIN user ON buy.pid = product.id  WHERE ( user.id = 31 ) 

[ 2016-06-21T21:41:48+08:00 ] ::1 /AppShopService/index.php/Home/index/getAllOrderData
INFO: [ app_init ] --START--
INFO: Run Behavior\BuildLiteBehavior [ RunTime:0.000012s ]
INFO: [ app_init ] --END-- [ RunTime:0.000242s ]
INFO: [ app_begin ] --START--
INFO: Run Behavior\ReadHtmlCacheBehavior [ RunTime:0.000307s ]
INFO: [ app_begin ] --END-- [ RunTime:0.000344s ]
NOTIC: [8192] mysql_connect(): The mysql extension is deprecated and will be removed in the future: use mysqli or PDO instead /Volumes/FILE/Web/AppShopService/ThinkPHP/Library/Think/Db/Driver/Mysql.class.php 第 52 行.
SQL: SHOW COLUMNS FROM `product` [ RunTime:0.000510s ]
SQL: SELECT * FROM `product` RIGHT JOIN buy ON buy.uid = user.id LEFT JOIN user ON buy.pid = product.id  WHERE ( user.id = 31 )  [ RunTime:0.000211s ]
ERR: 1054:Unknown column 'user.id' in 'on clause'
 [ SQL语句 ] : SELECT * FROM `product` RIGHT JOIN buy ON buy.uid = user.id LEFT JOIN user ON buy.pid = product.id  WHERE ( user.id = 31 ) 

[ 2016-06-21T21:41:48+08:00 ] ::1 /AppShopService/index.php/Home/index/getAllOrderData
INFO: [ app_init ] --START--
INFO: Run Behavior\BuildLiteBehavior [ RunTime:0.000020s ]
INFO: [ app_init ] --END-- [ RunTime:0.000399s ]
INFO: [ app_begin ] --START--
INFO: Run Behavior\ReadHtmlCacheBehavior [ RunTime:0.000583s ]
INFO: [ app_begin ] --END-- [ RunTime:0.000668s ]
NOTIC: [8192] mysql_connect(): The mysql extension is deprecated and will be removed in the future: use mysqli or PDO instead /Volumes/FILE/Web/AppShopService/ThinkPHP/Library/Think/Db/Driver/Mysql.class.php 第 52 行.
SQL: SHOW COLUMNS FROM `product` [ RunTime:0.000564s ]
SQL: SELECT * FROM `product` RIGHT JOIN buy ON buy.uid = user.id LEFT JOIN user ON buy.pid = product.id  WHERE ( user.id = 31 )  [ RunTime:0.000226s ]
ERR: 1054:Unknown column 'user.id' in 'on clause'
 [ SQL语句 ] : SELECT * FROM `product` RIGHT JOIN buy ON buy.uid = user.id LEFT JOIN user ON buy.pid = product.id  WHERE ( user.id = 31 ) 

[ 2016-06-21T21:41:59+08:00 ] ::1 /AppShopService/index.php/Home/index/getAllOrderData
INFO: [ app_init ] --START--
INFO: Run Behavior\BuildLiteBehavior [ RunTime:0.000011s ]
INFO: [ app_init ] --END-- [ RunTime:0.000243s ]
INFO: [ app_begin ] --START--
INFO: Run Behavior\ReadHtmlCacheBehavior [ RunTime:0.000305s ]
INFO: [ app_begin ] --END-- [ RunTime:0.000342s ]
NOTIC: [8192] mysql_connect(): The mysql extension is deprecated and will be removed in the future: use mysqli or PDO instead /Volumes/FILE/Web/AppShopService/ThinkPHP/Library/Think/Db/Driver/Mysql.class.php 第 52 行.
SQL: SHOW COLUMNS FROM product,buy [ RunTime:0.000123s ]
ERR: 1064:You have an error in your SQL syntax; check the manual that corresponds to your MySQL server version for the right syntax to use near 'buy' at line 1
 [ SQL语句 ] : SHOW COLUMNS FROM product,buy
SQL: SELECT * FROM `product`,`buy` RIGHT JOIN buy ON buy.uid = user.id LEFT JOIN user ON buy.pid = product.id  WHERE ( user.id = 31 )  [ RunTime:0.000131s ]
ERR: 1066:Not unique table/alias: 'buy'
 [ SQL语句 ] : SELECT * FROM `product`,`buy` RIGHT JOIN buy ON buy.uid = user.id LEFT JOIN user ON buy.pid = product.id  WHERE ( user.id = 31 ) 

[ 2016-06-21T21:42:00+08:00 ] ::1 /AppShopService/index.php/Home/index/getAllOrderData
INFO: [ app_init ] --START--
INFO: Run Behavior\BuildLiteBehavior [ RunTime:0.000011s ]
INFO: [ app_init ] --END-- [ RunTime:0.000232s ]
INFO: [ app_begin ] --START--
INFO: Run Behavior\ReadHtmlCacheBehavior [ RunTime:0.000295s ]
INFO: [ app_begin ] --END-- [ RunTime:0.000333s ]
NOTIC: [8192] mysql_connect(): The mysql extension is deprecated and will be removed in the future: use mysqli or PDO instead /Volumes/FILE/Web/AppShopService/ThinkPHP/Library/Think/Db/Driver/Mysql.class.php 第 52 行.
SQL: SHOW COLUMNS FROM product,buy [ RunTime:0.000167s ]
ERR: 1064:You have an error in your SQL syntax; check the manual that corresponds to your MySQL server version for the right syntax to use near 'buy' at line 1
 [ SQL语句 ] : SHOW COLUMNS FROM product,buy
SQL: SELECT * FROM `product`,`buy` RIGHT JOIN buy ON buy.uid = user.id LEFT JOIN user ON buy.pid = product.id  WHERE ( user.id = 31 )  [ RunTime:0.000158s ]
ERR: 1066:Not unique table/alias: 'buy'
 [ SQL语句 ] : SELECT * FROM `product`,`buy` RIGHT JOIN buy ON buy.uid = user.id LEFT JOIN user ON buy.pid = product.id  WHERE ( user.id = 31 ) 

[ 2016-06-21T21:42:00+08:00 ] ::1 /AppShopService/index.php/Home/index/getAllOrderData
INFO: [ app_init ] --START--
INFO: Run Behavior\BuildLiteBehavior [ RunTime:0.000013s ]
INFO: [ app_init ] --END-- [ RunTime:0.000250s ]
INFO: [ app_begin ] --START--
INFO: Run Behavior\ReadHtmlCacheBehavior [ RunTime:0.000390s ]
INFO: [ app_begin ] --END-- [ RunTime:0.000435s ]
NOTIC: [8192] mysql_connect(): The mysql extension is deprecated and will be removed in the future: use mysqli or PDO instead /Volumes/FILE/Web/AppShopService/ThinkPHP/Library/Think/Db/Driver/Mysql.class.php 第 52 行.
SQL: SHOW COLUMNS FROM product,buy [ RunTime:0.000146s ]
ERR: 1064:You have an error in your SQL syntax; check the manual that corresponds to your MySQL server version for the right syntax to use near 'buy' at line 1
 [ SQL语句 ] : SHOW COLUMNS FROM product,buy
SQL: SELECT * FROM `product`,`buy` RIGHT JOIN buy ON buy.uid = user.id LEFT JOIN user ON buy.pid = product.id  WHERE ( user.id = 31 )  [ RunTime:0.000152s ]
ERR: 1066:Not unique table/alias: 'buy'
 [ SQL语句 ] : SELECT * FROM `product`,`buy` RIGHT JOIN buy ON buy.uid = user.id LEFT JOIN user ON buy.pid = product.id  WHERE ( user.id = 31 ) 

[ 2016-06-21T21:42:15+08:00 ] ::1 /AppShopService/index.php/Home/index/getAllOrderData
INFO: [ app_init ] --START--
INFO: Run Behavior\BuildLiteBehavior [ RunTime:0.000010s ]
INFO: [ app_init ] --END-- [ RunTime:0.000233s ]
INFO: [ app_begin ] --START--
INFO: Run Behavior\ReadHtmlCacheBehavior [ RunTime:0.000299s ]
INFO: [ app_begin ] --END-- [ RunTime:0.000337s ]
NOTIC: [8192] mysql_connect(): The mysql extension is deprecated and will be removed in the future: use mysqli or PDO instead /Volumes/FILE/Web/AppShopService/ThinkPHP/Library/Think/Db/Driver/Mysql.class.php 第 52 行.
SQL: SHOW COLUMNS FROM `product` [ RunTime:0.000512s ]
SQL: SELECT * FROM `product` RIGHT JOIN buy ON buy.uid = user.id LEFT JOIN buy ON buy.pid = product.id  WHERE ( user.id = 31 )  [ RunTime:0.000173s ]
ERR: 1066:Not unique table/alias: 'buy'
 [ SQL语句 ] : SELECT * FROM `product` RIGHT JOIN buy ON buy.uid = user.id LEFT JOIN buy ON buy.pid = product.id  WHERE ( user.id = 31 ) 

[ 2016-06-21T21:42:16+08:00 ] ::1 /AppShopService/index.php/Home/index/getAllOrderData
INFO: [ app_init ] --START--
INFO: Run Behavior\BuildLiteBehavior [ RunTime:0.000014s ]
INFO: [ app_init ] --END-- [ RunTime:0.000334s ]
INFO: [ app_begin ] --START--
INFO: Run Behavior\ReadHtmlCacheBehavior [ RunTime:0.000321s ]
INFO: [ app_begin ] --END-- [ RunTime:0.000360s ]
NOTIC: [8192] mysql_connect(): The mysql extension is deprecated and will be removed in the future: use mysqli or PDO instead /Volumes/FILE/Web/AppShopService/ThinkPHP/Library/Think/Db/Driver/Mysql.class.php 第 52 行.
SQL: SHOW COLUMNS FROM `product` [ RunTime:0.000491s ]
SQL: SELECT * FROM `product` RIGHT JOIN buy ON buy.uid = user.id LEFT JOIN buy ON buy.pid = product.id  WHERE ( user.id = 31 )  [ RunTime:0.000155s ]
ERR: 1066:Not unique table/alias: 'buy'
 [ SQL语句 ] : SELECT * FROM `product` RIGHT JOIN buy ON buy.uid = user.id LEFT JOIN buy ON buy.pid = product.id  WHERE ( user.id = 31 ) 

[ 2016-06-21T21:42:16+08:00 ] ::1 /AppShopService/index.php/Home/index/getAllOrderData
INFO: [ app_init ] --START--
INFO: Run Behavior\BuildLiteBehavior [ RunTime:0.000012s ]
INFO: [ app_init ] --END-- [ RunTime:0.000246s ]
INFO: [ app_begin ] --START--
INFO: Run Behavior\ReadHtmlCacheBehavior [ RunTime:0.000308s ]
INFO: [ app_begin ] --END-- [ RunTime:0.000344s ]
NOTIC: [8192] mysql_connect(): The mysql extension is deprecated and will be removed in the future: use mysqli or PDO instead /Volumes/FILE/Web/AppShopService/ThinkPHP/Library/Think/Db/Driver/Mysql.class.php 第 52 行.
SQL: SHOW COLUMNS FROM `product` [ RunTime:0.000522s ]
SQL: SELECT * FROM `product` RIGHT JOIN buy ON buy.uid = user.id LEFT JOIN buy ON buy.pid = product.id  WHERE ( user.id = 31 )  [ RunTime:0.000160s ]
ERR: 1066:Not unique table/alias: 'buy'
 [ SQL语句 ] : SELECT * FROM `product` RIGHT JOIN buy ON buy.uid = user.id LEFT JOIN buy ON buy.pid = product.id  WHERE ( user.id = 31 ) 

[ 2016-06-21T21:42:46+08:00 ] ::1 /AppShopService/index.php/Home/index/getAllOrderData
INFO: [ app_init ] --START--
INFO: Run Behavior\BuildLiteBehavior [ RunTime:0.000011s ]
INFO: [ app_init ] --END-- [ RunTime:0.000250s ]
INFO: [ app_begin ] --START--
INFO: Run Behavior\ReadHtmlCacheBehavior [ RunTime:0.000308s ]
INFO: [ app_begin ] --END-- [ RunTime:0.000345s ]
NOTIC: [8192] mysql_connect(): The mysql extension is deprecated and will be removed in the future: use mysqli or PDO instead /Volumes/FILE/Web/AppShopService/ThinkPHP/Library/Think/Db/Driver/Mysql.class.php 第 52 行.
SQL: SHOW COLUMNS FROM `product` [ RunTime:0.000515s ]
SQL: SELECT * FROM `product` LEFT JOIN buy ON buy.pid = product.id  WHERE ( user.id = 31 )  [ RunTime:0.000205s ]
ERR: 1054:Unknown column 'user.id' in 'where clause'
 [ SQL语句 ] : SELECT * FROM `product` LEFT JOIN buy ON buy.pid = product.id  WHERE ( user.id = 31 ) 

[ 2016-06-21T21:42:47+08:00 ] ::1 /AppShopService/index.php/Home/index/getAllOrderData
INFO: [ app_init ] --START--
INFO: Run Behavior\BuildLiteBehavior [ RunTime:0.000012s ]
INFO: [ app_init ] --END-- [ RunTime:0.000234s ]
INFO: [ app_begin ] --START--
INFO: Run Behavior\ReadHtmlCacheBehavior [ RunTime:0.000299s ]
INFO: [ app_begin ] --END-- [ RunTime:0.000335s ]
NOTIC: [8192] mysql_connect(): The mysql extension is deprecated and will be removed in the future: use mysqli or PDO instead /Volumes/FILE/Web/AppShopService/ThinkPHP/Library/Think/Db/Driver/Mysql.class.php 第 52 行.
SQL: SHOW COLUMNS FROM `product` [ RunTime:0.000509s ]
SQL: SELECT * FROM `product` LEFT JOIN buy ON buy.pid = product.id  WHERE ( user.id = 31 )  [ RunTime:0.000183s ]
ERR: 1054:Unknown column 'user.id' in 'where clause'
 [ SQL语句 ] : SELECT * FROM `product` LEFT JOIN buy ON buy.pid = product.id  WHERE ( user.id = 31 ) 

[ 2016-06-21T21:42:47+08:00 ] ::1 /AppShopService/index.php/Home/index/getAllOrderData
INFO: [ app_init ] --START--
INFO: Run Behavior\BuildLiteBehavior [ RunTime:0.000013s ]
INFO: [ app_init ] --END-- [ RunTime:0.000312s ]
INFO: [ app_begin ] --START--
INFO: Run Behavior\ReadHtmlCacheBehavior [ RunTime:0.000345s ]
INFO: [ app_begin ] --END-- [ RunTime:0.000388s ]
NOTIC: [8192] mysql_connect(): The mysql extension is deprecated and will be removed in the future: use mysqli or PDO instead /Volumes/FILE/Web/AppShopService/ThinkPHP/Library/Think/Db/Driver/Mysql.class.php 第 52 行.
SQL: SHOW COLUMNS FROM `product` [ RunTime:0.000707s ]
SQL: SELECT * FROM `product` LEFT JOIN buy ON buy.pid = product.id  WHERE ( user.id = 31 )  [ RunTime:0.000244s ]
ERR: 1054:Unknown column 'user.id' in 'where clause'
 [ SQL语句 ] : SELECT * FROM `product` LEFT JOIN buy ON buy.pid = product.id  WHERE ( user.id = 31 ) 

[ 2016-06-21T21:42:47+08:00 ] ::1 /AppShopService/index.php/Home/index/getAllOrderData
INFO: [ app_init ] --START--
INFO: Run Behavior\BuildLiteBehavior [ RunTime:0.000014s ]
INFO: [ app_init ] --END-- [ RunTime:0.000332s ]
INFO: [ app_begin ] --START--
INFO: Run Behavior\ReadHtmlCacheBehavior [ RunTime:0.000326s ]
INFO: [ app_begin ] --END-- [ RunTime:0.000368s ]
NOTIC: [8192] mysql_connect(): The mysql extension is deprecated and will be removed in the future: use mysqli or PDO instead /Volumes/FILE/Web/AppShopService/ThinkPHP/Library/Think/Db/Driver/Mysql.class.php 第 52 行.
SQL: SHOW COLUMNS FROM `product` [ RunTime:0.000549s ]
SQL: SELECT * FROM `product` LEFT JOIN buy ON buy.pid = product.id  WHERE ( user.id = 31 )  [ RunTime:0.000200s ]
ERR: 1054:Unknown column 'user.id' in 'where clause'
 [ SQL语句 ] : SELECT * FROM `product` LEFT JOIN buy ON buy.pid = product.id  WHERE ( user.id = 31 ) 

[ 2016-06-21T21:43:11+08:00 ] ::1 /AppShopService/index.php/Home/index/getAllOrderData
INFO: [ app_init ] --START--
INFO: Run Behavior\BuildLiteBehavior [ RunTime:0.000011s ]
INFO: [ app_init ] --END-- [ RunTime:0.000236s ]
INFO: [ app_begin ] --START--
INFO: Run Behavior\ReadHtmlCacheBehavior [ RunTime:0.000300s ]
INFO: [ app_begin ] --END-- [ RunTime:0.000338s ]
NOTIC: [8192] mysql_connect(): The mysql extension is deprecated and will be removed in the future: use mysqli or PDO instead /Volumes/FILE/Web/AppShopService/ThinkPHP/Library/Think/Db/Driver/Mysql.class.php 第 52 行.
SQL: SHOW COLUMNS FROM `user` [ RunTime:0.000478s ]
SQL: SELECT * FROM `user` LEFT JOIN buy ON buy.uid = user.id LEFT JOIN product ON buy.pid = product.id  WHERE ( user.id = 31 )  [ RunTime:0.000420s ]

[ 2016-06-21T21:43:12+08:00 ] ::1 /AppShopService/index.php/Home/index/getAllOrderData
INFO: [ app_init ] --START--
INFO: Run Behavior\BuildLiteBehavior [ RunTime:0.000017s ]
INFO: [ app_init ] --END-- [ RunTime:0.000360s ]
INFO: [ app_begin ] --START--
INFO: Run Behavior\ReadHtmlCacheBehavior [ RunTime:0.000438s ]
INFO: [ app_begin ] --END-- [ RunTime:0.000498s ]
NOTIC: [8192] mysql_connect(): The mysql extension is deprecated and will be removed in the future: use mysqli or PDO instead /Volumes/FILE/Web/AppShopService/ThinkPHP/Library/Think/Db/Driver/Mysql.class.php 第 52 行.
SQL: SHOW COLUMNS FROM `user` [ RunTime:0.000482s ]
SQL: SELECT * FROM `user` LEFT JOIN buy ON buy.uid = user.id LEFT JOIN product ON buy.pid = product.id  WHERE ( user.id = 31 )  [ RunTime:0.000437s ]

[ 2016-06-21T21:43:12+08:00 ] ::1 /AppShopService/index.php/Home/index/getAllOrderData
INFO: [ app_init ] --START--
INFO: Run Behavior\BuildLiteBehavior [ RunTime:0.000014s ]
INFO: [ app_init ] --END-- [ RunTime:0.000274s ]
INFO: [ app_begin ] --START--
INFO: Run Behavior\ReadHtmlCacheBehavior [ RunTime:0.000333s ]
INFO: [ app_begin ] --END-- [ RunTime:0.000373s ]
NOTIC: [8192] mysql_connect(): The mysql extension is deprecated and will be removed in the future: use mysqli or PDO instead /Volumes/FILE/Web/AppShopService/ThinkPHP/Library/Think/Db/Driver/Mysql.class.php 第 52 行.
SQL: SHOW COLUMNS FROM `user` [ RunTime:0.000514s ]
SQL: SELECT * FROM `user` LEFT JOIN buy ON buy.uid = user.id LEFT JOIN product ON buy.pid = product.id  WHERE ( user.id = 31 )  [ RunTime:0.000498s ]

[ 2016-06-21T21:43:26+08:00 ] ::1 /AppShopService/index.php/Home/index/getAllOrderData
INFO: [ app_init ] --START--
INFO: Run Behavior\BuildLiteBehavior [ RunTime:0.000014s ]
INFO: [ app_init ] --END-- [ RunTime:0.000294s ]
INFO: [ app_begin ] --START--
INFO: Run Behavior\ReadHtmlCacheBehavior [ RunTime:0.000535s ]
INFO: [ app_begin ] --END-- [ RunTime:0.000595s ]
NOTIC: [8192] mysql_connect(): The mysql extension is deprecated and will be removed in the future: use mysqli or PDO instead /Volumes/FILE/Web/AppShopService/ThinkPHP/Library/Think/Db/Driver/Mysql.class.php 第 52 行.
SQL: SHOW COLUMNS FROM `product` [ RunTime:0.000485s ]
SQL: SELECT * FROM `product` LEFT JOIN buy ON buy.uid = user.id LEFT JOIN buy ON buy.pid = product.id  WHERE ( user.id = 31 )  [ RunTime:0.000153s ]
ERR: 1066:Not unique table/alias: 'buy'
 [ SQL语句 ] : SELECT * FROM `product` LEFT JOIN buy ON buy.uid = user.id LEFT JOIN buy ON buy.pid = product.id  WHERE ( user.id = 31 ) 

[ 2016-06-21T21:43:27+08:00 ] ::1 /AppShopService/index.php/Home/index/getAllOrderData
INFO: [ app_init ] --START--
INFO: Run Behavior\BuildLiteBehavior [ RunTime:0.000015s ]
INFO: [ app_init ] --END-- [ RunTime:0.000312s ]
INFO: [ app_begin ] --START--
INFO: Run Behavior\ReadHtmlCacheBehavior [ RunTime:0.000382s ]
INFO: [ app_begin ] --END-- [ RunTime:0.000429s ]
NOTIC: [8192] mysql_connect(): The mysql extension is deprecated and will be removed in the future: use mysqli or PDO instead /Volumes/FILE/Web/AppShopService/ThinkPHP/Library/Think/Db/Driver/Mysql.class.php 第 52 行.
SQL: SHOW COLUMNS FROM `product` [ RunTime:0.000503s ]
SQL: SELECT * FROM `product` LEFT JOIN buy ON buy.uid = user.id LEFT JOIN buy ON buy.pid = product.id  WHERE ( user.id = 31 )  [ RunTime:0.000147s ]
ERR: 1066:Not unique table/alias: 'buy'
 [ SQL语句 ] : SELECT * FROM `product` LEFT JOIN buy ON buy.uid = user.id LEFT JOIN buy ON buy.pid = product.id  WHERE ( user.id = 31 ) 

[ 2016-06-21T21:43:27+08:00 ] ::1 /AppShopService/index.php/Home/index/getAllOrderData
INFO: [ app_init ] --START--
INFO: Run Behavior\BuildLiteBehavior [ RunTime:0.000013s ]
INFO: [ app_init ] --END-- [ RunTime:0.000260s ]
INFO: [ app_begin ] --START--
INFO: Run Behavior\ReadHtmlCacheBehavior [ RunTime:0.000316s ]
INFO: [ app_begin ] --END-- [ RunTime:0.000355s ]
NOTIC: [8192] mysql_connect(): The mysql extension is deprecated and will be removed in the future: use mysqli or PDO instead /Volumes/FILE/Web/AppShopService/ThinkPHP/Library/Think/Db/Driver/Mysql.class.php 第 52 行.
SQL: SHOW COLUMNS FROM `product` [ RunTime:0.000522s ]
SQL: SELECT * FROM `product` LEFT JOIN buy ON buy.uid = user.id LEFT JOIN buy ON buy.pid = product.id  WHERE ( user.id = 31 )  [ RunTime:0.000175s ]
ERR: 1066:Not unique table/alias: 'buy'
 [ SQL语句 ] : SELECT * FROM `product` LEFT JOIN buy ON buy.uid = user.id LEFT JOIN buy ON buy.pid = product.id  WHERE ( user.id = 31 ) 

[ 2016-06-21T21:43:36+08:00 ] ::1 /AppShopService/index.php/Home/index/getAllOrderData
INFO: [ app_init ] --START--
INFO: Run Behavior\BuildLiteBehavior [ RunTime:0.000012s ]
INFO: [ app_init ] --END-- [ RunTime:0.000257s ]
INFO: [ app_begin ] --START--
INFO: Run Behavior\ReadHtmlCacheBehavior [ RunTime:0.000318s ]
INFO: [ app_begin ] --END-- [ RunTime:0.000359s ]
NOTIC: [8192] mysql_connect(): The mysql extension is deprecated and will be removed in the future: use mysqli or PDO instead /Volumes/FILE/Web/AppShopService/ThinkPHP/Library/Think/Db/Driver/Mysql.class.php 第 52 行.
SQL: SHOW COLUMNS FROM `product` [ RunTime:0.000548s ]
SQL: SELECT * FROM `product` LEFT JOIN buy ON buy.uid = user.id RIGHT JOIN buy ON buy.pid = product.id  WHERE ( user.id = 31 )  [ RunTime:0.000187s ]
ERR: 1066:Not unique table/alias: 'buy'
 [ SQL语句 ] : SELECT * FROM `product` LEFT JOIN buy ON buy.uid = user.id RIGHT JOIN buy ON buy.pid = product.id  WHERE ( user.id = 31 ) 

[ 2016-06-21T21:43:36+08:00 ] ::1 /AppShopService/index.php/Home/index/getAllOrderData
INFO: [ app_init ] --START--
INFO: Run Behavior\BuildLiteBehavior [ RunTime:0.000011s ]
INFO: [ app_init ] --END-- [ RunTime:0.000233s ]
INFO: [ app_begin ] --START--
INFO: Run Behavior\ReadHtmlCacheBehavior [ RunTime:0.000298s ]
INFO: [ app_begin ] --END-- [ RunTime:0.000335s ]
NOTIC: [8192] mysql_connect(): The mysql extension is deprecated and will be removed in the future: use mysqli or PDO instead /Volumes/FILE/Web/AppShopService/ThinkPHP/Library/Think/Db/Driver/Mysql.class.php 第 52 行.
SQL: SHOW COLUMNS FROM `product` [ RunTime:0.000543s ]
SQL: SELECT * FROM `product` LEFT JOIN buy ON buy.uid = user.id RIGHT JOIN buy ON buy.pid = product.id  WHERE ( user.id = 31 )  [ RunTime:0.000177s ]
ERR: 1066:Not unique table/alias: 'buy'
 [ SQL语句 ] : SELECT * FROM `product` LEFT JOIN buy ON buy.uid = user.id RIGHT JOIN buy ON buy.pid = product.id  WHERE ( user.id = 31 ) 

[ 2016-06-21T21:43:36+08:00 ] ::1 /AppShopService/index.php/Home/index/getAllOrderData
INFO: [ app_init ] --START--
INFO: Run Behavior\BuildLiteBehavior [ RunTime:0.000017s ]
INFO: [ app_init ] --END-- [ RunTime:0.000382s ]
INFO: [ app_begin ] --START--
INFO: Run Behavior\ReadHtmlCacheBehavior [ RunTime:0.000591s ]
INFO: [ app_begin ] --END-- [ RunTime:0.002384s ]
NOTIC: [8192] mysql_connect(): The mysql extension is deprecated and will be removed in the future: use mysqli or PDO instead /Volumes/FILE/Web/AppShopService/ThinkPHP/Library/Think/Db/Driver/Mysql.class.php 第 52 行.
SQL: SHOW COLUMNS FROM `product` [ RunTime:0.000566s ]
SQL: SELECT * FROM `product` LEFT JOIN buy ON buy.uid = user.id RIGHT JOIN buy ON buy.pid = product.id  WHERE ( user.id = 31 )  [ RunTime:0.000187s ]
ERR: 1066:Not unique table/alias: 'buy'
 [ SQL语句 ] : SELECT * FROM `product` LEFT JOIN buy ON buy.uid = user.id RIGHT JOIN buy ON buy.pid = product.id  WHERE ( user.id = 31 ) 

[ 2016-06-21T21:44:22+08:00 ] ::1 /AppShopService/index.php/Home/index/getAllOrderData
INFO: [ app_init ] --START--
INFO: Run Behavior\BuildLiteBehavior [ RunTime:0.000012s ]
INFO: [ app_init ] --END-- [ RunTime:0.000252s ]
INFO: [ app_begin ] --START--
INFO: Run Behavior\ReadHtmlCacheBehavior [ RunTime:0.000326s ]
INFO: [ app_begin ] --END-- [ RunTime:0.000366s ]
NOTIC: [8192] mysql_connect(): The mysql extension is deprecated and will be removed in the future: use mysqli or PDO instead /Volumes/FILE/Web/AppShopService/ThinkPHP/Library/Think/Db/Driver/Mysql.class.php 第 52 行.
SQL: SHOW COLUMNS FROM `product` [ RunTime:0.000534s ]
SQL: SELECT * FROM `product` LEFT JOIN buy user ON buy.uid = user.id RIGHT JOIN buy ON buy.pid = product.id  WHERE ( user.id = 31 )  [ RunTime:0.000282s ]
ERR: 1054:Unknown column 'buy.uid' in 'on clause'
 [ SQL语句 ] : SELECT * FROM `product` LEFT JOIN buy user ON buy.uid = user.id RIGHT JOIN buy ON buy.pid = product.id  WHERE ( user.id = 31 ) 

[ 2016-06-21T21:44:23+08:00 ] ::1 /AppShopService/index.php/Home/index/getAllOrderData
INFO: [ app_init ] --START--
INFO: Run Behavior\BuildLiteBehavior [ RunTime:0.000016s ]
INFO: [ app_init ] --END-- [ RunTime:0.000277s ]
INFO: [ app_begin ] --START--
INFO: Run Behavior\ReadHtmlCacheBehavior [ RunTime:0.000313s ]
INFO: [ app_begin ] --END-- [ RunTime:0.000350s ]
NOTIC: [8192] mysql_connect(): The mysql extension is deprecated and will be removed in the future: use mysqli or PDO instead /Volumes/FILE/Web/AppShopService/ThinkPHP/Library/Think/Db/Driver/Mysql.class.php 第 52 行.
SQL: SHOW COLUMNS FROM `product` [ RunTime:0.000500s ]
SQL: SELECT * FROM `product` LEFT JOIN buy user ON buy.uid = user.id RIGHT JOIN buy ON buy.pid = product.id  WHERE ( user.id = 31 )  [ RunTime:0.000267s ]
ERR: 1054:Unknown column 'buy.uid' in 'on clause'
 [ SQL语句 ] : SELECT * FROM `product` LEFT JOIN buy user ON buy.uid = user.id RIGHT JOIN buy ON buy.pid = product.id  WHERE ( user.id = 31 ) 

[ 2016-06-21T21:44:45+08:00 ] ::1 /AppShopService/index.php/Home/index/getAllOrderData
INFO: [ app_init ] --START--
INFO: Run Behavior\BuildLiteBehavior [ RunTime:0.000014s ]
INFO: [ app_init ] --END-- [ RunTime:0.000350s ]
INFO: [ app_begin ] --START--
INFO: Run Behavior\ReadHtmlCacheBehavior [ RunTime:0.000382s ]
INFO: [ app_begin ] --END-- [ RunTime:0.000428s ]
NOTIC: [8192] mysql_connect(): The mysql extension is deprecated and will be removed in the future: use mysqli or PDO instead /Volumes/FILE/Web/AppShopService/ThinkPHP/Library/Think/Db/Driver/Mysql.class.php 第 52 行.
SQL: SHOW COLUMNS FROM `user` [ RunTime:0.000586s ]
SQL: SELECT * FROM `user` LEFT JOIN buy ON buy.uid = user.id RIGHT JOIN product ON buy.pid = product.id  WHERE ( user.id = 31 )  [ RunTime:0.000512s ]

[ 2016-06-21T21:44:46+08:00 ] ::1 /AppShopService/index.php/Home/index/getAllOrderData
INFO: [ app_init ] --START--
INFO: Run Behavior\BuildLiteBehavior [ RunTime:0.000014s ]
INFO: [ app_init ] --END-- [ RunTime:0.000320s ]
INFO: [ app_begin ] --START--
INFO: Run Behavior\ReadHtmlCacheBehavior [ RunTime:0.000357s ]
INFO: [ app_begin ] --END-- [ RunTime:0.000408s ]
NOTIC: [8192] mysql_connect(): The mysql extension is deprecated and will be removed in the future: use mysqli or PDO instead /Volumes/FILE/Web/AppShopService/ThinkPHP/Library/Think/Db/Driver/Mysql.class.php 第 52 行.
SQL: SHOW COLUMNS FROM `user` [ RunTime:0.000558s ]
SQL: SELECT * FROM `user` LEFT JOIN buy ON buy.uid = user.id RIGHT JOIN product ON buy.pid = product.id  WHERE ( user.id = 31 )  [ RunTime:0.000488s ]

[ 2016-06-21T21:44:47+08:00 ] ::1 /AppShopService/index.php/Home/index/getAllOrderData
INFO: [ app_init ] --START--
INFO: Run Behavior\BuildLiteBehavior [ RunTime:0.000012s ]
INFO: [ app_init ] --END-- [ RunTime:0.000241s ]
INFO: [ app_begin ] --START--
INFO: Run Behavior\ReadHtmlCacheBehavior [ RunTime:0.000311s ]
INFO: [ app_begin ] --END-- [ RunTime:0.000349s ]
NOTIC: [8192] mysql_connect(): The mysql extension is deprecated and will be removed in the future: use mysqli or PDO instead /Volumes/FILE/Web/AppShopService/ThinkPHP/Library/Think/Db/Driver/Mysql.class.php 第 52 行.
SQL: SHOW COLUMNS FROM `user` [ RunTime:0.000510s ]
SQL: SELECT * FROM `user` LEFT JOIN buy ON buy.uid = user.id RIGHT JOIN product ON buy.pid = product.id  WHERE ( user.id = 31 )  [ RunTime:0.000474s ]

[ 2016-06-21T21:45:49+08:00 ] ::1 /AppShopService/index.php/Home/index/getAllOrderData
INFO: [ app_init ] --START--
INFO: Run Behavior\BuildLiteBehavior [ RunTime:0.000015s ]
INFO: [ app_init ] --END-- [ RunTime:0.000286s ]
INFO: [ app_begin ] --START--
INFO: Run Behavior\ReadHtmlCacheBehavior [ RunTime:0.000337s ]
INFO: [ app_begin ] --END-- [ RunTime:0.000381s ]
NOTIC: [8192] mysql_connect(): The mysql extension is deprecated and will be removed in the future: use mysqli or PDO instead /Volumes/FILE/Web/AppShopService/ThinkPHP/Library/Think/Db/Driver/Mysql.class.php 第 52 行.
SQL: SHOW COLUMNS FROM `user` [ RunTime:0.000493s ]
SQL: SELECT * FROM `user` RIGHT JOIN buy ON buy.uid = user.id  WHERE ( user.id = 31 )  [ RunTime:0.000356s ]

[ 2016-06-21T21:46:01+08:00 ] ::1 /AppShopService/index.php/Home/index/getAllOrderData
INFO: [ app_init ] --START--
INFO: Run Behavior\BuildLiteBehavior [ RunTime:0.000011s ]
INFO: [ app_init ] --END-- [ RunTime:0.000237s ]
INFO: [ app_begin ] --START--
INFO: Run Behavior\ReadHtmlCacheBehavior [ RunTime:0.000296s ]
INFO: [ app_begin ] --END-- [ RunTime:0.000335s ]
NOTIC: [8192] mysql_connect(): The mysql extension is deprecated and will be removed in the future: use mysqli or PDO instead /Volumes/FILE/Web/AppShopService/ThinkPHP/Library/Think/Db/Driver/Mysql.class.php 第 52 行.
SQL: SHOW COLUMNS FROM `user` [ RunTime:0.000488s ]
SQL: SELECT * FROM `user` RIGHT JOIN product ON buy.pid = product.id RIGHT JOIN buy ON buy.uid = user.id  WHERE ( user.id = 31 )  [ RunTime:0.000198s ]
ERR: 1054:Unknown column 'buy.pid' in 'on clause'
 [ SQL语句 ] : SELECT * FROM `user` RIGHT JOIN product ON buy.pid = product.id RIGHT JOIN buy ON buy.uid = user.id  WHERE ( user.id = 31 ) 

[ 2016-06-21T21:46:02+08:00 ] ::1 /AppShopService/index.php/Home/index/getAllOrderData
INFO: [ app_init ] --START--
INFO: Run Behavior\BuildLiteBehavior [ RunTime:0.000011s ]
INFO: [ app_init ] --END-- [ RunTime:0.000235s ]
INFO: [ app_begin ] --START--
INFO: Run Behavior\ReadHtmlCacheBehavior [ RunTime:0.000301s ]
INFO: [ app_begin ] --END-- [ RunTime:0.000340s ]
NOTIC: [8192] mysql_connect(): The mysql extension is deprecated and will be removed in the future: use mysqli or PDO instead /Volumes/FILE/Web/AppShopService/ThinkPHP/Library/Think/Db/Driver/Mysql.class.php 第 52 行.
SQL: SHOW COLUMNS FROM `user` [ RunTime:0.000487s ]
SQL: SELECT * FROM `user` RIGHT JOIN product ON buy.pid = product.id RIGHT JOIN buy ON buy.uid = user.id  WHERE ( user.id = 31 )  [ RunTime:0.000187s ]
ERR: 1054:Unknown column 'buy.pid' in 'on clause'
 [ SQL语句 ] : SELECT * FROM `user` RIGHT JOIN product ON buy.pid = product.id RIGHT JOIN buy ON buy.uid = user.id  WHERE ( user.id = 31 ) 

[ 2016-06-21T21:46:03+08:00 ] ::1 /AppShopService/index.php/Home/index/getAllOrderData
INFO: [ app_init ] --START--
INFO: Run Behavior\BuildLiteBehavior [ RunTime:0.000020s ]
INFO: [ app_init ] --END-- [ RunTime:0.000406s ]
INFO: [ app_begin ] --START--
INFO: Run Behavior\ReadHtmlCacheBehavior [ RunTime:0.001010s ]
INFO: [ app_begin ] --END-- [ RunTime:0.001097s ]
NOTIC: [8192] mysql_connect(): The mysql extension is deprecated and will be removed in the future: use mysqli or PDO instead /Volumes/FILE/Web/AppShopService/ThinkPHP/Library/Think/Db/Driver/Mysql.class.php 第 52 行.
SQL: SHOW COLUMNS FROM `user` [ RunTime:0.000598s ]
SQL: SELECT * FROM `user` RIGHT JOIN product ON buy.pid = product.id RIGHT JOIN buy ON buy.uid = user.id  WHERE ( user.id = 31 )  [ RunTime:0.000239s ]
ERR: 1054:Unknown column 'buy.pid' in 'on clause'
 [ SQL语句 ] : SELECT * FROM `user` RIGHT JOIN product ON buy.pid = product.id RIGHT JOIN buy ON buy.uid = user.id  WHERE ( user.id = 31 ) 

[ 2016-06-21T21:46:36+08:00 ] ::1 /AppShopService/index.php/Home/index/getAllOrderData
INFO: [ app_init ] --START--
INFO: Run Behavior\BuildLiteBehavior [ RunTime:0.000012s ]
INFO: [ app_init ] --END-- [ RunTime:0.000243s ]
INFO: [ app_begin ] --START--
INFO: Run Behavior\ReadHtmlCacheBehavior [ RunTime:0.000306s ]
INFO: [ app_begin ] --END-- [ RunTime:0.000343s ]
NOTIC: [8192] mysql_connect(): The mysql extension is deprecated and will be removed in the future: use mysqli or PDO instead /Volumes/FILE/Web/AppShopService/ThinkPHP/Library/Think/Db/Driver/Mysql.class.php 第 52 行.
SQL: SHOW COLUMNS FROM `user` [ RunTime:0.000507s ]
SQL: SELECT * FROM `user` INNER JOIN  product on buy.pid = product.id RIGHT JOIN buy ON buy.uid = user.id  WHERE ( user.id = 31 )  [ RunTime:0.000195s ]
ERR: 1054:Unknown column 'buy.pid' in 'on clause'
 [ SQL语句 ] : SELECT * FROM `user` INNER JOIN  product on buy.pid = product.id RIGHT JOIN buy ON buy.uid = user.id  WHERE ( user.id = 31 ) 

[ 2016-06-21T21:46:52+08:00 ] ::1 /AppShopService/index.php/Home/index/getAllOrderData
INFO: [ app_init ] --START--
INFO: Run Behavior\BuildLiteBehavior [ RunTime:0.000011s ]
INFO: [ app_init ] --END-- [ RunTime:0.000247s ]
INFO: [ app_begin ] --START--
INFO: Run Behavior\ReadHtmlCacheBehavior [ RunTime:0.000308s ]
INFO: [ app_begin ] --END-- [ RunTime:0.000345s ]
NOTIC: [8192] mysql_connect(): The mysql extension is deprecated and will be removed in the future: use mysqli or PDO instead /Volumes/FILE/Web/AppShopService/ThinkPHP/Library/Think/Db/Driver/Mysql.class.php 第 52 行.
SQL: SHOW COLUMNS FROM `user` [ RunTime:0.000571s ]
SQL: SELECT * FROM `user` RIGHT JOIN buy ON buy.uid = user.id  WHERE ( user.id = 31 )  [ RunTime:0.000367s ]

[ 2016-06-21T21:47:40+08:00 ] ::1 /AppShopService/index.php/Home/index/getAllOrderData
INFO: [ app_init ] --START--
INFO: Run Behavior\BuildLiteBehavior [ RunTime:0.000011s ]
INFO: [ app_init ] --END-- [ RunTime:0.000232s ]
INFO: [ app_begin ] --START--
INFO: Run Behavior\ReadHtmlCacheBehavior [ RunTime:0.000402s ]
INFO: [ app_begin ] --END-- [ RunTime:0.000469s ]
NOTIC: [8192] mysql_connect(): The mysql extension is deprecated and will be removed in the future: use mysqli or PDO instead /Volumes/FILE/Web/AppShopService/ThinkPHP/Library/Think/Db/Driver/Mysql.class.php 第 52 行.
SQL: SHOW COLUMNS FROM `user` [ RunTime:0.000487s ]
SQL: SELECT * FROM `user` RIGHT JOIN buy ON buy.uid = user.id INNER JOIN product  WHERE ( user.id = 31 )  [ RunTime:0.000584s ]

[ 2016-06-21T21:48:21+08:00 ] ::1 /AppShopService/index.php/Home/index/getAllOrderData
INFO: [ app_init ] --START--
INFO: Run Behavior\BuildLiteBehavior [ RunTime:0.000010s ]
INFO: [ app_init ] --END-- [ RunTime:0.000235s ]
INFO: [ app_begin ] --START--
INFO: Run Behavior\ReadHtmlCacheBehavior [ RunTime:0.000535s ]
INFO: [ app_begin ] --END-- [ RunTime:0.000580s ]
NOTIC: [8192] mysql_connect(): The mysql extension is deprecated and will be removed in the future: use mysqli or PDO instead /Volumes/FILE/Web/AppShopService/ThinkPHP/Library/Think/Db/Driver/Mysql.class.php 第 52 行.
SQL: SHOW COLUMNS FROM `user` [ RunTime:0.000580s ]
SQL: SELECT * FROM `user` RIGHT JOIN buy ON buy.uid = user.id INNER JOIN product on product.id = buy.pid  WHERE ( user.id = 31 )  [ RunTime:0.000503s ]

[ 2016-06-21T21:48:22+08:00 ] ::1 /AppShopService/index.php/Home/index/getAllOrderData
INFO: [ app_init ] --START--
INFO: Run Behavior\BuildLiteBehavior [ RunTime:0.000013s ]
INFO: [ app_init ] --END-- [ RunTime:0.000262s ]
INFO: [ app_begin ] --START--
INFO: Run Behavior\ReadHtmlCacheBehavior [ RunTime:0.000327s ]
INFO: [ app_begin ] --END-- [ RunTime:0.000373s ]
NOTIC: [8192] mysql_connect(): The mysql extension is deprecated and will be removed in the future: use mysqli or PDO instead /Volumes/FILE/Web/AppShopService/ThinkPHP/Library/Think/Db/Driver/Mysql.class.php 第 52 行.
SQL: SHOW COLUMNS FROM `user` [ RunTime:0.000491s ]
SQL: SELECT * FROM `user` RIGHT JOIN buy ON buy.uid = user.id INNER JOIN product on product.id = buy.pid  WHERE ( user.id = 31 )  [ RunTime:0.000440s ]

[ 2016-06-21T21:48:22+08:00 ] ::1 /AppShopService/index.php/Home/index/getAllOrderData
INFO: [ app_init ] --START--
INFO: Run Behavior\BuildLiteBehavior [ RunTime:0.000012s ]
INFO: [ app_init ] --END-- [ RunTime:0.000243s ]
INFO: [ app_begin ] --START--
INFO: Run Behavior\ReadHtmlCacheBehavior [ RunTime:0.000319s ]
INFO: [ app_begin ] --END-- [ RunTime:0.000358s ]
NOTIC: [8192] mysql_connect(): The mysql extension is deprecated and will be removed in the future: use mysqli or PDO instead /Volumes/FILE/Web/AppShopService/ThinkPHP/Library/Think/Db/Driver/Mysql.class.php 第 52 行.
SQL: SHOW COLUMNS FROM `user` [ RunTime:0.000548s ]
SQL: SELECT * FROM `user` RIGHT JOIN buy ON buy.uid = user.id INNER JOIN product on product.id = buy.pid  WHERE ( user.id = 31 )  [ RunTime:0.000488s ]

[ 2016-06-21T21:48:22+08:00 ] ::1 /AppShopService/index.php/Home/index/getAllOrderData
INFO: [ app_init ] --START--
INFO: Run Behavior\BuildLiteBehavior [ RunTime:0.000012s ]
INFO: [ app_init ] --END-- [ RunTime:0.000248s ]
INFO: [ app_begin ] --START--
INFO: Run Behavior\ReadHtmlCacheBehavior [ RunTime:0.000315s ]
INFO: [ app_begin ] --END-- [ RunTime:0.000355s ]
NOTIC: [8192] mysql_connect(): The mysql extension is deprecated and will be removed in the future: use mysqli or PDO instead /Volumes/FILE/Web/AppShopService/ThinkPHP/Library/Think/Db/Driver/Mysql.class.php 第 52 行.
SQL: SHOW COLUMNS FROM `user` [ RunTime:0.000526s ]
SQL: SELECT * FROM `user` RIGHT JOIN buy ON buy.uid = user.id INNER JOIN product on product.id = buy.pid  WHERE ( user.id = 31 )  [ RunTime:0.000506s ]

[ 2016-06-21T21:48:39+08:00 ] ::1 /AppShopService/index.php/Home/index/getAllOrderData
INFO: [ app_init ] --START--
INFO: Run Behavior\BuildLiteBehavior [ RunTime:0.000012s ]
INFO: [ app_init ] --END-- [ RunTime:0.000239s ]
INFO: [ app_begin ] --START--
INFO: Run Behavior\ReadHtmlCacheBehavior [ RunTime:0.000311s ]
INFO: [ app_begin ] --END-- [ RunTime:0.000348s ]
NOTIC: [8192] mysql_connect(): The mysql extension is deprecated and will be removed in the future: use mysqli or PDO instead /Volumes/FILE/Web/AppShopService/ThinkPHP/Library/Think/Db/Driver/Mysql.class.php 第 52 行.
SQL: SHOW COLUMNS FROM `user` [ RunTime:0.000476s ]
SQL: SELECT * FROM `user` RIGHT JOIN buy ON buy.uid = user.id INNER JOIN RIGHT product on product.id = buy.pid  WHERE ( user.id = 31 )  [ RunTime:0.000141s ]
ERR: 1064:You have an error in your SQL syntax; check the manual that corresponds to your MySQL server version for the right syntax to use near 'RIGHT product on product.id = buy.pid  WHERE ( user.id = 31 )' at line 1
 [ SQL语句 ] : SELECT * FROM `user` RIGHT JOIN buy ON buy.uid = user.id INNER JOIN RIGHT product on product.id = buy.pid  WHERE ( user.id = 31 ) 

[ 2016-06-21T21:49:09+08:00 ] ::1 /AppShopService/index.php/Home/index/getAllOrderData
INFO: [ app_init ] --START--
INFO: Run Behavior\BuildLiteBehavior [ RunTime:0.000013s ]
INFO: [ app_init ] --END-- [ RunTime:0.000285s ]
INFO: [ app_begin ] --START--
INFO: Run Behavior\ReadHtmlCacheBehavior [ RunTime:0.000312s ]
INFO: [ app_begin ] --END-- [ RunTime:0.000350s ]
NOTIC: [8192] mysql_connect(): The mysql extension is deprecated and will be removed in the future: use mysqli or PDO instead /Volumes/FILE/Web/AppShopService/ThinkPHP/Library/Think/Db/Driver/Mysql.class.php 第 52 行.
SQL: SHOW COLUMNS FROM `user` [ RunTime:0.000501s ]
SQL: SELECT * FROM `user` RIGHT JOIN buy ON buy.uid = user.id RIGHT JOIN product ON product.id = buy.pid  WHERE ( user.id = 31 )  [ RunTime:0.000442s ]

[ 2016-06-21T21:49:10+08:00 ] ::1 /AppShopService/index.php/Home/index/getAllOrderData
INFO: [ app_init ] --START--
INFO: Run Behavior\BuildLiteBehavior [ RunTime:0.000073s ]
INFO: [ app_init ] --END-- [ RunTime:0.000464s ]
INFO: [ app_begin ] --START--
INFO: Run Behavior\ReadHtmlCacheBehavior [ RunTime:0.000336s ]
INFO: [ app_begin ] --END-- [ RunTime:0.000377s ]
NOTIC: [8192] mysql_connect(): The mysql extension is deprecated and will be removed in the future: use mysqli or PDO instead /Volumes/FILE/Web/AppShopService/ThinkPHP/Library/Think/Db/Driver/Mysql.class.php 第 52 行.
SQL: SHOW COLUMNS FROM `user` [ RunTime:0.000488s ]
SQL: SELECT * FROM `user` RIGHT JOIN buy ON buy.uid = user.id RIGHT JOIN product ON product.id = buy.pid  WHERE ( user.id = 31 )  [ RunTime:0.000453s ]

[ 2016-06-21T21:51:16+08:00 ] ::1 /AppShopService/index.php/Home/index/getAllOrderData
INFO: [ app_init ] --START--
INFO: Run Behavior\BuildLiteBehavior [ RunTime:0.000015s ]
INFO: [ app_init ] --END-- [ RunTime:0.010832s ]
INFO: [ app_begin ] --START--
INFO: Run Behavior\ReadHtmlCacheBehavior [ RunTime:0.000563s ]
INFO: [ app_begin ] --END-- [ RunTime:0.000618s ]
NOTIC: [8192] mysql_connect(): The mysql extension is deprecated and will be removed in the future: use mysqli or PDO instead /Volumes/FILE/Web/AppShopService/ThinkPHP/Library/Think/Db/Driver/Mysql.class.php 第 52 行.
SQL: SHOW COLUMNS FROM `user` [ RunTime:0.000488s ]
SQL: SELECT * FROM `user` RIGHT JOIN buy ON buy.uid = user.id  WHERE ( user.id = 31 )  [ RunTime:0.000355s ]

[ 2016-06-21T21:51:17+08:00 ] ::1 /AppShopService/index.php/Home/index/getAllOrderData
INFO: [ app_init ] --START--
INFO: Run Behavior\BuildLiteBehavior [ RunTime:0.000017s ]
INFO: [ app_init ] --END-- [ RunTime:0.000373s ]
INFO: [ app_begin ] --START--
INFO: Run Behavior\ReadHtmlCacheBehavior [ RunTime:0.000579s ]
INFO: [ app_begin ] --END-- [ RunTime:0.000658s ]
NOTIC: [8192] mysql_connect(): The mysql extension is deprecated and will be removed in the future: use mysqli or PDO instead /Volumes/FILE/Web/AppShopService/ThinkPHP/Library/Think/Db/Driver/Mysql.class.php 第 52 行.
SQL: SHOW COLUMNS FROM `user` [ RunTime:0.000476s ]
SQL: SELECT * FROM `user` RIGHT JOIN buy ON buy.uid = user.id  WHERE ( user.id = 31 )  [ RunTime:0.000359s ]

[ 2016-06-21T21:51:17+08:00 ] ::1 /AppShopService/index.php/Home/index/getAllOrderData
INFO: [ app_init ] --START--
INFO: Run Behavior\BuildLiteBehavior [ RunTime:0.000013s ]
INFO: [ app_init ] --END-- [ RunTime:0.000246s ]
INFO: [ app_begin ] --START--
INFO: Run Behavior\ReadHtmlCacheBehavior [ RunTime:0.000609s ]
INFO: [ app_begin ] --END-- [ RunTime:0.000668s ]
NOTIC: [8192] mysql_connect(): The mysql extension is deprecated and will be removed in the future: use mysqli or PDO instead /Volumes/FILE/Web/AppShopService/ThinkPHP/Library/Think/Db/Driver/Mysql.class.php 第 52 行.
SQL: SHOW COLUMNS FROM `user` [ RunTime:0.001051s ]
SQL: SELECT * FROM `user` RIGHT JOIN buy ON buy.uid = user.id  WHERE ( user.id = 31 )  [ RunTime:0.000574s ]

[ 2016-06-21T21:55:57+08:00 ] ::1 /AppShopService/index.php/Home/index/getAllOrderData
INFO: [ app_init ] --START--
INFO: Run Behavior\BuildLiteBehavior [ RunTime:0.000016s ]
INFO: [ app_init ] --END-- [ RunTime:0.011811s ]
INFO: [ app_begin ] --START--
INFO: Run Behavior\ReadHtmlCacheBehavior [ RunTime:0.000476s ]
INFO: [ app_begin ] --END-- [ RunTime:0.000516s ]
NOTIC: [8192] mysql_connect(): The mysql extension is deprecated and will be removed in the future: use mysqli or PDO instead /Volumes/FILE/Web/AppShopService/ThinkPHP/Library/Think/Db/Driver/Mysql.class.php 第 52 行.
SQL: SHOW COLUMNS FROM `user` [ RunTime:0.000603s ]
SQL: SELECT * FROM `user` RIGHT JOIN buy ON buy.uid = user.id  WHERE ( user.id = 31 )  [ RunTime:0.000381s ]
SQL: SHOW COLUMNS FROM `product` [ RunTime:0.000428s ]
SQL: SELECT * FROM `product` WHERE ( id = 9 ) LIMIT 1   [ RunTime:0.000223s ]
SQL: SHOW COLUMNS FROM `product` [ RunTime:0.000373s ]
SQL: SELECT * FROM `product` WHERE ( id = 9 ) LIMIT 1   [ RunTime:0.000205s ]
INFO: [ app_end ] --START--
INFO: Run Behavior\ShowPageTraceBehavior [ RunTime:0.000652s ]
INFO: [ app_end ] --END-- [ RunTime:0.000693s ]

[ 2016-06-21T21:56:12+08:00 ] ::1 /AppShopService/index.php/Home/index/getAllOrderData
INFO: [ app_init ] --START--
INFO: Run Behavior\BuildLiteBehavior [ RunTime:0.000012s ]
INFO: [ app_init ] --END-- [ RunTime:0.000240s ]
INFO: [ app_begin ] --START--
INFO: Run Behavior\ReadHtmlCacheBehavior [ RunTime:0.000303s ]
INFO: [ app_begin ] --END-- [ RunTime:0.000341s ]
NOTIC: [8192] mysql_connect(): The mysql extension is deprecated and will be removed in the future: use mysqli or PDO instead /Volumes/FILE/Web/AppShopService/ThinkPHP/Library/Think/Db/Driver/Mysql.class.php 第 52 行.
SQL: SHOW COLUMNS FROM `user` [ RunTime:0.000482s ]
SQL: SELECT * FROM `user` RIGHT JOIN buy ON buy.uid = user.id  WHERE ( user.id = 30 )  [ RunTime:0.000365s ]
SQL: SHOW COLUMNS FROM `product` [ RunTime:0.000391s ]
SQL: SELECT * FROM `product` WHERE ( id = 11 ) LIMIT 1   [ RunTime:0.000216s ]
SQL: SHOW COLUMNS FROM `product` [ RunTime:0.000392s ]
SQL: SELECT * FROM `product` WHERE ( id = 7 ) LIMIT 1   [ RunTime:0.000242s ]
INFO: [ app_end ] --START--
INFO: Run Behavior\ShowPageTraceBehavior [ RunTime:0.000500s ]
INFO: [ app_end ] --END-- [ RunTime:0.000551s ]

