[ 2016-06-09T17:42:18+08:00 ] ::1 /AppShopService/index.php/Home/getAllOrderData
INFO: [ app_init ] --START--
INFO: Run Behavior\BuildLiteBehavior [ RunTime:0.000014s ]
INFO: [ app_init ] --END-- [ RunTime:0.007039s ]
INFO: [ app_begin ] --START--
INFO: Run Behavior\ReadHtmlCacheBehavior [ RunTime:0.000692s ]
INFO: [ app_begin ] --END-- [ RunTime:0.000765s ]
ERR: 无法加载控制器:GetAllOrderData

[ 2016-06-09T17:42:31+08:00 ] ::1 /AppShopService/index.php/Home/index/getAllOrderData
INFO: [ app_init ] --START--
INFO: Run Behavior\BuildLiteBehavior [ RunTime:0.000012s ]
INFO: [ app_init ] --END-- [ RunTime:0.000393s ]
INFO: [ app_begin ] --START--
INFO: Run Behavior\ReadHtmlCacheBehavior [ RunTime:0.000472s ]
INFO: [ app_begin ] --END-- [ RunTime:0.000535s ]
NOTIC: [8192] mysql_connect(): The mysql extension is deprecated and will be removed in the future: use mysqli or PDO instead /Volumes/FILE/Web/AppShopService/ThinkPHP/Library/Think/Db/Driver/Mysql.class.php 第 52 行.
SQL: SHOW COLUMNS FROM `buy` [ RunTime:0.000558s ]
SQL: SELECT * FROM `buy` INNER JOIN  user on buy.uid = user.id INNER JOIN product on buy.pid = product.id   [ RunTime:0.000726s ]
SQL: SHOW COLUMNS FROM `buy` [ RunTime:0.000555s ]
SQL: SELECT `id` FROM `buy`  [ RunTime:0.000220s ]
INFO: [ app_end ] --START--
INFO: Run Behavior\ShowPageTraceBehavior [ RunTime:0.000897s ]
INFO: [ app_end ] --END-- [ RunTime:0.000979s ]

[ 2016-06-09T17:48:25+08:00 ] ::1 /AppShopService/index.php/Home/index/getAllOrderData
INFO: [ app_init ] --START--
INFO: Run Behavior\BuildLiteBehavior [ RunTime:0.000014s ]
INFO: [ app_init ] --END-- [ RunTime:0.006876s ]
INFO: [ app_begin ] --START--
INFO: Run Behavior\ReadHtmlCacheBehavior [ RunTime:0.000645s ]
INFO: [ app_begin ] --END-- [ RunTime:0.000720s ]
NOTIC: [8192] mysql_connect(): The mysql extension is deprecated and will be removed in the future: use mysqli or PDO instead /Volumes/FILE/Web/AppShopService/ThinkPHP/Library/Think/Db/Driver/Mysql.class.php 第 52 行.
SQL: SHOW COLUMNS FROM `buy` [ RunTime:0.000521s ]
SQL: SELECT * FROM `buy` INNER JOIN  user on buy.uid = user.id INNER JOIN product on buy.pid = product.id   [ RunTime:0.000488s ]
SQL: SHOW COLUMNS FROM `buy` [ RunTime:0.000393s ]
SQL: SELECT `id` FROM `buy`  [ RunTime:0.000176s ]
INFO: [ app_end ] --START--
INFO: Run Behavior\ShowPageTraceBehavior [ RunTime:0.000739s ]
INFO: [ app_end ] --END-- [ RunTime:0.000792s ]

[ 2016-06-09T17:48:25+08:00 ] ::1 /AppShopService/index.php/Home/index/getAllOrderData
INFO: [ app_init ] --START--
INFO: Run Behavior\BuildLiteBehavior [ RunTime:0.000012s ]
INFO: [ app_init ] --END-- [ RunTime:0.000238s ]
INFO: [ app_begin ] --START--
INFO: Run Behavior\ReadHtmlCacheBehavior [ RunTime:0.000300s ]
INFO: [ app_begin ] --END-- [ RunTime:0.000337s ]
NOTIC: [8192] mysql_connect(): The mysql extension is deprecated and will be removed in the future: use mysqli or PDO instead /Volumes/FILE/Web/AppShopService/ThinkPHP/Library/Think/Db/Driver/Mysql.class.php 第 52 行.
SQL: SHOW COLUMNS FROM `buy` [ RunTime:0.000483s ]
SQL: SELECT * FROM `buy` INNER JOIN  user on buy.uid = user.id INNER JOIN product on buy.pid = product.id   [ RunTime:0.000459s ]
SQL: SHOW COLUMNS FROM `buy` [ RunTime:0.000409s ]
SQL: SELECT `id` FROM `buy`  [ RunTime:0.000195s ]
INFO: [ app_end ] --START--
INFO: Run Behavior\ShowPageTraceBehavior [ RunTime:0.000419s ]
INFO: [ app_end ] --END-- [ RunTime:0.000458s ]

[ 2016-06-09T17:48:26+08:00 ] ::1 /AppShopService/index.php/Home/index/getAllOrderData
INFO: [ app_init ] --START--
INFO: Run Behavior\BuildLiteBehavior [ RunTime:0.000015s ]
INFO: [ app_init ] --END-- [ RunTime:0.000358s ]
INFO: [ app_begin ] --START--
INFO: Run Behavior\ReadHtmlCacheBehavior [ RunTime:0.000512s ]
INFO: [ app_begin ] --END-- [ RunTime:0.000568s ]
NOTIC: [8192] mysql_connect(): The mysql extension is deprecated and will be removed in the future: use mysqli or PDO instead /Volumes/FILE/Web/AppShopService/ThinkPHP/Library/Think/Db/Driver/Mysql.class.php 第 52 行.
SQL: SHOW COLUMNS FROM `buy` [ RunTime:0.000554s ]
SQL: SELECT * FROM `buy` INNER JOIN  user on buy.uid = user.id INNER JOIN product on buy.pid = product.id   [ RunTime:0.000566s ]
SQL: SHOW COLUMNS FROM `buy` [ RunTime:0.000482s ]
SQL: SELECT `id` FROM `buy`  [ RunTime:0.000218s ]
INFO: [ app_end ] --START--
INFO: Run Behavior\ShowPageTraceBehavior [ RunTime:0.000431s ]
INFO: [ app_end ] --END-- [ RunTime:0.000471s ]

[ 2016-06-09T17:48:39+08:00 ] ::1 /AppShopService/index.php/Home/getAllOrderData
INFO: [ app_init ] --START--
INFO: Run Behavior\BuildLiteBehavior [ RunTime:0.000011s ]
INFO: [ app_init ] --END-- [ RunTime:0.000445s ]
INFO: [ app_begin ] --START--
INFO: Run Behavior\ReadHtmlCacheBehavior [ RunTime:0.000457s ]
INFO: [ app_begin ] --END-- [ RunTime:0.000526s ]
ERR: 无法加载控制器:GetAllOrderData

[ 2016-06-09T17:48:40+08:00 ] ::1 /AppShopService/index.php/Home/index/getAllOrderData
INFO: [ app_init ] --START--
INFO: Run Behavior\BuildLiteBehavior [ RunTime:0.000012s ]
INFO: [ app_init ] --END-- [ RunTime:0.000241s ]
INFO: [ app_begin ] --START--
INFO: Run Behavior\ReadHtmlCacheBehavior [ RunTime:0.000305s ]
INFO: [ app_begin ] --END-- [ RunTime:0.000342s ]
NOTIC: [8192] mysql_connect(): The mysql extension is deprecated and will be removed in the future: use mysqli or PDO instead /Volumes/FILE/Web/AppShopService/ThinkPHP/Library/Think/Db/Driver/Mysql.class.php 第 52 行.
SQL: SHOW COLUMNS FROM `buy` [ RunTime:0.000517s ]
SQL: SELECT * FROM `buy` INNER JOIN  user on buy.uid = user.id INNER JOIN product on buy.pid = product.id   [ RunTime:0.000492s ]
SQL: SHOW COLUMNS FROM `buy` [ RunTime:0.000383s ]
SQL: SELECT `id` FROM `buy`  [ RunTime:0.000175s ]
INFO: [ app_end ] --START--
INFO: Run Behavior\ShowPageTraceBehavior [ RunTime:0.000637s ]
INFO: [ app_end ] --END-- [ RunTime:0.000691s ]

[ 2016-06-09T17:48:49+08:00 ] ::1 /AppShopService/index.php/Home/index/getAllOrderData
INFO: [ app_init ] --START--
INFO: Run Behavior\BuildLiteBehavior [ RunTime:0.000013s ]
INFO: [ app_init ] --END-- [ RunTime:0.000404s ]
INFO: [ app_begin ] --START--
INFO: Run Behavior\ReadHtmlCacheBehavior [ RunTime:0.000503s ]
INFO: [ app_begin ] --END-- [ RunTime:0.000571s ]
NOTIC: [8192] mysql_connect(): The mysql extension is deprecated and will be removed in the future: use mysqli or PDO instead /Volumes/FILE/Web/AppShopService/ThinkPHP/Library/Think/Db/Driver/Mysql.class.php 第 52 行.
SQL: SHOW COLUMNS FROM `buy` [ RunTime:0.000529s ]
SQL: SELECT * FROM `buy` INNER JOIN  user on buy.uid = user.id INNER JOIN product on buy.pid = product.id   [ RunTime:0.000464s ]
SQL: SHOW COLUMNS FROM `buy` [ RunTime:0.000390s ]
SQL: SELECT `id` FROM `buy`  [ RunTime:0.000174s ]
INFO: [ app_end ] --START--
INFO: Run Behavior\ShowPageTraceBehavior [ RunTime:0.000554s ]
INFO: [ app_end ] --END-- [ RunTime:0.000604s ]

[ 2016-06-09T17:49:24+08:00 ] ::1 /AppShopService/index.php/Home/index/getAllOrderData
INFO: [ app_init ] --START--
INFO: Run Behavior\BuildLiteBehavior [ RunTime:0.000011s ]
INFO: [ app_init ] --END-- [ RunTime:0.000237s ]
INFO: [ app_begin ] --START--
INFO: Run Behavior\ReadHtmlCacheBehavior [ RunTime:0.000298s ]
INFO: [ app_begin ] --END-- [ RunTime:0.000336s ]
NOTIC: [8192] mysql_connect(): The mysql extension is deprecated and will be removed in the future: use mysqli or PDO instead /Volumes/FILE/Web/AppShopService/ThinkPHP/Library/Think/Db/Driver/Mysql.class.php 第 52 行.
SQL: SHOW COLUMNS FROM `buy` [ RunTime:0.000529s ]
SQL: SELECT * FROM `buy` INNER JOIN  user on buy.uid = user.id INNER JOIN product on buy.pid = product.id   [ RunTime:0.000468s ]
SQL: SHOW COLUMNS FROM `buy` [ RunTime:0.000520s ]
SQL: SELECT `id` FROM `buy`  [ RunTime:0.000193s ]
INFO: [ app_end ] --START--
INFO: Run Behavior\ShowPageTraceBehavior [ RunTime:0.000422s ]
INFO: [ app_end ] --END-- [ RunTime:0.000461s ]

[ 2016-06-09T17:49:25+08:00 ] ::1 /AppShopService/index.php/Home/index/getAllOrderData
INFO: [ app_init ] --START--
INFO: Run Behavior\BuildLiteBehavior [ RunTime:0.000018s ]
INFO: [ app_init ] --END-- [ RunTime:0.000385s ]
INFO: [ app_begin ] --START--
INFO: Run Behavior\ReadHtmlCacheBehavior [ RunTime:0.000326s ]
INFO: [ app_begin ] --END-- [ RunTime:0.000365s ]
NOTIC: [8192] mysql_connect(): The mysql extension is deprecated and will be removed in the future: use mysqli or PDO instead /Volumes/FILE/Web/AppShopService/ThinkPHP/Library/Think/Db/Driver/Mysql.class.php 第 52 行.
SQL: SHOW COLUMNS FROM `buy` [ RunTime:0.000490s ]
SQL: SELECT * FROM `buy` INNER JOIN  user on buy.uid = user.id INNER JOIN product on buy.pid = product.id   [ RunTime:0.000628s ]
SQL: SHOW COLUMNS FROM `buy` [ RunTime:0.000619s ]
SQL: SELECT `id` FROM `buy`  [ RunTime:0.000205s ]
INFO: [ app_end ] --START--
INFO: Run Behavior\ShowPageTraceBehavior [ RunTime:0.000419s ]
INFO: [ app_end ] --END-- [ RunTime:0.000458s ]

[ 2016-06-09T17:49:25+08:00 ] ::1 /AppShopService/index.php/Home/index/getAllOrderData
INFO: [ app_init ] --START--
INFO: Run Behavior\BuildLiteBehavior [ RunTime:0.000011s ]
INFO: [ app_init ] --END-- [ RunTime:0.000239s ]
INFO: [ app_begin ] --START--
INFO: Run Behavior\ReadHtmlCacheBehavior [ RunTime:0.000305s ]
INFO: [ app_begin ] --END-- [ RunTime:0.000342s ]
NOTIC: [8192] mysql_connect(): The mysql extension is deprecated and will be removed in the future: use mysqli or PDO instead /Volumes/FILE/Web/AppShopService/ThinkPHP/Library/Think/Db/Driver/Mysql.class.php 第 52 行.
SQL: SHOW COLUMNS FROM `buy` [ RunTime:0.000610s ]
SQL: SELECT * FROM `buy` INNER JOIN  user on buy.uid = user.id INNER JOIN product on buy.pid = product.id   [ RunTime:0.000481s ]
SQL: SHOW COLUMNS FROM `buy` [ RunTime:0.000416s ]
SQL: SELECT `id` FROM `buy`  [ RunTime:0.000166s ]
INFO: [ app_end ] --START--
INFO: Run Behavior\ShowPageTraceBehavior [ RunTime:0.000421s ]
INFO: [ app_end ] --END-- [ RunTime:0.000461s ]

[ 2016-06-09T17:50:55+08:00 ] ::1 /AppShopService/index.php/Home/index/getAllOrderData
INFO: [ app_init ] --START--
INFO: Run Behavior\BuildLiteBehavior [ RunTime:0.000014s ]
INFO: [ app_init ] --END-- [ RunTime:0.010855s ]
INFO: [ app_begin ] --START--
INFO: Run Behavior\ReadHtmlCacheBehavior [ RunTime:0.000498s ]
INFO: [ app_begin ] --END-- [ RunTime:0.000547s ]
NOTIC: [8192] mysql_connect(): The mysql extension is deprecated and will be removed in the future: use mysqli or PDO instead /Volumes/FILE/Web/AppShopService/ThinkPHP/Library/Think/Db/Driver/Mysql.class.php 第 52 行.
SQL: SHOW COLUMNS FROM `buy` [ RunTime:0.000518s ]
SQL: SELECT * FROM `buy` INNER JOIN  user on buy.uid = user.id INNER JOIN product on buy.pid = product.id   [ RunTime:0.000506s ]
SQL: SHOW COLUMNS FROM `buy` [ RunTime:0.000387s ]
SQL: SELECT `id` FROM `buy`  [ RunTime:0.000172s ]
INFO: [ app_end ] --START--
INFO: Run Behavior\ShowPageTraceBehavior [ RunTime:0.008366s ]
INFO: [ app_end ] --END-- [ RunTime:0.008427s ]

[ 2016-06-09T17:51:27+08:00 ] ::1 /AppShopService/index.php/Home/index/getAllOrderData
INFO: [ app_init ] --START--
INFO: Run Behavior\BuildLiteBehavior [ RunTime:0.000011s ]
INFO: [ app_init ] --END-- [ RunTime:0.000238s ]
INFO: [ app_begin ] --START--
INFO: Run Behavior\ReadHtmlCacheBehavior [ RunTime:0.000305s ]
INFO: [ app_begin ] --END-- [ RunTime:0.000341s ]
NOTIC: [8192] mysql_connect(): The mysql extension is deprecated and will be removed in the future: use mysqli or PDO instead /Volumes/FILE/Web/AppShopService/ThinkPHP/Library/Think/Db/Driver/Mysql.class.php 第 52 行.
SQL: SHOW COLUMNS FROM `buy` [ RunTime:0.000538s ]
SQL: SELECT * FROM `buy` INNER JOIN  user on buy.uid = user.id INNER JOIN product on buy.pid = product.id   [ RunTime:0.000472s ]
SQL: SHOW COLUMNS FROM `buy` [ RunTime:0.000398s ]
SQL: SELECT `id` FROM `buy`  [ RunTime:0.000173s ]
INFO: [ app_end ] --START--
INFO: Run Behavior\ShowPageTraceBehavior [ RunTime:0.000455s ]
INFO: [ app_end ] --END-- [ RunTime:0.000505s ]

[ 2016-06-09T19:48:17+08:00 ] ::1 /AppShopService/index.php/Home/Index/index/getOrderInfo
INFO: [ app_init ] --START--
INFO: Run Behavior\BuildLiteBehavior [ RunTime:0.000015s ]
INFO: [ app_init ] --END-- [ RunTime:0.010378s ]
INFO: [ app_begin ] --START--
INFO: Run Behavior\ReadHtmlCacheBehavior [ RunTime:0.000526s ]
INFO: [ app_begin ] --END-- [ RunTime:0.000574s ]
INFO: [ app_end ] --START--
INFO: Run Behavior\ShowPageTraceBehavior [ RunTime:0.008028s ]
INFO: [ app_end ] --END-- [ RunTime:0.008087s ]

[ 2016-06-09T19:48:25+08:00 ] ::1 /AppShopService/index.php/Home/Index/getOrderInfo
INFO: [ app_init ] --START--
INFO: Run Behavior\BuildLiteBehavior [ RunTime:0.000012s ]
INFO: [ app_init ] --END-- [ RunTime:0.000237s ]
INFO: [ app_begin ] --START--
INFO: Run Behavior\ReadHtmlCacheBehavior [ RunTime:0.000376s ]
INFO: [ app_begin ] --END-- [ RunTime:0.000414s ]
ERR: 非法操作:getOrderInfo

[ 2016-06-09T19:48:37+08:00 ] ::1 /AppShopService/index.php/Home/Index/getAllOrderData
INFO: [ app_init ] --START--
INFO: Run Behavior\BuildLiteBehavior [ RunTime:0.000013s ]
INFO: [ app_init ] --END-- [ RunTime:0.000390s ]
INFO: [ app_begin ] --START--
INFO: Run Behavior\ReadHtmlCacheBehavior [ RunTime:0.000779s ]
INFO: [ app_begin ] --END-- [ RunTime:0.000857s ]
NOTIC: [8192] mysql_connect(): The mysql extension is deprecated and will be removed in the future: use mysqli or PDO instead /Volumes/FILE/Web/AppShopService/ThinkPHP/Library/Think/Db/Driver/Mysql.class.php 第 52 行.
SQL: SHOW COLUMNS FROM `buy` [ RunTime:0.000612s ]
SQL: SELECT * FROM `buy` INNER JOIN  user on buy.uid = user.id INNER JOIN product on buy.pid = product.id   [ RunTime:0.000603s ]
SQL: SHOW COLUMNS FROM `buy` [ RunTime:0.000448s ]
SQL: SELECT `id` FROM `buy`  [ RunTime:0.000247s ]
INFO: [ app_end ] --START--
INFO: Run Behavior\ShowPageTraceBehavior [ RunTime:0.000575s ]
INFO: [ app_end ] --END-- [ RunTime:0.000626s ]

[ 2016-06-09T22:14:53+08:00 ] ::1 /AppShopService/index.php/Home/index/getAllOrderData
INFO: [ app_init ] --START--
INFO: Run Behavior\BuildLiteBehavior [ RunTime:0.000018s ]
INFO: [ app_init ] --END-- [ RunTime:0.010906s ]
INFO: [ app_begin ] --START--
INFO: Run Behavior\ReadHtmlCacheBehavior [ RunTime:0.000554s ]
INFO: [ app_begin ] --END-- [ RunTime:0.000612s ]
NOTIC: [8192] mysql_connect(): The mysql extension is deprecated and will be removed in the future: use mysqli or PDO instead /Volumes/FILE/Web/AppShopService/ThinkPHP/Library/Think/Db/Driver/Mysql.class.php 第 52 行.
SQL: SHOW COLUMNS FROM `buy` [ RunTime:0.000523s ]
SQL: SELECT * FROM `buy` INNER JOIN  user on buy.uid = user.id INNER JOIN product on buy.pid = product.id   [ RunTime:0.000572s ]
SQL: SHOW COLUMNS FROM `buy` [ RunTime:0.000393s ]
SQL: SELECT `id` FROM `buy`  [ RunTime:0.000169s ]
INFO: [ app_end ] --START--
INFO: Run Behavior\ShowPageTraceBehavior [ RunTime:0.000595s ]
INFO: [ app_end ] --END-- [ RunTime:0.000636s ]

