[ 2016-06-24T12:03:41+08:00 ] ::1 /AppShopService/index.php/Home/index/findPassCheckPhoneExsit?phone=18166387245
INFO: [ app_init ] --START--
INFO: Run Behavior\BuildLiteBehavior [ RunTime:0.000046s ]
INFO: [ app_init ] --END-- [ RunTime:0.023105s ]
INFO: [ app_begin ] --START--
INFO: Run Behavior\ReadHtmlCacheBehavior [ RunTime:0.033642s ]
INFO: [ app_begin ] --END-- [ RunTime:0.033734s ]
NOTIC: [8192] mysql_connect(): The mysql extension is deprecated and will be removed in the future: use mysqli or PDO instead /Volumes/FILE/Web/AppShopService/ThinkPHP/Library/Think/Db/Driver/Mysql.class.php 第 52 行.
NOTIC: [2] mysql_connect(): Connection refused /Volumes/FILE/Web/AppShopService/ThinkPHP/Library/Think/Db/Driver/Mysql.class.php 第 52 行.
ERR: Connection refused

[ 2016-06-24T17:53:53+08:00 ] ::1 /AppShopService/index.php/Home/index/findPassCheckPhoneExsit?phone=18166387245
INFO: [ app_init ] --START--
INFO: Run Behavior\BuildLiteBehavior [ RunTime:0.000044s ]
INFO: [ app_init ] --END-- [ RunTime:0.032654s ]
INFO: [ app_begin ] --START--
INFO: Run Behavior\ReadHtmlCacheBehavior [ RunTime:0.036331s ]
INFO: [ app_begin ] --END-- [ RunTime:0.036409s ]
NOTIC: [8192] mysql_connect(): The mysql extension is deprecated and will be removed in the future: use mysqli or PDO instead /Volumes/FILE/Web/AppShopService/ThinkPHP/Library/Think/Db/Driver/Mysql.class.php 第 52 行.
NOTIC: [2] mysql_connect(): Connection refused /Volumes/FILE/Web/AppShopService/ThinkPHP/Library/Think/Db/Driver/Mysql.class.php 第 52 行.
ERR: Connection refused

[ 2016-06-24T22:39:13+08:00 ] ::1 /AppShopService/index.php/Home/index/getUpdateAppInfo
INFO: [ app_init ] --START--
INFO: Run Behavior\BuildLiteBehavior [ RunTime:0.000012s ]
INFO: [ app_init ] --END-- [ RunTime:0.000244s ]
INFO: [ app_begin ] --START--
INFO: Run Behavior\ReadHtmlCacheBehavior [ RunTime:0.000388s ]
INFO: [ app_begin ] --END-- [ RunTime:0.000442s ]
NOTIC: [8192] mysql_connect(): The mysql extension is deprecated and will be removed in the future: use mysqli or PDO instead /Volumes/FILE/Web/AppShopService/ThinkPHP/Library/Think/Db/Driver/Mysql.class.php 第 52 行.
SQL: SHOW COLUMNS FROM `updateapp` [ RunTime:0.000555s ]
SQL: SELECT * FROM `updateapp` ORDER BY updatetime desc  [ RunTime:0.000271s ]
NOTIC: [8] Undefined index: updateContent /Volumes/FILE/Web/AppShopService/Application/Home/Controller/IndexController.class.php 第 252 行.
INFO: [ app_end ] --START--
INFO: Run Behavior\ShowPageTraceBehavior [ RunTime:0.000412s ]
INFO: [ app_end ] --END-- [ RunTime:0.000451s ]

[ 2016-06-24T22:39:24+08:00 ] ::1 /AppShopService/index.php/Home/index/getUpdateAppInfo
INFO: [ app_init ] --START--
INFO: Run Behavior\BuildLiteBehavior [ RunTime:0.000015s ]
INFO: [ app_init ] --END-- [ RunTime:0.000311s ]
INFO: [ app_begin ] --START--
INFO: Run Behavior\ReadHtmlCacheBehavior [ RunTime:0.000369s ]
INFO: [ app_begin ] --END-- [ RunTime:0.000409s ]
NOTIC: [8192] mysql_connect(): The mysql extension is deprecated and will be removed in the future: use mysqli or PDO instead /Volumes/FILE/Web/AppShopService/ThinkPHP/Library/Think/Db/Driver/Mysql.class.php 第 52 行.
SQL: SHOW COLUMNS FROM `updateapp` [ RunTime:0.000530s ]
SQL: SELECT * FROM `updateapp` ORDER BY updatetime desc  [ RunTime:0.000284s ]
INFO: [ app_end ] --START--
INFO: Run Behavior\ShowPageTraceBehavior [ RunTime:0.000422s ]
INFO: [ app_end ] --END-- [ RunTime:0.000460s ]

