[ 2016-06-10T22:21:58+08:00 ] ::1 /AppShopService/index.php/Admin
INFO: [ app_init ] --START--
INFO: Run Behavior\BuildLiteBehavior [ RunTime:0.000041s ]
INFO: [ app_init ] --END-- [ RunTime:0.010239s ]
INFO: [ app_begin ] --START--
INFO: Run Behavior\ReadHtmlCacheBehavior [ RunTime:0.000723s ]
INFO: [ app_begin ] --END-- [ RunTime:0.000793s ]
NOTIC: [8192] mysql_connect(): The mysql extension is deprecated and will be removed in the future: use mysqli or PDO instead /Volumes/FILE/Web/AppShopService/ThinkPHP/Library/Think/Db/Driver/Mysql.class.php 第 52 行.
SQL: SHOW COLUMNS FROM `banner` [ RunTime:0.008742s ]
SQL: SELECT * FROM `banner`  [ RunTime:0.000912s ]
SQL: SHOW COLUMNS FROM `product` [ RunTime:0.001370s ]
SQL: SELECT * FROM `product` ORDER BY type asc  [ RunTime:0.000760s ]
SQL: SHOW COLUMNS FROM `user` [ RunTime:0.001160s ]
SQL: SELECT * FROM `user`  [ RunTime:0.000226s ]
SQL: SHOW COLUMNS FROM `buy` [ RunTime:0.001178s ]
SQL: SELECT * FROM `buy` INNER JOIN  user on buy.uid = user.id INNER JOIN product on buy.pid = product.id   [ RunTime:0.002811s ]
SQL: SHOW COLUMNS FROM `buy` [ RunTime:0.000569s ]
SQL: SELECT `id` FROM `buy`  [ RunTime:0.000208s ]

[ 2016-06-10T22:23:40+08:00 ] ::1 /AppShopService/index.php/Admin
INFO: [ app_init ] --START--
INFO: Run Behavior\BuildLiteBehavior [ RunTime:0.000019s ]
INFO: [ app_init ] --END-- [ RunTime:0.000331s ]
INFO: [ app_begin ] --START--
INFO: Run Behavior\ReadHtmlCacheBehavior [ RunTime:0.000355s ]
INFO: [ app_begin ] --END-- [ RunTime:0.000399s ]
NOTIC: [8192] mysql_connect(): The mysql extension is deprecated and will be removed in the future: use mysqli or PDO instead /Volumes/FILE/Web/AppShopService/ThinkPHP/Library/Think/Db/Driver/Mysql.class.php 第 52 行.
SQL: SHOW COLUMNS FROM `banner` [ RunTime:0.000584s ]
SQL: SELECT * FROM `banner`  [ RunTime:0.000227s ]
SQL: SHOW COLUMNS FROM `product` [ RunTime:0.000474s ]
SQL: SELECT * FROM `product` ORDER BY type asc  [ RunTime:0.000325s ]
SQL: SHOW COLUMNS FROM `user` [ RunTime:0.000389s ]
SQL: SELECT * FROM `user`  [ RunTime:0.000198s ]
SQL: SHOW COLUMNS FROM `buy` [ RunTime:0.000388s ]
SQL: SELECT * FROM `buy` INNER JOIN  user on buy.uid = user.id INNER JOIN product on buy.pid = product.id   [ RunTime:0.000382s ]
SQL: SHOW COLUMNS FROM `buy` [ RunTime:0.000633s ]
SQL: SELECT `id` FROM `buy`  [ RunTime:0.000224s ]
INFO: [ view_parse ] --START--
INFO: [ template_filter ] --START--
INFO: Run Behavior\ContentReplaceBehavior [ RunTime:0.000106s ]
INFO: [ template_filter ] --END-- [ RunTime:0.000164s ]
NOTIC: [8] Undefined variable: show /Volumes/FILE/Web/AppShopService/Application/Runtime/Cache/Admin/b595b808c2ebeeeb0478ffc30bb4e87a.php 第 130 行.
NOTIC: [8] Undefined index: username /Volumes/FILE/Web/AppShopService/Application/Runtime/Cache/Admin/b595b808c2ebeeeb0478ffc30bb4e87a.php 第 321 行.
NOTIC: [8] Undefined index: logintime /Volumes/FILE/Web/AppShopService/Application/Runtime/Cache/Admin/b595b808c2ebeeeb0478ffc30bb4e87a.php 第 323 行.
NOTIC: [8] Undefined index: username /Volumes/FILE/Web/AppShopService/Application/Runtime/Cache/Admin/b595b808c2ebeeeb0478ffc30bb4e87a.php 第 321 行.
NOTIC: [8] Undefined index: logintime /Volumes/FILE/Web/AppShopService/Application/Runtime/Cache/Admin/b595b808c2ebeeeb0478ffc30bb4e87a.php 第 323 行.
NOTIC: [8] Undefined index: username /Volumes/FILE/Web/AppShopService/Application/Runtime/Cache/Admin/b595b808c2ebeeeb0478ffc30bb4e87a.php 第 321 行.
NOTIC: [8] Undefined index: logintime /Volumes/FILE/Web/AppShopService/Application/Runtime/Cache/Admin/b595b808c2ebeeeb0478ffc30bb4e87a.php 第 323 行.
NOTIC: [8] Undefined index: username /Volumes/FILE/Web/AppShopService/Application/Runtime/Cache/Admin/b595b808c2ebeeeb0478ffc30bb4e87a.php 第 321 行.
NOTIC: [8] Undefined index: logintime /Volumes/FILE/Web/AppShopService/Application/Runtime/Cache/Admin/b595b808c2ebeeeb0478ffc30bb4e87a.php 第 323 行.
NOTIC: [8] Undefined index: ispay /Volumes/FILE/Web/AppShopService/Application/Runtime/Cache/Admin/b595b808c2ebeeeb0478ffc30bb4e87a.php 第 386 行.
NOTIC: [8] Undefined index: ispay /Volumes/FILE/Web/AppShopService/Application/Runtime/Cache/Admin/b595b808c2ebeeeb0478ffc30bb4e87a.php 第 388 行.
NOTIC: [8] Undefined index: isdeliver /Volumes/FILE/Web/AppShopService/Application/Runtime/Cache/Admin/b595b808c2ebeeeb0478ffc30bb4e87a.php 第 391 行.
NOTIC: [8] Undefined index: isdeliver /Volumes/FILE/Web/AppShopService/Application/Runtime/Cache/Admin/b595b808c2ebeeeb0478ffc30bb4e87a.php 第 393 行.
NOTIC: [8] Undefined index: isaccess /Volumes/FILE/Web/AppShopService/Application/Runtime/Cache/Admin/b595b808c2ebeeeb0478ffc30bb4e87a.php 第 396 行.
NOTIC: [8] Undefined index: isaccess /Volumes/FILE/Web/AppShopService/Application/Runtime/Cache/Admin/b595b808c2ebeeeb0478ffc30bb4e87a.php 第 398 行.
NOTIC: [8] Undefined index: ispay /Volumes/FILE/Web/AppShopService/Application/Runtime/Cache/Admin/b595b808c2ebeeeb0478ffc30bb4e87a.php 第 386 行.
NOTIC: [8] Undefined index: ispay /Volumes/FILE/Web/AppShopService/Application/Runtime/Cache/Admin/b595b808c2ebeeeb0478ffc30bb4e87a.php 第 388 行.
NOTIC: [8] Undefined index: isdeliver /Volumes/FILE/Web/AppShopService/Application/Runtime/Cache/Admin/b595b808c2ebeeeb0478ffc30bb4e87a.php 第 391 行.
NOTIC: [8] Undefined index: isdeliver /Volumes/FILE/Web/AppShopService/Application/Runtime/Cache/Admin/b595b808c2ebeeeb0478ffc30bb4e87a.php 第 393 行.
NOTIC: [8] Undefined index: isaccess /Volumes/FILE/Web/AppShopService/Application/Runtime/Cache/Admin/b595b808c2ebeeeb0478ffc30bb4e87a.php 第 396 行.
NOTIC: [8] Undefined index: isaccess /Volumes/FILE/Web/AppShopService/Application/Runtime/Cache/Admin/b595b808c2ebeeeb0478ffc30bb4e87a.php 第 398 行.
NOTIC: [8] Undefined index: ispay /Volumes/FILE/Web/AppShopService/Application/Runtime/Cache/Admin/b595b808c2ebeeeb0478ffc30bb4e87a.php 第 386 行.
NOTIC: [8] Undefined index: ispay /Volumes/FILE/Web/AppShopService/Application/Runtime/Cache/Admin/b595b808c2ebeeeb0478ffc30bb4e87a.php 第 388 行.
NOTIC: [8] Undefined index: isdeliver /Volumes/FILE/Web/AppShopService/Application/Runtime/Cache/Admin/b595b808c2ebeeeb0478ffc30bb4e87a.php 第 391 行.
NOTIC: [8] Undefined index: isdeliver /Volumes/FILE/Web/AppShopService/Application/Runtime/Cache/Admin/b595b808c2ebeeeb0478ffc30bb4e87a.php 第 393 行.
NOTIC: [8] Undefined index: isaccess /Volumes/FILE/Web/AppShopService/Application/Runtime/Cache/Admin/b595b808c2ebeeeb0478ffc30bb4e87a.php 第 396 行.
NOTIC: [8] Undefined index: isaccess /Volumes/FILE/Web/AppShopService/Application/Runtime/Cache/Admin/b595b808c2ebeeeb0478ffc30bb4e87a.php 第 398 行.
NOTIC: [8] Undefined index: ispay /Volumes/FILE/Web/AppShopService/Application/Runtime/Cache/Admin/b595b808c2ebeeeb0478ffc30bb4e87a.php 第 386 行.
NOTIC: [8] Undefined index: ispay /Volumes/FILE/Web/AppShopService/Application/Runtime/Cache/Admin/b595b808c2ebeeeb0478ffc30bb4e87a.php 第 388 行.
NOTIC: [8] Undefined index: isdeliver /Volumes/FILE/Web/AppShopService/Application/Runtime/Cache/Admin/b595b808c2ebeeeb0478ffc30bb4e87a.php 第 391 行.
NOTIC: [8] Undefined index: isdeliver /Volumes/FILE/Web/AppShopService/Application/Runtime/Cache/Admin/b595b808c2ebeeeb0478ffc30bb4e87a.php 第 393 行.
NOTIC: [8] Undefined index: isaccess /Volumes/FILE/Web/AppShopService/Application/Runtime/Cache/Admin/b595b808c2ebeeeb0478ffc30bb4e87a.php 第 396 行.
NOTIC: [8] Undefined index: isaccess /Volumes/FILE/Web/AppShopService/Application/Runtime/Cache/Admin/b595b808c2ebeeeb0478ffc30bb4e87a.php 第 398 行.
INFO: Run Behavior\ParseTemplateBehavior [ RunTime:0.055860s ]
INFO: [ view_parse ] --END-- [ RunTime:0.055906s ]
INFO: [ view_filter ] --START--
INFO: Run Behavior\WriteHtmlCacheBehavior [ RunTime:0.011348s ]
INFO: [ view_filter ] --END-- [ RunTime:0.011399s ]
INFO: [ app_end ] --START--
INFO: Run Behavior\ShowPageTraceBehavior [ RunTime:0.000768s ]
INFO: [ app_end ] --END-- [ RunTime:0.000843s ]

[ 2016-06-10T22:23:42+08:00 ] ::1 /AppShopService/index.php/Admin/Index/index/tab/6.html
INFO: [ app_init ] --START--
INFO: Run Behavior\BuildLiteBehavior [ RunTime:0.000023s ]
INFO: [ app_init ] --END-- [ RunTime:0.000366s ]
INFO: [ app_begin ] --START--
INFO: Run Behavior\ReadHtmlCacheBehavior [ RunTime:0.000401s ]
INFO: [ app_begin ] --END-- [ RunTime:0.000455s ]
NOTIC: [8192] mysql_connect(): The mysql extension is deprecated and will be removed in the future: use mysqli or PDO instead /Volumes/FILE/Web/AppShopService/ThinkPHP/Library/Think/Db/Driver/Mysql.class.php 第 52 行.
SQL: SHOW COLUMNS FROM `banner` [ RunTime:0.000534s ]
SQL: SELECT * FROM `banner`  [ RunTime:0.000241s ]
SQL: SHOW COLUMNS FROM `product` [ RunTime:0.000494s ]
SQL: SELECT * FROM `product` ORDER BY type asc  [ RunTime:0.000342s ]
SQL: SHOW COLUMNS FROM `user` [ RunTime:0.000395s ]
SQL: SELECT * FROM `user`  [ RunTime:0.000200s ]
SQL: SHOW COLUMNS FROM `buy` [ RunTime:0.000385s ]
SQL: SELECT * FROM `buy` INNER JOIN  user on buy.uid = user.id INNER JOIN product on buy.pid = product.id   [ RunTime:0.000352s ]
SQL: SHOW COLUMNS FROM `buy` [ RunTime:0.000351s ]
SQL: SELECT `id` FROM `buy`  [ RunTime:0.000156s ]
INFO: [ view_parse ] --START--
INFO: [ template_filter ] --START--
INFO: Run Behavior\ContentReplaceBehavior [ RunTime:0.000074s ]
INFO: [ template_filter ] --END-- [ RunTime:0.000126s ]
NOTIC: [8] Undefined variable: show /Volumes/FILE/Web/AppShopService/Application/Runtime/Cache/Admin/b595b808c2ebeeeb0478ffc30bb4e87a.php 第 130 行.
NOTIC: [8] Undefined index: username /Volumes/FILE/Web/AppShopService/Application/Runtime/Cache/Admin/b595b808c2ebeeeb0478ffc30bb4e87a.php 第 321 行.
NOTIC: [8] Undefined index: logintime /Volumes/FILE/Web/AppShopService/Application/Runtime/Cache/Admin/b595b808c2ebeeeb0478ffc30bb4e87a.php 第 323 行.
NOTIC: [8] Undefined index: username /Volumes/FILE/Web/AppShopService/Application/Runtime/Cache/Admin/b595b808c2ebeeeb0478ffc30bb4e87a.php 第 321 行.
NOTIC: [8] Undefined index: logintime /Volumes/FILE/Web/AppShopService/Application/Runtime/Cache/Admin/b595b808c2ebeeeb0478ffc30bb4e87a.php 第 323 行.
NOTIC: [8] Undefined index: username /Volumes/FILE/Web/AppShopService/Application/Runtime/Cache/Admin/b595b808c2ebeeeb0478ffc30bb4e87a.php 第 321 行.
NOTIC: [8] Undefined index: logintime /Volumes/FILE/Web/AppShopService/Application/Runtime/Cache/Admin/b595b808c2ebeeeb0478ffc30bb4e87a.php 第 323 行.
NOTIC: [8] Undefined index: username /Volumes/FILE/Web/AppShopService/Application/Runtime/Cache/Admin/b595b808c2ebeeeb0478ffc30bb4e87a.php 第 321 行.
NOTIC: [8] Undefined index: logintime /Volumes/FILE/Web/AppShopService/Application/Runtime/Cache/Admin/b595b808c2ebeeeb0478ffc30bb4e87a.php 第 323 行.
NOTIC: [8] Undefined index: ispay /Volumes/FILE/Web/AppShopService/Application/Runtime/Cache/Admin/b595b808c2ebeeeb0478ffc30bb4e87a.php 第 386 行.
NOTIC: [8] Undefined index: ispay /Volumes/FILE/Web/AppShopService/Application/Runtime/Cache/Admin/b595b808c2ebeeeb0478ffc30bb4e87a.php 第 388 行.
NOTIC: [8] Undefined index: isdeliver /Volumes/FILE/Web/AppShopService/Application/Runtime/Cache/Admin/b595b808c2ebeeeb0478ffc30bb4e87a.php 第 391 行.
NOTIC: [8] Undefined index: isdeliver /Volumes/FILE/Web/AppShopService/Application/Runtime/Cache/Admin/b595b808c2ebeeeb0478ffc30bb4e87a.php 第 393 行.
NOTIC: [8] Undefined index: isaccess /Volumes/FILE/Web/AppShopService/Application/Runtime/Cache/Admin/b595b808c2ebeeeb0478ffc30bb4e87a.php 第 396 行.
NOTIC: [8] Undefined index: isaccess /Volumes/FILE/Web/AppShopService/Application/Runtime/Cache/Admin/b595b808c2ebeeeb0478ffc30bb4e87a.php 第 398 行.
NOTIC: [8] Undefined index: ispay /Volumes/FILE/Web/AppShopService/Application/Runtime/Cache/Admin/b595b808c2ebeeeb0478ffc30bb4e87a.php 第 386 行.
NOTIC: [8] Undefined index: ispay /Volumes/FILE/Web/AppShopService/Application/Runtime/Cache/Admin/b595b808c2ebeeeb0478ffc30bb4e87a.php 第 388 行.
NOTIC: [8] Undefined index: isdeliver /Volumes/FILE/Web/AppShopService/Application/Runtime/Cache/Admin/b595b808c2ebeeeb0478ffc30bb4e87a.php 第 391 行.
NOTIC: [8] Undefined index: isdeliver /Volumes/FILE/Web/AppShopService/Application/Runtime/Cache/Admin/b595b808c2ebeeeb0478ffc30bb4e87a.php 第 393 行.
NOTIC: [8] Undefined index: isaccess /Volumes/FILE/Web/AppShopService/Application/Runtime/Cache/Admin/b595b808c2ebeeeb0478ffc30bb4e87a.php 第 396 行.
NOTIC: [8] Undefined index: isaccess /Volumes/FILE/Web/AppShopService/Application/Runtime/Cache/Admin/b595b808c2ebeeeb0478ffc30bb4e87a.php 第 398 行.
NOTIC: [8] Undefined index: ispay /Volumes/FILE/Web/AppShopService/Application/Runtime/Cache/Admin/b595b808c2ebeeeb0478ffc30bb4e87a.php 第 386 行.
NOTIC: [8] Undefined index: ispay /Volumes/FILE/Web/AppShopService/Application/Runtime/Cache/Admin/b595b808c2ebeeeb0478ffc30bb4e87a.php 第 388 行.
NOTIC: [8] Undefined index: isdeliver /Volumes/FILE/Web/AppShopService/Application/Runtime/Cache/Admin/b595b808c2ebeeeb0478ffc30bb4e87a.php 第 391 行.
NOTIC: [8] Undefined index: isdeliver /Volumes/FILE/Web/AppShopService/Application/Runtime/Cache/Admin/b595b808c2ebeeeb0478ffc30bb4e87a.php 第 393 行.
NOTIC: [8] Undefined index: isaccess /Volumes/FILE/Web/AppShopService/Application/Runtime/Cache/Admin/b595b808c2ebeeeb0478ffc30bb4e87a.php 第 396 行.
NOTIC: [8] Undefined index: isaccess /Volumes/FILE/Web/AppShopService/Application/Runtime/Cache/Admin/b595b808c2ebeeeb0478ffc30bb4e87a.php 第 398 行.
NOTIC: [8] Undefined index: ispay /Volumes/FILE/Web/AppShopService/Application/Runtime/Cache/Admin/b595b808c2ebeeeb0478ffc30bb4e87a.php 第 386 行.
NOTIC: [8] Undefined index: ispay /Volumes/FILE/Web/AppShopService/Application/Runtime/Cache/Admin/b595b808c2ebeeeb0478ffc30bb4e87a.php 第 388 行.
NOTIC: [8] Undefined index: isdeliver /Volumes/FILE/Web/AppShopService/Application/Runtime/Cache/Admin/b595b808c2ebeeeb0478ffc30bb4e87a.php 第 391 行.
NOTIC: [8] Undefined index: isdeliver /Volumes/FILE/Web/AppShopService/Application/Runtime/Cache/Admin/b595b808c2ebeeeb0478ffc30bb4e87a.php 第 393 行.
NOTIC: [8] Undefined index: isaccess /Volumes/FILE/Web/AppShopService/Application/Runtime/Cache/Admin/b595b808c2ebeeeb0478ffc30bb4e87a.php 第 396 行.
NOTIC: [8] Undefined index: isaccess /Volumes/FILE/Web/AppShopService/Application/Runtime/Cache/Admin/b595b808c2ebeeeb0478ffc30bb4e87a.php 第 398 行.
INFO: Run Behavior\ParseTemplateBehavior [ RunTime:0.022393s ]
INFO: [ view_parse ] --END-- [ RunTime:0.022439s ]
INFO: [ view_filter ] --START--
INFO: Run Behavior\WriteHtmlCacheBehavior [ RunTime:0.000149s ]
INFO: [ view_filter ] --END-- [ RunTime:0.000182s ]
INFO: [ app_end ] --START--
INFO: Run Behavior\ShowPageTraceBehavior [ RunTime:0.000558s ]
INFO: [ app_end ] --END-- [ RunTime:0.000615s ]

[ 2016-06-10T22:25:53+08:00 ] ::1 /AppShopService/index.php/Admin/Index/index/tab/6.html
INFO: [ app_init ] --START--
INFO: Run Behavior\BuildLiteBehavior [ RunTime:0.000011s ]
INFO: [ app_init ] --END-- [ RunTime:0.000240s ]
INFO: [ app_begin ] --START--
INFO: Run Behavior\ReadHtmlCacheBehavior [ RunTime:0.000308s ]
INFO: [ app_begin ] --END-- [ RunTime:0.000345s ]
NOTIC: [8192] mysql_connect(): The mysql extension is deprecated and will be removed in the future: use mysqli or PDO instead /Volumes/FILE/Web/AppShopService/ThinkPHP/Library/Think/Db/Driver/Mysql.class.php 第 52 行.
SQL: SHOW COLUMNS FROM `banner` [ RunTime:0.000565s ]
SQL: SELECT * FROM `banner`  [ RunTime:0.000250s ]
SQL: SHOW COLUMNS FROM `product` [ RunTime:0.000515s ]
SQL: SELECT * FROM `product` ORDER BY type asc  [ RunTime:0.000381s ]
SQL: SHOW COLUMNS FROM `user` [ RunTime:0.000442s ]
SQL: SELECT * FROM `user`  [ RunTime:0.000224s ]
SQL: SHOW COLUMNS FROM `buy` [ RunTime:0.000459s ]
SQL: SELECT * FROM `buy` INNER JOIN  user on buy.uid = user.id INNER JOIN product on buy.pid = product.id   [ RunTime:0.000471s ]
SQL: SHOW COLUMNS FROM `buy` [ RunTime:0.000484s ]
SQL: SELECT `id` FROM `buy`  [ RunTime:0.000228s ]
INFO: [ view_parse ] --START--
INFO: [ template_filter ] --START--
INFO: Run Behavior\ContentReplaceBehavior [ RunTime:0.000103s ]
INFO: [ template_filter ] --END-- [ RunTime:0.000161s ]
NOTIC: [8] Undefined variable: show /Volumes/FILE/Web/AppShopService/Application/Runtime/Cache/Admin/b595b808c2ebeeeb0478ffc30bb4e87a.php 第 130 行.
NOTIC: [8] Undefined index: username /Volumes/FILE/Web/AppShopService/Application/Runtime/Cache/Admin/b595b808c2ebeeeb0478ffc30bb4e87a.php 第 321 行.
NOTIC: [8] Undefined index: logintime /Volumes/FILE/Web/AppShopService/Application/Runtime/Cache/Admin/b595b808c2ebeeeb0478ffc30bb4e87a.php 第 323 行.
NOTIC: [8] Undefined index: username /Volumes/FILE/Web/AppShopService/Application/Runtime/Cache/Admin/b595b808c2ebeeeb0478ffc30bb4e87a.php 第 321 行.
NOTIC: [8] Undefined index: logintime /Volumes/FILE/Web/AppShopService/Application/Runtime/Cache/Admin/b595b808c2ebeeeb0478ffc30bb4e87a.php 第 323 行.
NOTIC: [8] Undefined index: username /Volumes/FILE/Web/AppShopService/Application/Runtime/Cache/Admin/b595b808c2ebeeeb0478ffc30bb4e87a.php 第 321 行.
NOTIC: [8] Undefined index: logintime /Volumes/FILE/Web/AppShopService/Application/Runtime/Cache/Admin/b595b808c2ebeeeb0478ffc30bb4e87a.php 第 323 行.
NOTIC: [8] Undefined index: username /Volumes/FILE/Web/AppShopService/Application/Runtime/Cache/Admin/b595b808c2ebeeeb0478ffc30bb4e87a.php 第 321 行.
NOTIC: [8] Undefined index: logintime /Volumes/FILE/Web/AppShopService/Application/Runtime/Cache/Admin/b595b808c2ebeeeb0478ffc30bb4e87a.php 第 323 行.
NOTIC: [8] Undefined index: ispay /Volumes/FILE/Web/AppShopService/Application/Runtime/Cache/Admin/b595b808c2ebeeeb0478ffc30bb4e87a.php 第 389 行.
NOTIC: [8] Undefined index: ispay /Volumes/FILE/Web/AppShopService/Application/Runtime/Cache/Admin/b595b808c2ebeeeb0478ffc30bb4e87a.php 第 391 行.
NOTIC: [8] Undefined index: isdeliver /Volumes/FILE/Web/AppShopService/Application/Runtime/Cache/Admin/b595b808c2ebeeeb0478ffc30bb4e87a.php 第 394 行.
NOTIC: [8] Undefined index: isdeliver /Volumes/FILE/Web/AppShopService/Application/Runtime/Cache/Admin/b595b808c2ebeeeb0478ffc30bb4e87a.php 第 396 行.
NOTIC: [8] Undefined index: isaccess /Volumes/FILE/Web/AppShopService/Application/Runtime/Cache/Admin/b595b808c2ebeeeb0478ffc30bb4e87a.php 第 399 行.
NOTIC: [8] Undefined index: isaccess /Volumes/FILE/Web/AppShopService/Application/Runtime/Cache/Admin/b595b808c2ebeeeb0478ffc30bb4e87a.php 第 401 行.
NOTIC: [8] Undefined index: ispay /Volumes/FILE/Web/AppShopService/Application/Runtime/Cache/Admin/b595b808c2ebeeeb0478ffc30bb4e87a.php 第 389 行.
NOTIC: [8] Undefined index: ispay /Volumes/FILE/Web/AppShopService/Application/Runtime/Cache/Admin/b595b808c2ebeeeb0478ffc30bb4e87a.php 第 391 行.
NOTIC: [8] Undefined index: isdeliver /Volumes/FILE/Web/AppShopService/Application/Runtime/Cache/Admin/b595b808c2ebeeeb0478ffc30bb4e87a.php 第 394 行.
NOTIC: [8] Undefined index: isdeliver /Volumes/FILE/Web/AppShopService/Application/Runtime/Cache/Admin/b595b808c2ebeeeb0478ffc30bb4e87a.php 第 396 行.
NOTIC: [8] Undefined index: isaccess /Volumes/FILE/Web/AppShopService/Application/Runtime/Cache/Admin/b595b808c2ebeeeb0478ffc30bb4e87a.php 第 399 行.
NOTIC: [8] Undefined index: isaccess /Volumes/FILE/Web/AppShopService/Application/Runtime/Cache/Admin/b595b808c2ebeeeb0478ffc30bb4e87a.php 第 401 行.
NOTIC: [8] Undefined index: ispay /Volumes/FILE/Web/AppShopService/Application/Runtime/Cache/Admin/b595b808c2ebeeeb0478ffc30bb4e87a.php 第 389 行.
NOTIC: [8] Undefined index: ispay /Volumes/FILE/Web/AppShopService/Application/Runtime/Cache/Admin/b595b808c2ebeeeb0478ffc30bb4e87a.php 第 391 行.
NOTIC: [8] Undefined index: isdeliver /Volumes/FILE/Web/AppShopService/Application/Runtime/Cache/Admin/b595b808c2ebeeeb0478ffc30bb4e87a.php 第 394 行.
NOTIC: [8] Undefined index: isdeliver /Volumes/FILE/Web/AppShopService/Application/Runtime/Cache/Admin/b595b808c2ebeeeb0478ffc30bb4e87a.php 第 396 行.
NOTIC: [8] Undefined index: isaccess /Volumes/FILE/Web/AppShopService/Application/Runtime/Cache/Admin/b595b808c2ebeeeb0478ffc30bb4e87a.php 第 399 行.
NOTIC: [8] Undefined index: isaccess /Volumes/FILE/Web/AppShopService/Application/Runtime/Cache/Admin/b595b808c2ebeeeb0478ffc30bb4e87a.php 第 401 行.
NOTIC: [8] Undefined index: ispay /Volumes/FILE/Web/AppShopService/Application/Runtime/Cache/Admin/b595b808c2ebeeeb0478ffc30bb4e87a.php 第 389 行.
NOTIC: [8] Undefined index: ispay /Volumes/FILE/Web/AppShopService/Application/Runtime/Cache/Admin/b595b808c2ebeeeb0478ffc30bb4e87a.php 第 391 行.
NOTIC: [8] Undefined index: isdeliver /Volumes/FILE/Web/AppShopService/Application/Runtime/Cache/Admin/b595b808c2ebeeeb0478ffc30bb4e87a.php 第 394 行.
NOTIC: [8] Undefined index: isdeliver /Volumes/FILE/Web/AppShopService/Application/Runtime/Cache/Admin/b595b808c2ebeeeb0478ffc30bb4e87a.php 第 396 行.
NOTIC: [8] Undefined index: isaccess /Volumes/FILE/Web/AppShopService/Application/Runtime/Cache/Admin/b595b808c2ebeeeb0478ffc30bb4e87a.php 第 399 行.
NOTIC: [8] Undefined index: isaccess /Volumes/FILE/Web/AppShopService/Application/Runtime/Cache/Admin/b595b808c2ebeeeb0478ffc30bb4e87a.php 第 401 行.
INFO: Run Behavior\ParseTemplateBehavior [ RunTime:0.021713s ]
INFO: [ view_parse ] --END-- [ RunTime:0.021760s ]
INFO: [ view_filter ] --START--
INFO: Run Behavior\WriteHtmlCacheBehavior [ RunTime:0.000141s ]
INFO: [ view_filter ] --END-- [ RunTime:0.000180s ]
INFO: [ app_end ] --START--
INFO: Run Behavior\ShowPageTraceBehavior [ RunTime:0.000486s ]
INFO: [ app_end ] --END-- [ RunTime:0.000537s ]

[ 2016-06-10T22:26:02+08:00 ] ::1 /AppShopService/index.php/Admin/Index/index/tab/5.html
INFO: [ app_init ] --START--
INFO: Run Behavior\BuildLiteBehavior [ RunTime:0.000018s ]
INFO: [ app_init ] --END-- [ RunTime:0.000331s ]
INFO: [ app_begin ] --START--
INFO: Run Behavior\ReadHtmlCacheBehavior [ RunTime:0.000398s ]
INFO: [ app_begin ] --END-- [ RunTime:0.000456s ]
NOTIC: [8192] mysql_connect(): The mysql extension is deprecated and will be removed in the future: use mysqli or PDO instead /Volumes/FILE/Web/AppShopService/ThinkPHP/Library/Think/Db/Driver/Mysql.class.php 第 52 行.
SQL: SHOW COLUMNS FROM `banner` [ RunTime:0.000578s ]
SQL: SELECT * FROM `banner`  [ RunTime:0.000237s ]
SQL: SHOW COLUMNS FROM `product` [ RunTime:0.000472s ]
SQL: SELECT * FROM `product` ORDER BY type asc  [ RunTime:0.000352s ]
SQL: SHOW COLUMNS FROM `user` [ RunTime:0.000419s ]
SQL: SELECT * FROM `user`  [ RunTime:0.000206s ]
SQL: SHOW COLUMNS FROM `buy` [ RunTime:0.000400s ]
SQL: SELECT * FROM `buy` INNER JOIN  user on buy.uid = user.id INNER JOIN product on buy.pid = product.id   [ RunTime:0.000369s ]
SQL: SHOW COLUMNS FROM `buy` [ RunTime:0.000367s ]
SQL: SELECT `id` FROM `buy`  [ RunTime:0.000183s ]
INFO: [ view_parse ] --START--
INFO: [ template_filter ] --START--
INFO: Run Behavior\ContentReplaceBehavior [ RunTime:0.000096s ]
INFO: [ template_filter ] --END-- [ RunTime:0.000147s ]
NOTIC: [8] Undefined variable: show /Volumes/FILE/Web/AppShopService/Application/Runtime/Cache/Admin/b595b808c2ebeeeb0478ffc30bb4e87a.php 第 130 行.
NOTIC: [8] Undefined index: username /Volumes/FILE/Web/AppShopService/Application/Runtime/Cache/Admin/b595b808c2ebeeeb0478ffc30bb4e87a.php 第 321 行.
NOTIC: [8] Undefined index: logintime /Volumes/FILE/Web/AppShopService/Application/Runtime/Cache/Admin/b595b808c2ebeeeb0478ffc30bb4e87a.php 第 323 行.
NOTIC: [8] Undefined index: username /Volumes/FILE/Web/AppShopService/Application/Runtime/Cache/Admin/b595b808c2ebeeeb0478ffc30bb4e87a.php 第 321 行.
NOTIC: [8] Undefined index: logintime /Volumes/FILE/Web/AppShopService/Application/Runtime/Cache/Admin/b595b808c2ebeeeb0478ffc30bb4e87a.php 第 323 行.
NOTIC: [8] Undefined index: username /Volumes/FILE/Web/AppShopService/Application/Runtime/Cache/Admin/b595b808c2ebeeeb0478ffc30bb4e87a.php 第 321 行.
NOTIC: [8] Undefined index: logintime /Volumes/FILE/Web/AppShopService/Application/Runtime/Cache/Admin/b595b808c2ebeeeb0478ffc30bb4e87a.php 第 323 行.
NOTIC: [8] Undefined index: username /Volumes/FILE/Web/AppShopService/Application/Runtime/Cache/Admin/b595b808c2ebeeeb0478ffc30bb4e87a.php 第 321 行.
NOTIC: [8] Undefined index: logintime /Volumes/FILE/Web/AppShopService/Application/Runtime/Cache/Admin/b595b808c2ebeeeb0478ffc30bb4e87a.php 第 323 行.
NOTIC: [8] Undefined index: ispay /Volumes/FILE/Web/AppShopService/Application/Runtime/Cache/Admin/b595b808c2ebeeeb0478ffc30bb4e87a.php 第 389 行.
NOTIC: [8] Undefined index: ispay /Volumes/FILE/Web/AppShopService/Application/Runtime/Cache/Admin/b595b808c2ebeeeb0478ffc30bb4e87a.php 第 391 行.
NOTIC: [8] Undefined index: isdeliver /Volumes/FILE/Web/AppShopService/Application/Runtime/Cache/Admin/b595b808c2ebeeeb0478ffc30bb4e87a.php 第 394 行.
NOTIC: [8] Undefined index: isdeliver /Volumes/FILE/Web/AppShopService/Application/Runtime/Cache/Admin/b595b808c2ebeeeb0478ffc30bb4e87a.php 第 396 行.
NOTIC: [8] Undefined index: isaccess /Volumes/FILE/Web/AppShopService/Application/Runtime/Cache/Admin/b595b808c2ebeeeb0478ffc30bb4e87a.php 第 399 行.
NOTIC: [8] Undefined index: isaccess /Volumes/FILE/Web/AppShopService/Application/Runtime/Cache/Admin/b595b808c2ebeeeb0478ffc30bb4e87a.php 第 401 行.
NOTIC: [8] Undefined index: ispay /Volumes/FILE/Web/AppShopService/Application/Runtime/Cache/Admin/b595b808c2ebeeeb0478ffc30bb4e87a.php 第 389 行.
NOTIC: [8] Undefined index: ispay /Volumes/FILE/Web/AppShopService/Application/Runtime/Cache/Admin/b595b808c2ebeeeb0478ffc30bb4e87a.php 第 391 行.
NOTIC: [8] Undefined index: isdeliver /Volumes/FILE/Web/AppShopService/Application/Runtime/Cache/Admin/b595b808c2ebeeeb0478ffc30bb4e87a.php 第 394 行.
NOTIC: [8] Undefined index: isdeliver /Volumes/FILE/Web/AppShopService/Application/Runtime/Cache/Admin/b595b808c2ebeeeb0478ffc30bb4e87a.php 第 396 行.
NOTIC: [8] Undefined index: isaccess /Volumes/FILE/Web/AppShopService/Application/Runtime/Cache/Admin/b595b808c2ebeeeb0478ffc30bb4e87a.php 第 399 行.
NOTIC: [8] Undefined index: isaccess /Volumes/FILE/Web/AppShopService/Application/Runtime/Cache/Admin/b595b808c2ebeeeb0478ffc30bb4e87a.php 第 401 行.
NOTIC: [8] Undefined index: ispay /Volumes/FILE/Web/AppShopService/Application/Runtime/Cache/Admin/b595b808c2ebeeeb0478ffc30bb4e87a.php 第 389 行.
NOTIC: [8] Undefined index: ispay /Volumes/FILE/Web/AppShopService/Application/Runtime/Cache/Admin/b595b808c2ebeeeb0478ffc30bb4e87a.php 第 391 行.
NOTIC: [8] Undefined index: isdeliver /Volumes/FILE/Web/AppShopService/Application/Runtime/Cache/Admin/b595b808c2ebeeeb0478ffc30bb4e87a.php 第 394 行.
NOTIC: [8] Undefined index: isdeliver /Volumes/FILE/Web/AppShopService/Application/Runtime/Cache/Admin/b595b808c2ebeeeb0478ffc30bb4e87a.php 第 396 行.
NOTIC: [8] Undefined index: isaccess /Volumes/FILE/Web/AppShopService/Application/Runtime/Cache/Admin/b595b808c2ebeeeb0478ffc30bb4e87a.php 第 399 行.
NOTIC: [8] Undefined index: isaccess /Volumes/FILE/Web/AppShopService/Application/Runtime/Cache/Admin/b595b808c2ebeeeb0478ffc30bb4e87a.php 第 401 行.
NOTIC: [8] Undefined index: ispay /Volumes/FILE/Web/AppShopService/Application/Runtime/Cache/Admin/b595b808c2ebeeeb0478ffc30bb4e87a.php 第 389 行.
NOTIC: [8] Undefined index: ispay /Volumes/FILE/Web/AppShopService/Application/Runtime/Cache/Admin/b595b808c2ebeeeb0478ffc30bb4e87a.php 第 391 行.
NOTIC: [8] Undefined index: isdeliver /Volumes/FILE/Web/AppShopService/Application/Runtime/Cache/Admin/b595b808c2ebeeeb0478ffc30bb4e87a.php 第 394 行.
NOTIC: [8] Undefined index: isdeliver /Volumes/FILE/Web/AppShopService/Application/Runtime/Cache/Admin/b595b808c2ebeeeb0478ffc30bb4e87a.php 第 396 行.
NOTIC: [8] Undefined index: isaccess /Volumes/FILE/Web/AppShopService/Application/Runtime/Cache/Admin/b595b808c2ebeeeb0478ffc30bb4e87a.php 第 399 行.
NOTIC: [8] Undefined index: isaccess /Volumes/FILE/Web/AppShopService/Application/Runtime/Cache/Admin/b595b808c2ebeeeb0478ffc30bb4e87a.php 第 401 行.
INFO: Run Behavior\ParseTemplateBehavior [ RunTime:0.021727s ]
INFO: [ view_parse ] --END-- [ RunTime:0.021771s ]
INFO: [ view_filter ] --START--
INFO: Run Behavior\WriteHtmlCacheBehavior [ RunTime:0.000118s ]
INFO: [ view_filter ] --END-- [ RunTime:0.000150s ]
INFO: [ app_end ] --START--
INFO: Run Behavior\ShowPageTraceBehavior [ RunTime:0.000455s ]
INFO: [ app_end ] --END-- [ RunTime:0.000515s ]

[ 2016-06-10T22:26:04+08:00 ] ::1 /AppShopService/index.php/Admin/Index/index/tab/6.html
INFO: [ app_init ] --START--
INFO: Run Behavior\BuildLiteBehavior [ RunTime:0.000011s ]
INFO: [ app_init ] --END-- [ RunTime:0.000231s ]
INFO: [ app_begin ] --START--
INFO: Run Behavior\ReadHtmlCacheBehavior [ RunTime:0.000302s ]
INFO: [ app_begin ] --END-- [ RunTime:0.000337s ]
NOTIC: [8192] mysql_connect(): The mysql extension is deprecated and will be removed in the future: use mysqli or PDO instead /Volumes/FILE/Web/AppShopService/ThinkPHP/Library/Think/Db/Driver/Mysql.class.php 第 52 行.
SQL: SHOW COLUMNS FROM `banner` [ RunTime:0.000502s ]
SQL: SELECT * FROM `banner`  [ RunTime:0.000241s ]
SQL: SHOW COLUMNS FROM `product` [ RunTime:0.000487s ]
SQL: SELECT * FROM `product` ORDER BY type asc  [ RunTime:0.000337s ]
SQL: SHOW COLUMNS FROM `user` [ RunTime:0.000415s ]
SQL: SELECT * FROM `user`  [ RunTime:0.000213s ]
SQL: SHOW COLUMNS FROM `buy` [ RunTime:0.000412s ]
SQL: SELECT * FROM `buy` INNER JOIN  user on buy.uid = user.id INNER JOIN product on buy.pid = product.id   [ RunTime:0.000393s ]
SQL: SHOW COLUMNS FROM `buy` [ RunTime:0.000372s ]
SQL: SELECT `id` FROM `buy`  [ RunTime:0.000172s ]
INFO: [ view_parse ] --START--
INFO: [ template_filter ] --START--
INFO: Run Behavior\ContentReplaceBehavior [ RunTime:0.000069s ]
INFO: [ template_filter ] --END-- [ RunTime:0.000124s ]
NOTIC: [8] Undefined variable: show /Volumes/FILE/Web/AppShopService/Application/Runtime/Cache/Admin/b595b808c2ebeeeb0478ffc30bb4e87a.php 第 130 行.
NOTIC: [8] Undefined index: username /Volumes/FILE/Web/AppShopService/Application/Runtime/Cache/Admin/b595b808c2ebeeeb0478ffc30bb4e87a.php 第 321 行.
NOTIC: [8] Undefined index: logintime /Volumes/FILE/Web/AppShopService/Application/Runtime/Cache/Admin/b595b808c2ebeeeb0478ffc30bb4e87a.php 第 323 行.
NOTIC: [8] Undefined index: username /Volumes/FILE/Web/AppShopService/Application/Runtime/Cache/Admin/b595b808c2ebeeeb0478ffc30bb4e87a.php 第 321 行.
NOTIC: [8] Undefined index: logintime /Volumes/FILE/Web/AppShopService/Application/Runtime/Cache/Admin/b595b808c2ebeeeb0478ffc30bb4e87a.php 第 323 行.
NOTIC: [8] Undefined index: username /Volumes/FILE/Web/AppShopService/Application/Runtime/Cache/Admin/b595b808c2ebeeeb0478ffc30bb4e87a.php 第 321 行.
NOTIC: [8] Undefined index: logintime /Volumes/FILE/Web/AppShopService/Application/Runtime/Cache/Admin/b595b808c2ebeeeb0478ffc30bb4e87a.php 第 323 行.
NOTIC: [8] Undefined index: username /Volumes/FILE/Web/AppShopService/Application/Runtime/Cache/Admin/b595b808c2ebeeeb0478ffc30bb4e87a.php 第 321 行.
NOTIC: [8] Undefined index: logintime /Volumes/FILE/Web/AppShopService/Application/Runtime/Cache/Admin/b595b808c2ebeeeb0478ffc30bb4e87a.php 第 323 行.
NOTIC: [8] Undefined index: ispay /Volumes/FILE/Web/AppShopService/Application/Runtime/Cache/Admin/b595b808c2ebeeeb0478ffc30bb4e87a.php 第 389 行.
NOTIC: [8] Undefined index: ispay /Volumes/FILE/Web/AppShopService/Application/Runtime/Cache/Admin/b595b808c2ebeeeb0478ffc30bb4e87a.php 第 391 行.
NOTIC: [8] Undefined index: isdeliver /Volumes/FILE/Web/AppShopService/Application/Runtime/Cache/Admin/b595b808c2ebeeeb0478ffc30bb4e87a.php 第 394 行.
NOTIC: [8] Undefined index: isdeliver /Volumes/FILE/Web/AppShopService/Application/Runtime/Cache/Admin/b595b808c2ebeeeb0478ffc30bb4e87a.php 第 396 行.
NOTIC: [8] Undefined index: isaccess /Volumes/FILE/Web/AppShopService/Application/Runtime/Cache/Admin/b595b808c2ebeeeb0478ffc30bb4e87a.php 第 399 行.
NOTIC: [8] Undefined index: isaccess /Volumes/FILE/Web/AppShopService/Application/Runtime/Cache/Admin/b595b808c2ebeeeb0478ffc30bb4e87a.php 第 401 行.
NOTIC: [8] Undefined index: ispay /Volumes/FILE/Web/AppShopService/Application/Runtime/Cache/Admin/b595b808c2ebeeeb0478ffc30bb4e87a.php 第 389 行.
NOTIC: [8] Undefined index: ispay /Volumes/FILE/Web/AppShopService/Application/Runtime/Cache/Admin/b595b808c2ebeeeb0478ffc30bb4e87a.php 第 391 行.
NOTIC: [8] Undefined index: isdeliver /Volumes/FILE/Web/AppShopService/Application/Runtime/Cache/Admin/b595b808c2ebeeeb0478ffc30bb4e87a.php 第 394 行.
NOTIC: [8] Undefined index: isdeliver /Volumes/FILE/Web/AppShopService/Application/Runtime/Cache/Admin/b595b808c2ebeeeb0478ffc30bb4e87a.php 第 396 行.
NOTIC: [8] Undefined index: isaccess /Volumes/FILE/Web/AppShopService/Application/Runtime/Cache/Admin/b595b808c2ebeeeb0478ffc30bb4e87a.php 第 399 行.
NOTIC: [8] Undefined index: isaccess /Volumes/FILE/Web/AppShopService/Application/Runtime/Cache/Admin/b595b808c2ebeeeb0478ffc30bb4e87a.php 第 401 行.
NOTIC: [8] Undefined index: ispay /Volumes/FILE/Web/AppShopService/Application/Runtime/Cache/Admin/b595b808c2ebeeeb0478ffc30bb4e87a.php 第 389 行.
NOTIC: [8] Undefined index: ispay /Volumes/FILE/Web/AppShopService/Application/Runtime/Cache/Admin/b595b808c2ebeeeb0478ffc30bb4e87a.php 第 391 行.
NOTIC: [8] Undefined index: isdeliver /Volumes/FILE/Web/AppShopService/Application/Runtime/Cache/Admin/b595b808c2ebeeeb0478ffc30bb4e87a.php 第 394 行.
NOTIC: [8] Undefined index: isdeliver /Volumes/FILE/Web/AppShopService/Application/Runtime/Cache/Admin/b595b808c2ebeeeb0478ffc30bb4e87a.php 第 396 行.
NOTIC: [8] Undefined index: isaccess /Volumes/FILE/Web/AppShopService/Application/Runtime/Cache/Admin/b595b808c2ebeeeb0478ffc30bb4e87a.php 第 399 行.
NOTIC: [8] Undefined index: isaccess /Volumes/FILE/Web/AppShopService/Application/Runtime/Cache/Admin/b595b808c2ebeeeb0478ffc30bb4e87a.php 第 401 行.
NOTIC: [8] Undefined index: ispay /Volumes/FILE/Web/AppShopService/Application/Runtime/Cache/Admin/b595b808c2ebeeeb0478ffc30bb4e87a.php 第 389 行.
NOTIC: [8] Undefined index: ispay /Volumes/FILE/Web/AppShopService/Application/Runtime/Cache/Admin/b595b808c2ebeeeb0478ffc30bb4e87a.php 第 391 行.
NOTIC: [8] Undefined index: isdeliver /Volumes/FILE/Web/AppShopService/Application/Runtime/Cache/Admin/b595b808c2ebeeeb0478ffc30bb4e87a.php 第 394 行.
NOTIC: [8] Undefined index: isdeliver /Volumes/FILE/Web/AppShopService/Application/Runtime/Cache/Admin/b595b808c2ebeeeb0478ffc30bb4e87a.php 第 396 行.
NOTIC: [8] Undefined index: isaccess /Volumes/FILE/Web/AppShopService/Application/Runtime/Cache/Admin/b595b808c2ebeeeb0478ffc30bb4e87a.php 第 399 行.
NOTIC: [8] Undefined index: isaccess /Volumes/FILE/Web/AppShopService/Application/Runtime/Cache/Admin/b595b808c2ebeeeb0478ffc30bb4e87a.php 第 401 行.
INFO: Run Behavior\ParseTemplateBehavior [ RunTime:0.020587s ]
INFO: [ view_parse ] --END-- [ RunTime:0.020630s ]
INFO: [ view_filter ] --START--
INFO: Run Behavior\WriteHtmlCacheBehavior [ RunTime:0.000146s ]
INFO: [ view_filter ] --END-- [ RunTime:0.000177s ]
INFO: [ app_end ] --START--
INFO: Run Behavior\ShowPageTraceBehavior [ RunTime:0.000561s ]
INFO: [ app_end ] --END-- [ RunTime:0.000632s ]

[ 2016-06-10T22:27:46+08:00 ] ::1 /AppShopService/index.php/Admin/Index/index/tab/6.html
INFO: [ app_init ] --START--
INFO: Run Behavior\BuildLiteBehavior [ RunTime:0.000019s ]
INFO: [ app_init ] --END-- [ RunTime:0.000332s ]
INFO: [ app_begin ] --START--
INFO: Run Behavior\ReadHtmlCacheBehavior [ RunTime:0.000363s ]
INFO: [ app_begin ] --END-- [ RunTime:0.000414s ]
NOTIC: [8192] mysql_connect(): The mysql extension is deprecated and will be removed in the future: use mysqli or PDO instead /Volumes/FILE/Web/AppShopService/ThinkPHP/Library/Think/Db/Driver/Mysql.class.php 第 52 行.
SQL: SHOW COLUMNS FROM `banner` [ RunTime:0.000573s ]
SQL: SELECT * FROM `banner`  [ RunTime:0.000245s ]
SQL: SHOW COLUMNS FROM `product` [ RunTime:0.000457s ]
SQL: SELECT * FROM `product` ORDER BY type asc  [ RunTime:0.000340s ]
SQL: SHOW COLUMNS FROM `user` [ RunTime:0.000436s ]
SQL: SELECT * FROM `user`  [ RunTime:0.000208s ]
SQL: SHOW COLUMNS FROM `buy` [ RunTime:0.000402s ]
SQL: SELECT * FROM `buy` INNER JOIN  user on buy.uid = user.id INNER JOIN product on buy.pid = product.id   [ RunTime:0.000363s ]
SQL: SHOW COLUMNS FROM `buy` [ RunTime:0.000396s ]
SQL: SELECT `id` FROM `buy`  [ RunTime:0.000179s ]
INFO: [ view_parse ] --START--
INFO: [ template_filter ] --START--
INFO: Run Behavior\ContentReplaceBehavior [ RunTime:0.000101s ]
INFO: [ template_filter ] --END-- [ RunTime:0.000151s ]
NOTIC: [8] Undefined variable: show /Volumes/FILE/Web/AppShopService/Application/Runtime/Cache/Admin/b595b808c2ebeeeb0478ffc30bb4e87a.php 第 130 行.
NOTIC: [8] Undefined index: username /Volumes/FILE/Web/AppShopService/Application/Runtime/Cache/Admin/b595b808c2ebeeeb0478ffc30bb4e87a.php 第 321 行.
NOTIC: [8] Undefined index: logintime /Volumes/FILE/Web/AppShopService/Application/Runtime/Cache/Admin/b595b808c2ebeeeb0478ffc30bb4e87a.php 第 323 行.
NOTIC: [8] Undefined index: username /Volumes/FILE/Web/AppShopService/Application/Runtime/Cache/Admin/b595b808c2ebeeeb0478ffc30bb4e87a.php 第 321 行.
NOTIC: [8] Undefined index: logintime /Volumes/FILE/Web/AppShopService/Application/Runtime/Cache/Admin/b595b808c2ebeeeb0478ffc30bb4e87a.php 第 323 行.
NOTIC: [8] Undefined index: username /Volumes/FILE/Web/AppShopService/Application/Runtime/Cache/Admin/b595b808c2ebeeeb0478ffc30bb4e87a.php 第 321 行.
NOTIC: [8] Undefined index: logintime /Volumes/FILE/Web/AppShopService/Application/Runtime/Cache/Admin/b595b808c2ebeeeb0478ffc30bb4e87a.php 第 323 行.
NOTIC: [8] Undefined index: username /Volumes/FILE/Web/AppShopService/Application/Runtime/Cache/Admin/b595b808c2ebeeeb0478ffc30bb4e87a.php 第 321 行.
NOTIC: [8] Undefined index: logintime /Volumes/FILE/Web/AppShopService/Application/Runtime/Cache/Admin/b595b808c2ebeeeb0478ffc30bb4e87a.php 第 323 行.
NOTIC: [8] Undefined index: ispay /Volumes/FILE/Web/AppShopService/Application/Runtime/Cache/Admin/b595b808c2ebeeeb0478ffc30bb4e87a.php 第 389 行.
NOTIC: [8] Undefined index: ispay /Volumes/FILE/Web/AppShopService/Application/Runtime/Cache/Admin/b595b808c2ebeeeb0478ffc30bb4e87a.php 第 391 行.
NOTIC: [8] Undefined index: isdeliver /Volumes/FILE/Web/AppShopService/Application/Runtime/Cache/Admin/b595b808c2ebeeeb0478ffc30bb4e87a.php 第 394 行.
NOTIC: [8] Undefined index: isdeliver /Volumes/FILE/Web/AppShopService/Application/Runtime/Cache/Admin/b595b808c2ebeeeb0478ffc30bb4e87a.php 第 396 行.
NOTIC: [8] Undefined index: isaccess /Volumes/FILE/Web/AppShopService/Application/Runtime/Cache/Admin/b595b808c2ebeeeb0478ffc30bb4e87a.php 第 399 行.
NOTIC: [8] Undefined index: isaccess /Volumes/FILE/Web/AppShopService/Application/Runtime/Cache/Admin/b595b808c2ebeeeb0478ffc30bb4e87a.php 第 401 行.
NOTIC: [8] Undefined index: ispay /Volumes/FILE/Web/AppShopService/Application/Runtime/Cache/Admin/b595b808c2ebeeeb0478ffc30bb4e87a.php 第 389 行.
NOTIC: [8] Undefined index: ispay /Volumes/FILE/Web/AppShopService/Application/Runtime/Cache/Admin/b595b808c2ebeeeb0478ffc30bb4e87a.php 第 391 行.
NOTIC: [8] Undefined index: isdeliver /Volumes/FILE/Web/AppShopService/Application/Runtime/Cache/Admin/b595b808c2ebeeeb0478ffc30bb4e87a.php 第 394 行.
NOTIC: [8] Undefined index: isdeliver /Volumes/FILE/Web/AppShopService/Application/Runtime/Cache/Admin/b595b808c2ebeeeb0478ffc30bb4e87a.php 第 396 行.
NOTIC: [8] Undefined index: isaccess /Volumes/FILE/Web/AppShopService/Application/Runtime/Cache/Admin/b595b808c2ebeeeb0478ffc30bb4e87a.php 第 399 行.
NOTIC: [8] Undefined index: isaccess /Volumes/FILE/Web/AppShopService/Application/Runtime/Cache/Admin/b595b808c2ebeeeb0478ffc30bb4e87a.php 第 401 行.
NOTIC: [8] Undefined index: ispay /Volumes/FILE/Web/AppShopService/Application/Runtime/Cache/Admin/b595b808c2ebeeeb0478ffc30bb4e87a.php 第 389 行.
NOTIC: [8] Undefined index: ispay /Volumes/FILE/Web/AppShopService/Application/Runtime/Cache/Admin/b595b808c2ebeeeb0478ffc30bb4e87a.php 第 391 行.
NOTIC: [8] Undefined index: isdeliver /Volumes/FILE/Web/AppShopService/Application/Runtime/Cache/Admin/b595b808c2ebeeeb0478ffc30bb4e87a.php 第 394 行.
NOTIC: [8] Undefined index: isdeliver /Volumes/FILE/Web/AppShopService/Application/Runtime/Cache/Admin/b595b808c2ebeeeb0478ffc30bb4e87a.php 第 396 行.
NOTIC: [8] Undefined index: isaccess /Volumes/FILE/Web/AppShopService/Application/Runtime/Cache/Admin/b595b808c2ebeeeb0478ffc30bb4e87a.php 第 399 行.
NOTIC: [8] Undefined index: isaccess /Volumes/FILE/Web/AppShopService/Application/Runtime/Cache/Admin/b595b808c2ebeeeb0478ffc30bb4e87a.php 第 401 行.
NOTIC: [8] Undefined index: ispay /Volumes/FILE/Web/AppShopService/Application/Runtime/Cache/Admin/b595b808c2ebeeeb0478ffc30bb4e87a.php 第 389 行.
NOTIC: [8] Undefined index: ispay /Volumes/FILE/Web/AppShopService/Application/Runtime/Cache/Admin/b595b808c2ebeeeb0478ffc30bb4e87a.php 第 391 行.
NOTIC: [8] Undefined index: isdeliver /Volumes/FILE/Web/AppShopService/Application/Runtime/Cache/Admin/b595b808c2ebeeeb0478ffc30bb4e87a.php 第 394 行.
NOTIC: [8] Undefined index: isdeliver /Volumes/FILE/Web/AppShopService/Application/Runtime/Cache/Admin/b595b808c2ebeeeb0478ffc30bb4e87a.php 第 396 行.
NOTIC: [8] Undefined index: isaccess /Volumes/FILE/Web/AppShopService/Application/Runtime/Cache/Admin/b595b808c2ebeeeb0478ffc30bb4e87a.php 第 399 行.
NOTIC: [8] Undefined index: isaccess /Volumes/FILE/Web/AppShopService/Application/Runtime/Cache/Admin/b595b808c2ebeeeb0478ffc30bb4e87a.php 第 401 行.
INFO: Run Behavior\ParseTemplateBehavior [ RunTime:0.021677s ]
INFO: [ view_parse ] --END-- [ RunTime:0.021722s ]
INFO: [ view_filter ] --START--
INFO: Run Behavior\WriteHtmlCacheBehavior [ RunTime:0.000123s ]
INFO: [ view_filter ] --END-- [ RunTime:0.000155s ]
INFO: [ app_end ] --START--
INFO: Run Behavior\ShowPageTraceBehavior [ RunTime:0.000462s ]
INFO: [ app_end ] --END-- [ RunTime:0.000510s ]

[ 2016-06-10T22:28:17+08:00 ] ::1 /AppShopService/index.php/Admin/Index/index/tab/6.html
INFO: [ app_init ] --START--
INFO: Run Behavior\BuildLiteBehavior [ RunTime:0.000013s ]
INFO: [ app_init ] --END-- [ RunTime:0.000243s ]
INFO: [ app_begin ] --START--
INFO: Run Behavior\ReadHtmlCacheBehavior [ RunTime:0.000309s ]
INFO: [ app_begin ] --END-- [ RunTime:0.000347s ]
NOTIC: [8192] mysql_connect(): The mysql extension is deprecated and will be removed in the future: use mysqli or PDO instead /Volumes/FILE/Web/AppShopService/ThinkPHP/Library/Think/Db/Driver/Mysql.class.php 第 52 行.
SQL: SHOW COLUMNS FROM `banner` [ RunTime:0.000534s ]
SQL: SELECT * FROM `banner`  [ RunTime:0.000240s ]
SQL: SHOW COLUMNS FROM `product` [ RunTime:0.000459s ]
SQL: SELECT * FROM `product` ORDER BY type asc  [ RunTime:0.000446s ]
SQL: SHOW COLUMNS FROM `user` [ RunTime:0.000467s ]
SQL: SELECT * FROM `user`  [ RunTime:0.000217s ]
SQL: SHOW COLUMNS FROM `buy` [ RunTime:0.000411s ]
SQL: SELECT * FROM `buy` INNER JOIN  user on buy.uid = user.id INNER JOIN product on buy.pid = product.id   [ RunTime:0.000394s ]
SQL: SHOW COLUMNS FROM `buy` [ RunTime:0.000363s ]
SQL: SELECT `id` FROM `buy`  [ RunTime:0.000177s ]
INFO: [ view_parse ] --START--
INFO: [ template_filter ] --START--
INFO: Run Behavior\ContentReplaceBehavior [ RunTime:0.000070s ]
INFO: [ template_filter ] --END-- [ RunTime:0.000126s ]
NOTIC: [8] Undefined variable: show /Volumes/FILE/Web/AppShopService/Application/Runtime/Cache/Admin/b595b808c2ebeeeb0478ffc30bb4e87a.php 第 130 行.
NOTIC: [8] Undefined index: username /Volumes/FILE/Web/AppShopService/Application/Runtime/Cache/Admin/b595b808c2ebeeeb0478ffc30bb4e87a.php 第 321 行.
NOTIC: [8] Undefined index: logintime /Volumes/FILE/Web/AppShopService/Application/Runtime/Cache/Admin/b595b808c2ebeeeb0478ffc30bb4e87a.php 第 323 行.
NOTIC: [8] Undefined index: username /Volumes/FILE/Web/AppShopService/Application/Runtime/Cache/Admin/b595b808c2ebeeeb0478ffc30bb4e87a.php 第 321 行.
NOTIC: [8] Undefined index: logintime /Volumes/FILE/Web/AppShopService/Application/Runtime/Cache/Admin/b595b808c2ebeeeb0478ffc30bb4e87a.php 第 323 行.
NOTIC: [8] Undefined index: username /Volumes/FILE/Web/AppShopService/Application/Runtime/Cache/Admin/b595b808c2ebeeeb0478ffc30bb4e87a.php 第 321 行.
NOTIC: [8] Undefined index: logintime /Volumes/FILE/Web/AppShopService/Application/Runtime/Cache/Admin/b595b808c2ebeeeb0478ffc30bb4e87a.php 第 323 行.
NOTIC: [8] Undefined index: username /Volumes/FILE/Web/AppShopService/Application/Runtime/Cache/Admin/b595b808c2ebeeeb0478ffc30bb4e87a.php 第 321 行.
NOTIC: [8] Undefined index: logintime /Volumes/FILE/Web/AppShopService/Application/Runtime/Cache/Admin/b595b808c2ebeeeb0478ffc30bb4e87a.php 第 323 行.
NOTIC: [8] Undefined index: ispay /Volumes/FILE/Web/AppShopService/Application/Runtime/Cache/Admin/b595b808c2ebeeeb0478ffc30bb4e87a.php 第 388 行.
NOTIC: [8] Undefined index: ispay /Volumes/FILE/Web/AppShopService/Application/Runtime/Cache/Admin/b595b808c2ebeeeb0478ffc30bb4e87a.php 第 390 行.
NOTIC: [8] Undefined index: isdeliver /Volumes/FILE/Web/AppShopService/Application/Runtime/Cache/Admin/b595b808c2ebeeeb0478ffc30bb4e87a.php 第 393 行.
NOTIC: [8] Undefined index: isdeliver /Volumes/FILE/Web/AppShopService/Application/Runtime/Cache/Admin/b595b808c2ebeeeb0478ffc30bb4e87a.php 第 395 行.
NOTIC: [8] Undefined index: isaccess /Volumes/FILE/Web/AppShopService/Application/Runtime/Cache/Admin/b595b808c2ebeeeb0478ffc30bb4e87a.php 第 398 行.
NOTIC: [8] Undefined index: isaccess /Volumes/FILE/Web/AppShopService/Application/Runtime/Cache/Admin/b595b808c2ebeeeb0478ffc30bb4e87a.php 第 400 行.
NOTIC: [8] Undefined index: ispay /Volumes/FILE/Web/AppShopService/Application/Runtime/Cache/Admin/b595b808c2ebeeeb0478ffc30bb4e87a.php 第 388 行.
NOTIC: [8] Undefined index: ispay /Volumes/FILE/Web/AppShopService/Application/Runtime/Cache/Admin/b595b808c2ebeeeb0478ffc30bb4e87a.php 第 390 行.
NOTIC: [8] Undefined index: isdeliver /Volumes/FILE/Web/AppShopService/Application/Runtime/Cache/Admin/b595b808c2ebeeeb0478ffc30bb4e87a.php 第 393 行.
NOTIC: [8] Undefined index: isdeliver /Volumes/FILE/Web/AppShopService/Application/Runtime/Cache/Admin/b595b808c2ebeeeb0478ffc30bb4e87a.php 第 395 行.
NOTIC: [8] Undefined index: isaccess /Volumes/FILE/Web/AppShopService/Application/Runtime/Cache/Admin/b595b808c2ebeeeb0478ffc30bb4e87a.php 第 398 行.
NOTIC: [8] Undefined index: isaccess /Volumes/FILE/Web/AppShopService/Application/Runtime/Cache/Admin/b595b808c2ebeeeb0478ffc30bb4e87a.php 第 400 行.
NOTIC: [8] Undefined index: ispay /Volumes/FILE/Web/AppShopService/Application/Runtime/Cache/Admin/b595b808c2ebeeeb0478ffc30bb4e87a.php 第 388 行.
NOTIC: [8] Undefined index: ispay /Volumes/FILE/Web/AppShopService/Application/Runtime/Cache/Admin/b595b808c2ebeeeb0478ffc30bb4e87a.php 第 390 行.
NOTIC: [8] Undefined index: isdeliver /Volumes/FILE/Web/AppShopService/Application/Runtime/Cache/Admin/b595b808c2ebeeeb0478ffc30bb4e87a.php 第 393 行.
NOTIC: [8] Undefined index: isdeliver /Volumes/FILE/Web/AppShopService/Application/Runtime/Cache/Admin/b595b808c2ebeeeb0478ffc30bb4e87a.php 第 395 行.
NOTIC: [8] Undefined index: isaccess /Volumes/FILE/Web/AppShopService/Application/Runtime/Cache/Admin/b595b808c2ebeeeb0478ffc30bb4e87a.php 第 398 行.
NOTIC: [8] Undefined index: isaccess /Volumes/FILE/Web/AppShopService/Application/Runtime/Cache/Admin/b595b808c2ebeeeb0478ffc30bb4e87a.php 第 400 行.
NOTIC: [8] Undefined index: ispay /Volumes/FILE/Web/AppShopService/Application/Runtime/Cache/Admin/b595b808c2ebeeeb0478ffc30bb4e87a.php 第 388 行.
NOTIC: [8] Undefined index: ispay /Volumes/FILE/Web/AppShopService/Application/Runtime/Cache/Admin/b595b808c2ebeeeb0478ffc30bb4e87a.php 第 390 行.
NOTIC: [8] Undefined index: isdeliver /Volumes/FILE/Web/AppShopService/Application/Runtime/Cache/Admin/b595b808c2ebeeeb0478ffc30bb4e87a.php 第 393 行.
NOTIC: [8] Undefined index: isdeliver /Volumes/FILE/Web/AppShopService/Application/Runtime/Cache/Admin/b595b808c2ebeeeb0478ffc30bb4e87a.php 第 395 行.
NOTIC: [8] Undefined index: isaccess /Volumes/FILE/Web/AppShopService/Application/Runtime/Cache/Admin/b595b808c2ebeeeb0478ffc30bb4e87a.php 第 398 行.
NOTIC: [8] Undefined index: isaccess /Volumes/FILE/Web/AppShopService/Application/Runtime/Cache/Admin/b595b808c2ebeeeb0478ffc30bb4e87a.php 第 400 行.
INFO: Run Behavior\ParseTemplateBehavior [ RunTime:0.020173s ]
INFO: [ view_parse ] --END-- [ RunTime:0.020213s ]
INFO: [ view_filter ] --START--
INFO: Run Behavior\WriteHtmlCacheBehavior [ RunTime:0.000121s ]
INFO: [ view_filter ] --END-- [ RunTime:0.000152s ]
INFO: [ app_end ] --START--
INFO: Run Behavior\ShowPageTraceBehavior [ RunTime:0.000404s ]
INFO: [ app_end ] --END-- [ RunTime:0.000454s ]

[ 2016-06-10T22:28:18+08:00 ] ::1 /AppShopService/index.php/Admin/Index/index/tab/6.html
INFO: [ app_init ] --START--
INFO: Run Behavior\BuildLiteBehavior [ RunTime:0.000011s ]
INFO: [ app_init ] --END-- [ RunTime:0.000237s ]
INFO: [ app_begin ] --START--
INFO: Run Behavior\ReadHtmlCacheBehavior [ RunTime:0.000304s ]
INFO: [ app_begin ] --END-- [ RunTime:0.000341s ]
NOTIC: [8192] mysql_connect(): The mysql extension is deprecated and will be removed in the future: use mysqli or PDO instead /Volumes/FILE/Web/AppShopService/ThinkPHP/Library/Think/Db/Driver/Mysql.class.php 第 52 行.
SQL: SHOW COLUMNS FROM `banner` [ RunTime:0.000507s ]
SQL: SELECT * FROM `banner`  [ RunTime:0.000232s ]
SQL: SHOW COLUMNS FROM `product` [ RunTime:0.000478s ]
SQL: SELECT * FROM `product` ORDER BY type asc  [ RunTime:0.000339s ]
SQL: SHOW COLUMNS FROM `user` [ RunTime:0.000397s ]
SQL: SELECT * FROM `user`  [ RunTime:0.000207s ]
SQL: SHOW COLUMNS FROM `buy` [ RunTime:0.000387s ]
SQL: SELECT * FROM `buy` INNER JOIN  user on buy.uid = user.id INNER JOIN product on buy.pid = product.id   [ RunTime:0.000358s ]
SQL: SHOW COLUMNS FROM `buy` [ RunTime:0.000354s ]
SQL: SELECT `id` FROM `buy`  [ RunTime:0.000161s ]
INFO: [ view_parse ] --START--
INFO: [ template_filter ] --START--
INFO: Run Behavior\ContentReplaceBehavior [ RunTime:0.000069s ]
INFO: [ template_filter ] --END-- [ RunTime:0.000124s ]
NOTIC: [8] Undefined variable: show /Volumes/FILE/Web/AppShopService/Application/Runtime/Cache/Admin/b595b808c2ebeeeb0478ffc30bb4e87a.php 第 130 行.
NOTIC: [8] Undefined index: username /Volumes/FILE/Web/AppShopService/Application/Runtime/Cache/Admin/b595b808c2ebeeeb0478ffc30bb4e87a.php 第 321 行.
NOTIC: [8] Undefined index: logintime /Volumes/FILE/Web/AppShopService/Application/Runtime/Cache/Admin/b595b808c2ebeeeb0478ffc30bb4e87a.php 第 323 行.
NOTIC: [8] Undefined index: username /Volumes/FILE/Web/AppShopService/Application/Runtime/Cache/Admin/b595b808c2ebeeeb0478ffc30bb4e87a.php 第 321 行.
NOTIC: [8] Undefined index: logintime /Volumes/FILE/Web/AppShopService/Application/Runtime/Cache/Admin/b595b808c2ebeeeb0478ffc30bb4e87a.php 第 323 行.
NOTIC: [8] Undefined index: username /Volumes/FILE/Web/AppShopService/Application/Runtime/Cache/Admin/b595b808c2ebeeeb0478ffc30bb4e87a.php 第 321 行.
NOTIC: [8] Undefined index: logintime /Volumes/FILE/Web/AppShopService/Application/Runtime/Cache/Admin/b595b808c2ebeeeb0478ffc30bb4e87a.php 第 323 行.
NOTIC: [8] Undefined index: username /Volumes/FILE/Web/AppShopService/Application/Runtime/Cache/Admin/b595b808c2ebeeeb0478ffc30bb4e87a.php 第 321 行.
NOTIC: [8] Undefined index: logintime /Volumes/FILE/Web/AppShopService/Application/Runtime/Cache/Admin/b595b808c2ebeeeb0478ffc30bb4e87a.php 第 323 行.
NOTIC: [8] Undefined index: ispay /Volumes/FILE/Web/AppShopService/Application/Runtime/Cache/Admin/b595b808c2ebeeeb0478ffc30bb4e87a.php 第 388 行.
NOTIC: [8] Undefined index: ispay /Volumes/FILE/Web/AppShopService/Application/Runtime/Cache/Admin/b595b808c2ebeeeb0478ffc30bb4e87a.php 第 390 行.
NOTIC: [8] Undefined index: isdeliver /Volumes/FILE/Web/AppShopService/Application/Runtime/Cache/Admin/b595b808c2ebeeeb0478ffc30bb4e87a.php 第 393 行.
NOTIC: [8] Undefined index: isdeliver /Volumes/FILE/Web/AppShopService/Application/Runtime/Cache/Admin/b595b808c2ebeeeb0478ffc30bb4e87a.php 第 395 行.
NOTIC: [8] Undefined index: isaccess /Volumes/FILE/Web/AppShopService/Application/Runtime/Cache/Admin/b595b808c2ebeeeb0478ffc30bb4e87a.php 第 398 行.
NOTIC: [8] Undefined index: isaccess /Volumes/FILE/Web/AppShopService/Application/Runtime/Cache/Admin/b595b808c2ebeeeb0478ffc30bb4e87a.php 第 400 行.
NOTIC: [8] Undefined index: ispay /Volumes/FILE/Web/AppShopService/Application/Runtime/Cache/Admin/b595b808c2ebeeeb0478ffc30bb4e87a.php 第 388 行.
NOTIC: [8] Undefined index: ispay /Volumes/FILE/Web/AppShopService/Application/Runtime/Cache/Admin/b595b808c2ebeeeb0478ffc30bb4e87a.php 第 390 行.
NOTIC: [8] Undefined index: isdeliver /Volumes/FILE/Web/AppShopService/Application/Runtime/Cache/Admin/b595b808c2ebeeeb0478ffc30bb4e87a.php 第 393 行.
NOTIC: [8] Undefined index: isdeliver /Volumes/FILE/Web/AppShopService/Application/Runtime/Cache/Admin/b595b808c2ebeeeb0478ffc30bb4e87a.php 第 395 行.
NOTIC: [8] Undefined index: isaccess /Volumes/FILE/Web/AppShopService/Application/Runtime/Cache/Admin/b595b808c2ebeeeb0478ffc30bb4e87a.php 第 398 行.
NOTIC: [8] Undefined index: isaccess /Volumes/FILE/Web/AppShopService/Application/Runtime/Cache/Admin/b595b808c2ebeeeb0478ffc30bb4e87a.php 第 400 行.
NOTIC: [8] Undefined index: ispay /Volumes/FILE/Web/AppShopService/Application/Runtime/Cache/Admin/b595b808c2ebeeeb0478ffc30bb4e87a.php 第 388 行.
NOTIC: [8] Undefined index: ispay /Volumes/FILE/Web/AppShopService/Application/Runtime/Cache/Admin/b595b808c2ebeeeb0478ffc30bb4e87a.php 第 390 行.
NOTIC: [8] Undefined index: isdeliver /Volumes/FILE/Web/AppShopService/Application/Runtime/Cache/Admin/b595b808c2ebeeeb0478ffc30bb4e87a.php 第 393 行.
NOTIC: [8] Undefined index: isdeliver /Volumes/FILE/Web/AppShopService/Application/Runtime/Cache/Admin/b595b808c2ebeeeb0478ffc30bb4e87a.php 第 395 行.
NOTIC: [8] Undefined index: isaccess /Volumes/FILE/Web/AppShopService/Application/Runtime/Cache/Admin/b595b808c2ebeeeb0478ffc30bb4e87a.php 第 398 行.
NOTIC: [8] Undefined index: isaccess /Volumes/FILE/Web/AppShopService/Application/Runtime/Cache/Admin/b595b808c2ebeeeb0478ffc30bb4e87a.php 第 400 行.
NOTIC: [8] Undefined index: ispay /Volumes/FILE/Web/AppShopService/Application/Runtime/Cache/Admin/b595b808c2ebeeeb0478ffc30bb4e87a.php 第 388 行.
NOTIC: [8] Undefined index: ispay /Volumes/FILE/Web/AppShopService/Application/Runtime/Cache/Admin/b595b808c2ebeeeb0478ffc30bb4e87a.php 第 390 行.
NOTIC: [8] Undefined index: isdeliver /Volumes/FILE/Web/AppShopService/Application/Runtime/Cache/Admin/b595b808c2ebeeeb0478ffc30bb4e87a.php 第 393 行.
NOTIC: [8] Undefined index: isdeliver /Volumes/FILE/Web/AppShopService/Application/Runtime/Cache/Admin/b595b808c2ebeeeb0478ffc30bb4e87a.php 第 395 行.
NOTIC: [8] Undefined index: isaccess /Volumes/FILE/Web/AppShopService/Application/Runtime/Cache/Admin/b595b808c2ebeeeb0478ffc30bb4e87a.php 第 398 行.
NOTIC: [8] Undefined index: isaccess /Volumes/FILE/Web/AppShopService/Application/Runtime/Cache/Admin/b595b808c2ebeeeb0478ffc30bb4e87a.php 第 400 行.
INFO: Run Behavior\ParseTemplateBehavior [ RunTime:0.019764s ]
INFO: [ view_parse ] --END-- [ RunTime:0.019803s ]
INFO: [ view_filter ] --START--
INFO: Run Behavior\WriteHtmlCacheBehavior [ RunTime:0.000125s ]
INFO: [ view_filter ] --END-- [ RunTime:0.000158s ]
INFO: [ app_end ] --START--
INFO: Run Behavior\ShowPageTraceBehavior [ RunTime:0.000404s ]
INFO: [ app_end ] --END-- [ RunTime:0.000457s ]

[ 2016-06-10T22:28:18+08:00 ] ::1 /AppShopService/index.php/Admin/Index/index/tab/6.html
INFO: [ app_init ] --START--
INFO: Run Behavior\BuildLiteBehavior [ RunTime:0.000012s ]
INFO: [ app_init ] --END-- [ RunTime:0.000253s ]
INFO: [ app_begin ] --START--
INFO: Run Behavior\ReadHtmlCacheBehavior [ RunTime:0.000327s ]
INFO: [ app_begin ] --END-- [ RunTime:0.000368s ]
NOTIC: [8192] mysql_connect(): The mysql extension is deprecated and will be removed in the future: use mysqli or PDO instead /Volumes/FILE/Web/AppShopService/ThinkPHP/Library/Think/Db/Driver/Mysql.class.php 第 52 行.
SQL: SHOW COLUMNS FROM `banner` [ RunTime:0.000525s ]
SQL: SELECT * FROM `banner`  [ RunTime:0.000233s ]
SQL: SHOW COLUMNS FROM `product` [ RunTime:0.000442s ]
SQL: SELECT * FROM `product` ORDER BY type asc  [ RunTime:0.000329s ]
SQL: SHOW COLUMNS FROM `user` [ RunTime:0.000431s ]
SQL: SELECT * FROM `user`  [ RunTime:0.000214s ]
SQL: SHOW COLUMNS FROM `buy` [ RunTime:0.000418s ]
SQL: SELECT * FROM `buy` INNER JOIN  user on buy.uid = user.id INNER JOIN product on buy.pid = product.id   [ RunTime:0.000365s ]
SQL: SHOW COLUMNS FROM `buy` [ RunTime:0.000387s ]
SQL: SELECT `id` FROM `buy`  [ RunTime:0.000182s ]
INFO: [ view_parse ] --START--
INFO: [ template_filter ] --START--
INFO: Run Behavior\ContentReplaceBehavior [ RunTime:0.000067s ]
INFO: [ template_filter ] --END-- [ RunTime:0.000113s ]
NOTIC: [8] Undefined variable: show /Volumes/FILE/Web/AppShopService/Application/Runtime/Cache/Admin/b595b808c2ebeeeb0478ffc30bb4e87a.php 第 130 行.
NOTIC: [8] Undefined index: username /Volumes/FILE/Web/AppShopService/Application/Runtime/Cache/Admin/b595b808c2ebeeeb0478ffc30bb4e87a.php 第 321 行.
NOTIC: [8] Undefined index: logintime /Volumes/FILE/Web/AppShopService/Application/Runtime/Cache/Admin/b595b808c2ebeeeb0478ffc30bb4e87a.php 第 323 行.
NOTIC: [8] Undefined index: username /Volumes/FILE/Web/AppShopService/Application/Runtime/Cache/Admin/b595b808c2ebeeeb0478ffc30bb4e87a.php 第 321 行.
NOTIC: [8] Undefined index: logintime /Volumes/FILE/Web/AppShopService/Application/Runtime/Cache/Admin/b595b808c2ebeeeb0478ffc30bb4e87a.php 第 323 行.
NOTIC: [8] Undefined index: username /Volumes/FILE/Web/AppShopService/Application/Runtime/Cache/Admin/b595b808c2ebeeeb0478ffc30bb4e87a.php 第 321 行.
NOTIC: [8] Undefined index: logintime /Volumes/FILE/Web/AppShopService/Application/Runtime/Cache/Admin/b595b808c2ebeeeb0478ffc30bb4e87a.php 第 323 行.
NOTIC: [8] Undefined index: username /Volumes/FILE/Web/AppShopService/Application/Runtime/Cache/Admin/b595b808c2ebeeeb0478ffc30bb4e87a.php 第 321 行.
NOTIC: [8] Undefined index: logintime /Volumes/FILE/Web/AppShopService/Application/Runtime/Cache/Admin/b595b808c2ebeeeb0478ffc30bb4e87a.php 第 323 行.
NOTIC: [8] Undefined index: ispay /Volumes/FILE/Web/AppShopService/Application/Runtime/Cache/Admin/b595b808c2ebeeeb0478ffc30bb4e87a.php 第 388 行.
NOTIC: [8] Undefined index: ispay /Volumes/FILE/Web/AppShopService/Application/Runtime/Cache/Admin/b595b808c2ebeeeb0478ffc30bb4e87a.php 第 390 行.
NOTIC: [8] Undefined index: isdeliver /Volumes/FILE/Web/AppShopService/Application/Runtime/Cache/Admin/b595b808c2ebeeeb0478ffc30bb4e87a.php 第 393 行.
NOTIC: [8] Undefined index: isdeliver /Volumes/FILE/Web/AppShopService/Application/Runtime/Cache/Admin/b595b808c2ebeeeb0478ffc30bb4e87a.php 第 395 行.
NOTIC: [8] Undefined index: isaccess /Volumes/FILE/Web/AppShopService/Application/Runtime/Cache/Admin/b595b808c2ebeeeb0478ffc30bb4e87a.php 第 398 行.
NOTIC: [8] Undefined index: isaccess /Volumes/FILE/Web/AppShopService/Application/Runtime/Cache/Admin/b595b808c2ebeeeb0478ffc30bb4e87a.php 第 400 行.
NOTIC: [8] Undefined index: ispay /Volumes/FILE/Web/AppShopService/Application/Runtime/Cache/Admin/b595b808c2ebeeeb0478ffc30bb4e87a.php 第 388 行.
NOTIC: [8] Undefined index: ispay /Volumes/FILE/Web/AppShopService/Application/Runtime/Cache/Admin/b595b808c2ebeeeb0478ffc30bb4e87a.php 第 390 行.
NOTIC: [8] Undefined index: isdeliver /Volumes/FILE/Web/AppShopService/Application/Runtime/Cache/Admin/b595b808c2ebeeeb0478ffc30bb4e87a.php 第 393 行.
NOTIC: [8] Undefined index: isdeliver /Volumes/FILE/Web/AppShopService/Application/Runtime/Cache/Admin/b595b808c2ebeeeb0478ffc30bb4e87a.php 第 395 行.
NOTIC: [8] Undefined index: isaccess /Volumes/FILE/Web/AppShopService/Application/Runtime/Cache/Admin/b595b808c2ebeeeb0478ffc30bb4e87a.php 第 398 行.
NOTIC: [8] Undefined index: isaccess /Volumes/FILE/Web/AppShopService/Application/Runtime/Cache/Admin/b595b808c2ebeeeb0478ffc30bb4e87a.php 第 400 行.
NOTIC: [8] Undefined index: ispay /Volumes/FILE/Web/AppShopService/Application/Runtime/Cache/Admin/b595b808c2ebeeeb0478ffc30bb4e87a.php 第 388 行.
NOTIC: [8] Undefined index: ispay /Volumes/FILE/Web/AppShopService/Application/Runtime/Cache/Admin/b595b808c2ebeeeb0478ffc30bb4e87a.php 第 390 行.
NOTIC: [8] Undefined index: isdeliver /Volumes/FILE/Web/AppShopService/Application/Runtime/Cache/Admin/b595b808c2ebeeeb0478ffc30bb4e87a.php 第 393 行.
NOTIC: [8] Undefined index: isdeliver /Volumes/FILE/Web/AppShopService/Application/Runtime/Cache/Admin/b595b808c2ebeeeb0478ffc30bb4e87a.php 第 395 行.
NOTIC: [8] Undefined index: isaccess /Volumes/FILE/Web/AppShopService/Application/Runtime/Cache/Admin/b595b808c2ebeeeb0478ffc30bb4e87a.php 第 398 行.
NOTIC: [8] Undefined index: isaccess /Volumes/FILE/Web/AppShopService/Application/Runtime/Cache/Admin/b595b808c2ebeeeb0478ffc30bb4e87a.php 第 400 行.
NOTIC: [8] Undefined index: ispay /Volumes/FILE/Web/AppShopService/Application/Runtime/Cache/Admin/b595b808c2ebeeeb0478ffc30bb4e87a.php 第 388 行.
NOTIC: [8] Undefined index: ispay /Volumes/FILE/Web/AppShopService/Application/Runtime/Cache/Admin/b595b808c2ebeeeb0478ffc30bb4e87a.php 第 390 行.
NOTIC: [8] Undefined index: isdeliver /Volumes/FILE/Web/AppShopService/Application/Runtime/Cache/Admin/b595b808c2ebeeeb0478ffc30bb4e87a.php 第 393 行.
NOTIC: [8] Undefined index: isdeliver /Volumes/FILE/Web/AppShopService/Application/Runtime/Cache/Admin/b595b808c2ebeeeb0478ffc30bb4e87a.php 第 395 行.
NOTIC: [8] Undefined index: isaccess /Volumes/FILE/Web/AppShopService/Application/Runtime/Cache/Admin/b595b808c2ebeeeb0478ffc30bb4e87a.php 第 398 行.
NOTIC: [8] Undefined index: isaccess /Volumes/FILE/Web/AppShopService/Application/Runtime/Cache/Admin/b595b808c2ebeeeb0478ffc30bb4e87a.php 第 400 行.
INFO: Run Behavior\ParseTemplateBehavior [ RunTime:0.019803s ]
INFO: [ view_parse ] --END-- [ RunTime:0.019846s ]
INFO: [ view_filter ] --START--
INFO: Run Behavior\WriteHtmlCacheBehavior [ RunTime:0.000123s ]
INFO: [ view_filter ] --END-- [ RunTime:0.000155s ]
INFO: [ app_end ] --START--
INFO: Run Behavior\ShowPageTraceBehavior [ RunTime:0.000391s ]
INFO: [ app_end ] --END-- [ RunTime:0.000466s ]

[ 2016-06-10T22:28:33+08:00 ] ::1 /AppShopService/index.php/Admin/Index/index/tab/6.html
INFO: [ app_init ] --START--
INFO: Run Behavior\BuildLiteBehavior [ RunTime:0.000011s ]
INFO: [ app_init ] --END-- [ RunTime:0.000239s ]
INFO: [ app_begin ] --START--
INFO: Run Behavior\ReadHtmlCacheBehavior [ RunTime:0.000311s ]
INFO: [ app_begin ] --END-- [ RunTime:0.000348s ]
NOTIC: [8192] mysql_connect(): The mysql extension is deprecated and will be removed in the future: use mysqli or PDO instead /Volumes/FILE/Web/AppShopService/ThinkPHP/Library/Think/Db/Driver/Mysql.class.php 第 52 行.
SQL: SHOW COLUMNS FROM `banner` [ RunTime:0.000567s ]
SQL: SELECT * FROM `banner`  [ RunTime:0.000250s ]
SQL: SHOW COLUMNS FROM `product` [ RunTime:0.000449s ]
SQL: SELECT * FROM `product` ORDER BY type asc  [ RunTime:0.003252s ]
SQL: SHOW COLUMNS FROM `user` [ RunTime:0.000436s ]
SQL: SELECT * FROM `user`  [ RunTime:0.000213s ]
SQL: SHOW COLUMNS FROM `buy` [ RunTime:0.000402s ]
SQL: SELECT * FROM `buy` INNER JOIN  user on buy.uid = user.id INNER JOIN product on buy.pid = product.id   [ RunTime:0.000401s ]
SQL: SHOW COLUMNS FROM `buy` [ RunTime:0.000376s ]
SQL: SELECT `id` FROM `buy`  [ RunTime:0.000171s ]
INFO: [ view_parse ] --START--
INFO: [ template_filter ] --START--
INFO: Run Behavior\ContentReplaceBehavior [ RunTime:0.000068s ]
INFO: [ template_filter ] --END-- [ RunTime:0.000118s ]
NOTIC: [8] Undefined variable: show /Volumes/FILE/Web/AppShopService/Application/Runtime/Cache/Admin/b595b808c2ebeeeb0478ffc30bb4e87a.php 第 130 行.
NOTIC: [8] Undefined index: username /Volumes/FILE/Web/AppShopService/Application/Runtime/Cache/Admin/b595b808c2ebeeeb0478ffc30bb4e87a.php 第 321 行.
NOTIC: [8] Undefined index: logintime /Volumes/FILE/Web/AppShopService/Application/Runtime/Cache/Admin/b595b808c2ebeeeb0478ffc30bb4e87a.php 第 323 行.
NOTIC: [8] Undefined index: username /Volumes/FILE/Web/AppShopService/Application/Runtime/Cache/Admin/b595b808c2ebeeeb0478ffc30bb4e87a.php 第 321 行.
NOTIC: [8] Undefined index: logintime /Volumes/FILE/Web/AppShopService/Application/Runtime/Cache/Admin/b595b808c2ebeeeb0478ffc30bb4e87a.php 第 323 行.
NOTIC: [8] Undefined index: username /Volumes/FILE/Web/AppShopService/Application/Runtime/Cache/Admin/b595b808c2ebeeeb0478ffc30bb4e87a.php 第 321 行.
NOTIC: [8] Undefined index: logintime /Volumes/FILE/Web/AppShopService/Application/Runtime/Cache/Admin/b595b808c2ebeeeb0478ffc30bb4e87a.php 第 323 行.
NOTIC: [8] Undefined index: username /Volumes/FILE/Web/AppShopService/Application/Runtime/Cache/Admin/b595b808c2ebeeeb0478ffc30bb4e87a.php 第 321 行.
NOTIC: [8] Undefined index: logintime /Volumes/FILE/Web/AppShopService/Application/Runtime/Cache/Admin/b595b808c2ebeeeb0478ffc30bb4e87a.php 第 323 行.
NOTIC: [8] Undefined index: ispay /Volumes/FILE/Web/AppShopService/Application/Runtime/Cache/Admin/b595b808c2ebeeeb0478ffc30bb4e87a.php 第 387 行.
NOTIC: [8] Undefined index: ispay /Volumes/FILE/Web/AppShopService/Application/Runtime/Cache/Admin/b595b808c2ebeeeb0478ffc30bb4e87a.php 第 389 行.
NOTIC: [8] Undefined index: isdeliver /Volumes/FILE/Web/AppShopService/Application/Runtime/Cache/Admin/b595b808c2ebeeeb0478ffc30bb4e87a.php 第 392 行.
NOTIC: [8] Undefined index: isdeliver /Volumes/FILE/Web/AppShopService/Application/Runtime/Cache/Admin/b595b808c2ebeeeb0478ffc30bb4e87a.php 第 394 行.
NOTIC: [8] Undefined index: isaccess /Volumes/FILE/Web/AppShopService/Application/Runtime/Cache/Admin/b595b808c2ebeeeb0478ffc30bb4e87a.php 第 397 行.
NOTIC: [8] Undefined index: isaccess /Volumes/FILE/Web/AppShopService/Application/Runtime/Cache/Admin/b595b808c2ebeeeb0478ffc30bb4e87a.php 第 399 行.
NOTIC: [8] Undefined index: ispay /Volumes/FILE/Web/AppShopService/Application/Runtime/Cache/Admin/b595b808c2ebeeeb0478ffc30bb4e87a.php 第 387 行.
NOTIC: [8] Undefined index: ispay /Volumes/FILE/Web/AppShopService/Application/Runtime/Cache/Admin/b595b808c2ebeeeb0478ffc30bb4e87a.php 第 389 行.
NOTIC: [8] Undefined index: isdeliver /Volumes/FILE/Web/AppShopService/Application/Runtime/Cache/Admin/b595b808c2ebeeeb0478ffc30bb4e87a.php 第 392 行.
NOTIC: [8] Undefined index: isdeliver /Volumes/FILE/Web/AppShopService/Application/Runtime/Cache/Admin/b595b808c2ebeeeb0478ffc30bb4e87a.php 第 394 行.
NOTIC: [8] Undefined index: isaccess /Volumes/FILE/Web/AppShopService/Application/Runtime/Cache/Admin/b595b808c2ebeeeb0478ffc30bb4e87a.php 第 397 行.
NOTIC: [8] Undefined index: isaccess /Volumes/FILE/Web/AppShopService/Application/Runtime/Cache/Admin/b595b808c2ebeeeb0478ffc30bb4e87a.php 第 399 行.
NOTIC: [8] Undefined index: ispay /Volumes/FILE/Web/AppShopService/Application/Runtime/Cache/Admin/b595b808c2ebeeeb0478ffc30bb4e87a.php 第 387 行.
NOTIC: [8] Undefined index: ispay /Volumes/FILE/Web/AppShopService/Application/Runtime/Cache/Admin/b595b808c2ebeeeb0478ffc30bb4e87a.php 第 389 行.
NOTIC: [8] Undefined index: isdeliver /Volumes/FILE/Web/AppShopService/Application/Runtime/Cache/Admin/b595b808c2ebeeeb0478ffc30bb4e87a.php 第 392 行.
NOTIC: [8] Undefined index: isdeliver /Volumes/FILE/Web/AppShopService/Application/Runtime/Cache/Admin/b595b808c2ebeeeb0478ffc30bb4e87a.php 第 394 行.
NOTIC: [8] Undefined index: isaccess /Volumes/FILE/Web/AppShopService/Application/Runtime/Cache/Admin/b595b808c2ebeeeb0478ffc30bb4e87a.php 第 397 行.
NOTIC: [8] Undefined index: isaccess /Volumes/FILE/Web/AppShopService/Application/Runtime/Cache/Admin/b595b808c2ebeeeb0478ffc30bb4e87a.php 第 399 行.
NOTIC: [8] Undefined index: ispay /Volumes/FILE/Web/AppShopService/Application/Runtime/Cache/Admin/b595b808c2ebeeeb0478ffc30bb4e87a.php 第 387 行.
NOTIC: [8] Undefined index: ispay /Volumes/FILE/Web/AppShopService/Application/Runtime/Cache/Admin/b595b808c2ebeeeb0478ffc30bb4e87a.php 第 389 行.
NOTIC: [8] Undefined index: isdeliver /Volumes/FILE/Web/AppShopService/Application/Runtime/Cache/Admin/b595b808c2ebeeeb0478ffc30bb4e87a.php 第 392 行.
NOTIC: [8] Undefined index: isdeliver /Volumes/FILE/Web/AppShopService/Application/Runtime/Cache/Admin/b595b808c2ebeeeb0478ffc30bb4e87a.php 第 394 行.
NOTIC: [8] Undefined index: isaccess /Volumes/FILE/Web/AppShopService/Application/Runtime/Cache/Admin/b595b808c2ebeeeb0478ffc30bb4e87a.php 第 397 行.
NOTIC: [8] Undefined index: isaccess /Volumes/FILE/Web/AppShopService/Application/Runtime/Cache/Admin/b595b808c2ebeeeb0478ffc30bb4e87a.php 第 399 行.
INFO: Run Behavior\ParseTemplateBehavior [ RunTime:0.020184s ]
INFO: [ view_parse ] --END-- [ RunTime:0.020224s ]
INFO: [ view_filter ] --START--
INFO: Run Behavior\WriteHtmlCacheBehavior [ RunTime:0.000124s ]
INFO: [ view_filter ] --END-- [ RunTime:0.000157s ]
INFO: [ app_end ] --START--
INFO: Run Behavior\ShowPageTraceBehavior [ RunTime:0.000410s ]
INFO: [ app_end ] --END-- [ RunTime:0.000464s ]

[ 2016-06-10T22:28:51+08:00 ] ::1 /AppShopService/index.php/Admin/Index/index/tab/5.html
INFO: [ app_init ] --START--
INFO: Run Behavior\BuildLiteBehavior [ RunTime:0.000018s ]
INFO: [ app_init ] --END-- [ RunTime:0.000362s ]
INFO: [ app_begin ] --START--
INFO: Run Behavior\ReadHtmlCacheBehavior [ RunTime:0.000383s ]
INFO: [ app_begin ] --END-- [ RunTime:0.000434s ]
NOTIC: [8192] mysql_connect(): The mysql extension is deprecated and will be removed in the future: use mysqli or PDO instead /Volumes/FILE/Web/AppShopService/ThinkPHP/Library/Think/Db/Driver/Mysql.class.php 第 52 行.
SQL: SHOW COLUMNS FROM `banner` [ RunTime:0.000541s ]
SQL: SELECT * FROM `banner`  [ RunTime:0.000236s ]
SQL: SHOW COLUMNS FROM `product` [ RunTime:0.000517s ]
SQL: SELECT * FROM `product` ORDER BY type asc  [ RunTime:0.000336s ]
SQL: SHOW COLUMNS FROM `user` [ RunTime:0.000480s ]
SQL: SELECT * FROM `user`  [ RunTime:0.000223s ]
SQL: SHOW COLUMNS FROM `buy` [ RunTime:0.000412s ]
SQL: SELECT * FROM `buy` INNER JOIN  user on buy.uid = user.id INNER JOIN product on buy.pid = product.id   [ RunTime:0.000380s ]
SQL: SHOW COLUMNS FROM `buy` [ RunTime:0.000364s ]
SQL: SELECT `id` FROM `buy`  [ RunTime:0.000174s ]
INFO: [ view_parse ] --START--
INFO: [ template_filter ] --START--
INFO: Run Behavior\ContentReplaceBehavior [ RunTime:0.000071s ]
INFO: [ template_filter ] --END-- [ RunTime:0.000122s ]
NOTIC: [8] Undefined variable: show /Volumes/FILE/Web/AppShopService/Application/Runtime/Cache/Admin/b595b808c2ebeeeb0478ffc30bb4e87a.php 第 130 行.
NOTIC: [8] Undefined index: username /Volumes/FILE/Web/AppShopService/Application/Runtime/Cache/Admin/b595b808c2ebeeeb0478ffc30bb4e87a.php 第 321 行.
NOTIC: [8] Undefined index: logintime /Volumes/FILE/Web/AppShopService/Application/Runtime/Cache/Admin/b595b808c2ebeeeb0478ffc30bb4e87a.php 第 323 行.
NOTIC: [8] Undefined index: username /Volumes/FILE/Web/AppShopService/Application/Runtime/Cache/Admin/b595b808c2ebeeeb0478ffc30bb4e87a.php 第 321 行.
NOTIC: [8] Undefined index: logintime /Volumes/FILE/Web/AppShopService/Application/Runtime/Cache/Admin/b595b808c2ebeeeb0478ffc30bb4e87a.php 第 323 行.
NOTIC: [8] Undefined index: username /Volumes/FILE/Web/AppShopService/Application/Runtime/Cache/Admin/b595b808c2ebeeeb0478ffc30bb4e87a.php 第 321 行.
NOTIC: [8] Undefined index: logintime /Volumes/FILE/Web/AppShopService/Application/Runtime/Cache/Admin/b595b808c2ebeeeb0478ffc30bb4e87a.php 第 323 行.
NOTIC: [8] Undefined index: username /Volumes/FILE/Web/AppShopService/Application/Runtime/Cache/Admin/b595b808c2ebeeeb0478ffc30bb4e87a.php 第 321 行.
NOTIC: [8] Undefined index: logintime /Volumes/FILE/Web/AppShopService/Application/Runtime/Cache/Admin/b595b808c2ebeeeb0478ffc30bb4e87a.php 第 323 行.
NOTIC: [8] Undefined index: ispay /Volumes/FILE/Web/AppShopService/Application/Runtime/Cache/Admin/b595b808c2ebeeeb0478ffc30bb4e87a.php 第 387 行.
NOTIC: [8] Undefined index: ispay /Volumes/FILE/Web/AppShopService/Application/Runtime/Cache/Admin/b595b808c2ebeeeb0478ffc30bb4e87a.php 第 389 行.
NOTIC: [8] Undefined index: isdeliver /Volumes/FILE/Web/AppShopService/Application/Runtime/Cache/Admin/b595b808c2ebeeeb0478ffc30bb4e87a.php 第 392 行.
NOTIC: [8] Undefined index: isdeliver /Volumes/FILE/Web/AppShopService/Application/Runtime/Cache/Admin/b595b808c2ebeeeb0478ffc30bb4e87a.php 第 394 行.
NOTIC: [8] Undefined index: isaccess /Volumes/FILE/Web/AppShopService/Application/Runtime/Cache/Admin/b595b808c2ebeeeb0478ffc30bb4e87a.php 第 397 行.
NOTIC: [8] Undefined index: isaccess /Volumes/FILE/Web/AppShopService/Application/Runtime/Cache/Admin/b595b808c2ebeeeb0478ffc30bb4e87a.php 第 399 行.
NOTIC: [8] Undefined index: ispay /Volumes/FILE/Web/AppShopService/Application/Runtime/Cache/Admin/b595b808c2ebeeeb0478ffc30bb4e87a.php 第 387 行.
NOTIC: [8] Undefined index: ispay /Volumes/FILE/Web/AppShopService/Application/Runtime/Cache/Admin/b595b808c2ebeeeb0478ffc30bb4e87a.php 第 389 行.
NOTIC: [8] Undefined index: isdeliver /Volumes/FILE/Web/AppShopService/Application/Runtime/Cache/Admin/b595b808c2ebeeeb0478ffc30bb4e87a.php 第 392 行.
NOTIC: [8] Undefined index: isdeliver /Volumes/FILE/Web/AppShopService/Application/Runtime/Cache/Admin/b595b808c2ebeeeb0478ffc30bb4e87a.php 第 394 行.
NOTIC: [8] Undefined index: isaccess /Volumes/FILE/Web/AppShopService/Application/Runtime/Cache/Admin/b595b808c2ebeeeb0478ffc30bb4e87a.php 第 397 行.
NOTIC: [8] Undefined index: isaccess /Volumes/FILE/Web/AppShopService/Application/Runtime/Cache/Admin/b595b808c2ebeeeb0478ffc30bb4e87a.php 第 399 行.
NOTIC: [8] Undefined index: ispay /Volumes/FILE/Web/AppShopService/Application/Runtime/Cache/Admin/b595b808c2ebeeeb0478ffc30bb4e87a.php 第 387 行.
NOTIC: [8] Undefined index: ispay /Volumes/FILE/Web/AppShopService/Application/Runtime/Cache/Admin/b595b808c2ebeeeb0478ffc30bb4e87a.php 第 389 行.
NOTIC: [8] Undefined index: isdeliver /Volumes/FILE/Web/AppShopService/Application/Runtime/Cache/Admin/b595b808c2ebeeeb0478ffc30bb4e87a.php 第 392 行.
NOTIC: [8] Undefined index: isdeliver /Volumes/FILE/Web/AppShopService/Application/Runtime/Cache/Admin/b595b808c2ebeeeb0478ffc30bb4e87a.php 第 394 行.
NOTIC: [8] Undefined index: isaccess /Volumes/FILE/Web/AppShopService/Application/Runtime/Cache/Admin/b595b808c2ebeeeb0478ffc30bb4e87a.php 第 397 行.
NOTIC: [8] Undefined index: isaccess /Volumes/FILE/Web/AppShopService/Application/Runtime/Cache/Admin/b595b808c2ebeeeb0478ffc30bb4e87a.php 第 399 行.
NOTIC: [8] Undefined index: ispay /Volumes/FILE/Web/AppShopService/Application/Runtime/Cache/Admin/b595b808c2ebeeeb0478ffc30bb4e87a.php 第 387 行.
NOTIC: [8] Undefined index: ispay /Volumes/FILE/Web/AppShopService/Application/Runtime/Cache/Admin/b595b808c2ebeeeb0478ffc30bb4e87a.php 第 389 行.
NOTIC: [8] Undefined index: isdeliver /Volumes/FILE/Web/AppShopService/Application/Runtime/Cache/Admin/b595b808c2ebeeeb0478ffc30bb4e87a.php 第 392 行.
NOTIC: [8] Undefined index: isdeliver /Volumes/FILE/Web/AppShopService/Application/Runtime/Cache/Admin/b595b808c2ebeeeb0478ffc30bb4e87a.php 第 394 行.
NOTIC: [8] Undefined index: isaccess /Volumes/FILE/Web/AppShopService/Application/Runtime/Cache/Admin/b595b808c2ebeeeb0478ffc30bb4e87a.php 第 397 行.
NOTIC: [8] Undefined index: isaccess /Volumes/FILE/Web/AppShopService/Application/Runtime/Cache/Admin/b595b808c2ebeeeb0478ffc30bb4e87a.php 第 399 行.
INFO: Run Behavior\ParseTemplateBehavior [ RunTime:0.021436s ]
INFO: [ view_parse ] --END-- [ RunTime:0.021482s ]
INFO: [ view_filter ] --START--
INFO: Run Behavior\WriteHtmlCacheBehavior [ RunTime:0.000118s ]
INFO: [ view_filter ] --END-- [ RunTime:0.000150s ]
INFO: [ app_end ] --START--
INFO: Run Behavior\ShowPageTraceBehavior [ RunTime:0.000444s ]
INFO: [ app_end ] --END-- [ RunTime:0.000496s ]

